I1204 04:08:12.639171 1969066752 caffe.cpp:177] Use CPU.
I1204 04:08:12.952091 1969066752 solver.cpp:47] Initializing solver from parameters: 
test_iter: 1
test_interval: 1
base_lr: 0.001
display: 1
max_iter: 300
lr_policy: "step"
gamma: 1e-05
momentum: 0.9
weight_decay: 0.0005
stepsize: 10
snapshot: 5
snapshot_prefix: "weights"
solver_mode: CPU
net: "/Users/JonathanLee/Desktop/sandbox/vision/Net/nets/net8/trainer8.prototxt"
I1204 04:08:12.952746 1969066752 solver.cpp:90] Creating training net from net file: /Users/JonathanLee/Desktop/sandbox/vision/Net/nets/net8/trainer8.prototxt
I1204 04:08:12.953238 1969066752 net.cpp:322] The NetState phase (0) differed from the phase (1) specified by a rule in layer data
I1204 04:08:12.953268 1969066752 net.cpp:49] Initializing net from parameters: 
name: "net"
state {
  phase: TRAIN
}
layer {
  name: "data"
  type: "HDF5Data"
  top: "data"
  top: "labels"
  include {
    phase: TRAIN
  }
  hdf5_data_param {
    source: "/Users/JonathanLee/Desktop/sandbox/vision/Net/hdf/train_hdf.txt"
    batch_size: 450
  }
}
layer {
  name: "conv1"
  type: "Convolution"
  bottom: "data"
  top: "conv1"
  param {
    lr_mult: 1
    decay_mult: 1
  }
  param {
    lr_mult: 2
    decay_mult: 0
  }
  convolution_param {
    num_output: 16
    kernel_size: 11
    stride: 1
    weight_filler {
      type: "xavier"
    }
    bias_filler {
      type: "constant"
      value: 0
    }
  }
}
layer {
  name: "tanhConv1"
  type: "TanH"
  bottom: "conv1"
  top: "conv1"
}
layer {
  name: "conv2"
  type: "Convolution"
  bottom: "conv1"
  top: "conv2"
  param {
    lr_mult: 1
    decay_mult: 1
  }
  param {
    lr_mult: 2
    decay_mult: 0
  }
  convolution_param {
    num_output: 16
    kernel_size: 11
    stride: 2
    weight_filler {
      type: "xavier"
    }
    bias_filler {
      type: "constant"
      value: 0
    }
  }
}
layer {
  name: "tanhConv2"
  type: "TanH"
  bottom: "conv2"
  top: "conv2"
}
layer {
  name: "fc1"
  type: "InnerProduct"
  bottom: "conv2"
  top: "fc1"
  param {
    lr_mult: 1
    decay_mult: 1
  }
  param {
    lr_mult: 2
    decay_mult: 0
  }
  inner_product_param {
    num_output: 4
    weight_filler {
      type: "xavier"
    }
    bias_filler {
      type: "constant"
      value: 0
    }
  }
}
layer {
  name: "out"
  type: "TanH"
  bottom: "fc1"
  top: "out"
}
layer {
  name: "loss"
  type: "EuclideanLoss"
  bottom: "out"
  bottom: "labels"
  top: "loss"
}
I1204 04:08:12.953506 1969066752 layer_factory.hpp:76] Creating layer data
I1204 04:08:12.953554 1969066752 net.cpp:106] Creating Layer data
I1204 04:08:12.953572 1969066752 net.cpp:411] data -> data
I1204 04:08:12.953603 1969066752 net.cpp:411] data -> labels
I1204 04:08:12.953636 1969066752 hdf5_data_layer.cpp:79] Loading list of HDF5 filenames from: /Users/JonathanLee/Desktop/sandbox/vision/Net/hdf/train_hdf.txt
I1204 04:08:12.953706 1969066752 hdf5_data_layer.cpp:93] Number of HDF5 files: 1
I1204 04:08:12.954818 1969066752 hdf5.cpp:32] Datatype class: H5T_FLOAT
I1204 04:08:13.223311 1969066752 net.cpp:150] Setting up data
I1204 04:08:13.223336 1969066752 net.cpp:157] Top shape: 450 3 125 125 (21093750)
I1204 04:08:13.223346 1969066752 net.cpp:157] Top shape: 450 4 (1800)
I1204 04:08:13.223351 1969066752 net.cpp:165] Memory required for data: 84382200
I1204 04:08:13.223359 1969066752 layer_factory.hpp:76] Creating layer conv1
I1204 04:08:13.223387 1969066752 net.cpp:106] Creating Layer conv1
I1204 04:08:13.223407 1969066752 net.cpp:454] conv1 <- data
I1204 04:08:13.223423 1969066752 net.cpp:411] conv1 -> conv1
I1204 04:08:13.229605 1969066752 net.cpp:150] Setting up conv1
I1204 04:08:13.229622 1969066752 net.cpp:157] Top shape: 450 16 115 115 (95220000)
I1204 04:08:13.229629 1969066752 net.cpp:165] Memory required for data: 465262200
I1204 04:08:13.229640 1969066752 layer_factory.hpp:76] Creating layer tanhConv1
I1204 04:08:13.229648 1969066752 net.cpp:106] Creating Layer tanhConv1
I1204 04:08:13.229652 1969066752 net.cpp:454] tanhConv1 <- conv1
I1204 04:08:13.229657 1969066752 net.cpp:397] tanhConv1 -> conv1 (in-place)
I1204 04:08:13.229694 1969066752 net.cpp:150] Setting up tanhConv1
I1204 04:08:13.229739 1969066752 net.cpp:157] Top shape: 450 16 115 115 (95220000)
I1204 04:08:13.229763 1969066752 net.cpp:165] Memory required for data: 846142200
I1204 04:08:13.229770 1969066752 layer_factory.hpp:76] Creating layer conv2
I1204 04:08:13.229791 1969066752 net.cpp:106] Creating Layer conv2
I1204 04:08:13.229796 1969066752 net.cpp:454] conv2 <- conv1
I1204 04:08:13.229820 1969066752 net.cpp:411] conv2 -> conv2
I1204 04:08:13.230156 1969066752 net.cpp:150] Setting up conv2
I1204 04:08:13.230170 1969066752 net.cpp:157] Top shape: 450 16 53 53 (20224800)
I1204 04:08:13.230176 1969066752 net.cpp:165] Memory required for data: 927041400
I1204 04:08:13.230185 1969066752 layer_factory.hpp:76] Creating layer tanhConv2
I1204 04:08:13.230195 1969066752 net.cpp:106] Creating Layer tanhConv2
I1204 04:08:13.230212 1969066752 net.cpp:454] tanhConv2 <- conv2
I1204 04:08:13.230254 1969066752 net.cpp:397] tanhConv2 -> conv2 (in-place)
I1204 04:08:13.230298 1969066752 net.cpp:150] Setting up tanhConv2
I1204 04:08:13.230315 1969066752 net.cpp:157] Top shape: 450 16 53 53 (20224800)
I1204 04:08:13.230336 1969066752 net.cpp:165] Memory required for data: 1007940600
I1204 04:08:13.230345 1969066752 layer_factory.hpp:76] Creating layer fc1
I1204 04:08:13.230408 1969066752 net.cpp:106] Creating Layer fc1
I1204 04:08:13.231541 1969066752 net.cpp:454] fc1 <- conv2
I1204 04:08:13.231570 1969066752 net.cpp:411] fc1 -> fc1
I1204 04:08:13.232936 1969066752 net.cpp:150] Setting up fc1
I1204 04:08:13.232949 1969066752 net.cpp:157] Top shape: 450 4 (1800)
I1204 04:08:13.232954 1969066752 net.cpp:165] Memory required for data: 1007947800
I1204 04:08:13.232962 1969066752 layer_factory.hpp:76] Creating layer out
I1204 04:08:13.232970 1969066752 net.cpp:106] Creating Layer out
I1204 04:08:13.232975 1969066752 net.cpp:454] out <- fc1
I1204 04:08:13.232980 1969066752 net.cpp:411] out -> out
I1204 04:08:13.232987 1969066752 net.cpp:150] Setting up out
I1204 04:08:13.233007 1969066752 net.cpp:157] Top shape: 450 4 (1800)
I1204 04:08:13.233032 1969066752 net.cpp:165] Memory required for data: 1007955000
I1204 04:08:13.233043 1969066752 layer_factory.hpp:76] Creating layer loss
I1204 04:08:13.233055 1969066752 net.cpp:106] Creating Layer loss
I1204 04:08:13.233062 1969066752 net.cpp:454] loss <- out
I1204 04:08:13.233069 1969066752 net.cpp:454] loss <- labels
I1204 04:08:13.233086 1969066752 net.cpp:411] loss -> loss
I1204 04:08:13.233103 1969066752 net.cpp:150] Setting up loss
I1204 04:08:13.233108 1969066752 net.cpp:157] Top shape: (1)
I1204 04:08:13.233132 1969066752 net.cpp:160]     with loss weight 1
I1204 04:08:13.233167 1969066752 net.cpp:165] Memory required for data: 1007955004
I1204 04:08:13.233186 1969066752 net.cpp:226] loss needs backward computation.
I1204 04:08:13.233206 1969066752 net.cpp:226] out needs backward computation.
I1204 04:08:13.233214 1969066752 net.cpp:226] fc1 needs backward computation.
I1204 04:08:13.233218 1969066752 net.cpp:226] tanhConv2 needs backward computation.
I1204 04:08:13.233234 1969066752 net.cpp:226] conv2 needs backward computation.
I1204 04:08:13.233244 1969066752 net.cpp:226] tanhConv1 needs backward computation.
I1204 04:08:13.233248 1969066752 net.cpp:226] conv1 needs backward computation.
I1204 04:08:13.233253 1969066752 net.cpp:228] data does not need backward computation.
I1204 04:08:13.233256 1969066752 net.cpp:270] This network produces output loss
I1204 04:08:13.233264 1969066752 net.cpp:283] Network initialization done.
I1204 04:08:13.233481 1969066752 solver.cpp:180] Creating test net (#0) specified by net file: /Users/JonathanLee/Desktop/sandbox/vision/Net/nets/net8/trainer8.prototxt
I1204 04:08:13.233507 1969066752 net.cpp:322] The NetState phase (1) differed from the phase (0) specified by a rule in layer data
I1204 04:08:13.233516 1969066752 net.cpp:49] Initializing net from parameters: 
name: "net"
state {
  phase: TEST
}
layer {
  name: "data"
  type: "HDF5Data"
  top: "data"
  top: "labels"
  include {
    phase: TEST
  }
  hdf5_data_param {
    source: "/Users/JonathanLee/Desktop/sandbox/vision/Net/hdf/test_hdf.txt"
    batch_size: 120
  }
}
layer {
  name: "conv1"
  type: "Convolution"
  bottom: "data"
  top: "conv1"
  param {
    lr_mult: 1
    decay_mult: 1
  }
  param {
    lr_mult: 2
    decay_mult: 0
  }
  convolution_param {
    num_output: 16
    kernel_size: 11
    stride: 1
    weight_filler {
      type: "xavier"
    }
    bias_filler {
      type: "constant"
      value: 0
    }
  }
}
layer {
  name: "tanhConv1"
  type: "TanH"
  bottom: "conv1"
  top: "conv1"
}
layer {
  name: "conv2"
  type: "Convolution"
  bottom: "conv1"
  top: "conv2"
  param {
    lr_mult: 1
    decay_mult: 1
  }
  param {
    lr_mult: 2
    decay_mult: 0
  }
  convolution_param {
    num_output: 16
    kernel_size: 11
    stride: 2
    weight_filler {
      type: "xavier"
    }
    bias_filler {
      type: "constant"
      value: 0
    }
  }
}
layer {
  name: "tanhConv2"
  type: "TanH"
  bottom: "conv2"
  top: "conv2"
}
layer {
  name: "fc1"
  type: "InnerProduct"
  bottom: "conv2"
  top: "fc1"
  param {
    lr_mult: 1
    decay_mult: 1
  }
  param {
    lr_mult: 2
    decay_mult: 0
  }
  inner_product_param {
    num_output: 4
    weight_filler {
      type: "xavier"
    }
    bias_filler {
      type: "constant"
      value: 0
    }
  }
}
layer {
  name: "out"
  type: "TanH"
  bottom: "fc1"
  top: "out"
}
layer {
  name: "loss"
  type: "EuclideanLoss"
  bottom: "out"
  bottom: "labels"
  top: "loss"
}
I1204 04:08:13.233664 1969066752 layer_factory.hpp:76] Creating layer data
I1204 04:08:13.233676 1969066752 net.cpp:106] Creating Layer data
I1204 04:08:13.233683 1969066752 net.cpp:411] data -> data
I1204 04:08:13.233691 1969066752 net.cpp:411] data -> labels
I1204 04:08:13.233716 1969066752 hdf5_data_layer.cpp:79] Loading list of HDF5 filenames from: /Users/JonathanLee/Desktop/sandbox/vision/Net/hdf/test_hdf.txt
I1204 04:08:13.233757 1969066752 hdf5_data_layer.cpp:93] Number of HDF5 files: 1
I1204 04:08:13.309675 1969066752 net.cpp:150] Setting up data
I1204 04:08:13.309700 1969066752 net.cpp:157] Top shape: 120 3 125 125 (5625000)
I1204 04:08:13.309708 1969066752 net.cpp:157] Top shape: 120 4 (480)
I1204 04:08:13.309712 1969066752 net.cpp:165] Memory required for data: 22501920
I1204 04:08:13.309720 1969066752 layer_factory.hpp:76] Creating layer conv1
I1204 04:08:13.309731 1969066752 net.cpp:106] Creating Layer conv1
I1204 04:08:13.309749 1969066752 net.cpp:454] conv1 <- data
I1204 04:08:13.309772 1969066752 net.cpp:411] conv1 -> conv1
I1204 04:08:13.309970 1969066752 net.cpp:150] Setting up conv1
I1204 04:08:13.309983 1969066752 net.cpp:157] Top shape: 120 16 115 115 (25392000)
I1204 04:08:13.309989 1969066752 net.cpp:165] Memory required for data: 124069920
I1204 04:08:13.310001 1969066752 layer_factory.hpp:76] Creating layer tanhConv1
I1204 04:08:13.310039 1969066752 net.cpp:106] Creating Layer tanhConv1
I1204 04:08:13.310078 1969066752 net.cpp:454] tanhConv1 <- conv1
I1204 04:08:13.310133 1969066752 net.cpp:397] tanhConv1 -> conv1 (in-place)
I1204 04:08:13.310173 1969066752 net.cpp:150] Setting up tanhConv1
I1204 04:08:13.310199 1969066752 net.cpp:157] Top shape: 120 16 115 115 (25392000)
I1204 04:08:13.310237 1969066752 net.cpp:165] Memory required for data: 225637920
I1204 04:08:13.310255 1969066752 layer_factory.hpp:76] Creating layer conv2
I1204 04:08:13.310294 1969066752 net.cpp:106] Creating Layer conv2
I1204 04:08:13.310312 1969066752 net.cpp:454] conv2 <- conv1
I1204 04:08:13.310338 1969066752 net.cpp:411] conv2 -> conv2
I1204 04:08:13.310713 1969066752 net.cpp:150] Setting up conv2
I1204 04:08:13.310720 1969066752 net.cpp:157] Top shape: 120 16 53 53 (5393280)
I1204 04:08:13.310725 1969066752 net.cpp:165] Memory required for data: 247211040
I1204 04:08:13.310734 1969066752 layer_factory.hpp:76] Creating layer tanhConv2
I1204 04:08:13.310739 1969066752 net.cpp:106] Creating Layer tanhConv2
I1204 04:08:13.310762 1969066752 net.cpp:454] tanhConv2 <- conv2
I1204 04:08:13.310781 1969066752 net.cpp:397] tanhConv2 -> conv2 (in-place)
I1204 04:08:13.310812 1969066752 net.cpp:150] Setting up tanhConv2
I1204 04:08:13.310828 1969066752 net.cpp:157] Top shape: 120 16 53 53 (5393280)
I1204 04:08:13.310865 1969066752 net.cpp:165] Memory required for data: 268784160
I1204 04:08:13.310874 1969066752 layer_factory.hpp:76] Creating layer fc1
I1204 04:08:13.310894 1969066752 net.cpp:106] Creating Layer fc1
I1204 04:08:13.310905 1969066752 net.cpp:454] fc1 <- conv2
I1204 04:08:13.310917 1969066752 net.cpp:411] fc1 -> fc1
I1204 04:08:13.313419 1969066752 net.cpp:150] Setting up fc1
I1204 04:08:13.313436 1969066752 net.cpp:157] Top shape: 120 4 (480)
I1204 04:08:13.313441 1969066752 net.cpp:165] Memory required for data: 268786080
I1204 04:08:13.313451 1969066752 layer_factory.hpp:76] Creating layer out
I1204 04:08:13.313458 1969066752 net.cpp:106] Creating Layer out
I1204 04:08:13.313462 1969066752 net.cpp:454] out <- fc1
I1204 04:08:13.313467 1969066752 net.cpp:411] out -> out
I1204 04:08:13.313477 1969066752 net.cpp:150] Setting up out
I1204 04:08:13.313494 1969066752 net.cpp:157] Top shape: 120 4 (480)
I1204 04:08:13.313516 1969066752 net.cpp:165] Memory required for data: 268788000
I1204 04:08:13.313529 1969066752 layer_factory.hpp:76] Creating layer loss
I1204 04:08:13.313539 1969066752 net.cpp:106] Creating Layer loss
I1204 04:08:13.313545 1969066752 net.cpp:454] loss <- out
I1204 04:08:13.313552 1969066752 net.cpp:454] loss <- labels
I1204 04:08:13.313576 1969066752 net.cpp:411] loss -> loss
I1204 04:08:13.313619 1969066752 net.cpp:150] Setting up loss
I1204 04:08:13.313645 1969066752 net.cpp:157] Top shape: (1)
I1204 04:08:13.313671 1969066752 net.cpp:160]     with loss weight 1
I1204 04:08:13.313683 1969066752 net.cpp:165] Memory required for data: 268788004
I1204 04:08:13.313690 1969066752 net.cpp:226] loss needs backward computation.
I1204 04:08:13.313699 1969066752 net.cpp:226] out needs backward computation.
I1204 04:08:13.313706 1969066752 net.cpp:226] fc1 needs backward computation.
I1204 04:08:13.313712 1969066752 net.cpp:226] tanhConv2 needs backward computation.
I1204 04:08:13.313715 1969066752 net.cpp:226] conv2 needs backward computation.
I1204 04:08:13.313719 1969066752 net.cpp:226] tanhConv1 needs backward computation.
I1204 04:08:13.313725 1969066752 net.cpp:226] conv1 needs backward computation.
I1204 04:08:13.313732 1969066752 net.cpp:228] data does not need backward computation.
I1204 04:08:13.313740 1969066752 net.cpp:270] This network produces output loss
I1204 04:08:13.313755 1969066752 net.cpp:283] Network initialization done.
I1204 04:08:13.313814 1969066752 solver.cpp:59] Solver scaffolding done.
I1204 04:08:13.313871 1969066752 caffe.cpp:212] Starting Optimization
I1204 04:08:13.313889 1969066752 solver.cpp:287] Solving net
I1204 04:08:13.313910 1969066752 solver.cpp:288] Learning Rate Policy: step
I1204 04:08:13.314363 1969066752 solver.cpp:340] Iteration 0, Testing net (#0)
I1204 04:08:15.999531 1969066752 solver.cpp:408]     Test net output #0: loss = 0.319764 (* 1 = 0.319764 loss)
I1204 04:08:43.797636 1969066752 solver.cpp:236] Iteration 0, loss = 0.338046
I1204 04:08:43.797685 1969066752 solver.cpp:252]     Train net output #0: loss = 0.338046 (* 1 = 0.338046 loss)
I1204 04:08:43.797708 1969066752 sgd_solver.cpp:106] Iteration 0, lr = 0.001
I1204 04:08:43.798776 1969066752 solver.cpp:340] Iteration 1, Testing net (#0)
I1204 04:08:46.610625 1969066752 solver.cpp:408]     Test net output #0: loss = 0.267264 (* 1 = 0.267264 loss)
I1204 04:09:14.189311 1969066752 solver.cpp:236] Iteration 1, loss = 0.276144
I1204 04:09:14.189359 1969066752 solver.cpp:252]     Train net output #0: loss = 0.276144 (* 1 = 0.276144 loss)
I1204 04:09:14.189368 1969066752 sgd_solver.cpp:106] Iteration 1, lr = 0.001
I1204 04:09:14.189945 1969066752 solver.cpp:340] Iteration 2, Testing net (#0)
I1204 04:09:16.951776 1969066752 solver.cpp:408]     Test net output #0: loss = 0.241744 (* 1 = 0.241744 loss)
I1204 04:09:44.240767 1969066752 solver.cpp:236] Iteration 2, loss = 0.263073
I1204 04:09:44.240828 1969066752 solver.cpp:252]     Train net output #0: loss = 0.263073 (* 1 = 0.263073 loss)
I1204 04:09:44.240836 1969066752 sgd_solver.cpp:106] Iteration 2, lr = 0.001
I1204 04:09:44.241284 1969066752 solver.cpp:340] Iteration 3, Testing net (#0)
I1204 04:09:46.460647 1969066752 solver.cpp:408]     Test net output #0: loss = 0.236022 (* 1 = 0.236022 loss)
I1204 04:10:10.237649 1969066752 solver.cpp:236] Iteration 3, loss = 0.241791
I1204 04:10:10.237685 1969066752 solver.cpp:252]     Train net output #0: loss = 0.241791 (* 1 = 0.241791 loss)
I1204 04:10:10.237692 1969066752 sgd_solver.cpp:106] Iteration 3, lr = 0.001
I1204 04:10:10.238345 1969066752 solver.cpp:340] Iteration 4, Testing net (#0)
I1204 04:10:13.136696 1969066752 solver.cpp:408]     Test net output #0: loss = 0.240298 (* 1 = 0.240298 loss)
I1204 04:10:40.496341 1969066752 solver.cpp:236] Iteration 4, loss = 0.239468
I1204 04:10:40.496387 1969066752 solver.cpp:252]     Train net output #0: loss = 0.239468 (* 1 = 0.239468 loss)
I1204 04:10:40.496394 1969066752 sgd_solver.cpp:106] Iteration 4, lr = 0.001
I1204 04:10:40.496940 1969066752 solver.cpp:461] Snapshotting to binary proto file weights_iter_5.caffemodel
I1204 04:10:40.507864 1969066752 sgd_solver.cpp:269] Snapshotting solver state to binary proto file weights_iter_5.solverstate
I1204 04:10:40.513620 1969066752 solver.cpp:340] Iteration 5, Testing net (#0)
I1204 04:10:43.265825 1969066752 solver.cpp:408]     Test net output #0: loss = 0.224144 (* 1 = 0.224144 loss)
I1204 04:11:11.359694 1969066752 solver.cpp:236] Iteration 5, loss = 0.231239
I1204 04:11:11.359760 1969066752 solver.cpp:252]     Train net output #0: loss = 0.231239 (* 1 = 0.231239 loss)
I1204 04:11:11.359772 1969066752 sgd_solver.cpp:106] Iteration 5, lr = 0.001
I1204 04:11:11.360421 1969066752 solver.cpp:340] Iteration 6, Testing net (#0)
I1204 04:11:14.224382 1969066752 solver.cpp:408]     Test net output #0: loss = 0.237059 (* 1 = 0.237059 loss)
I1204 04:11:43.631882 1969066752 solver.cpp:236] Iteration 6, loss = 0.216585
I1204 04:11:43.631933 1969066752 solver.cpp:252]     Train net output #0: loss = 0.216585 (* 1 = 0.216585 loss)
I1204 04:11:43.631943 1969066752 sgd_solver.cpp:106] Iteration 6, lr = 0.001
I1204 04:11:43.632536 1969066752 solver.cpp:340] Iteration 7, Testing net (#0)
I1204 04:11:46.620939 1969066752 solver.cpp:408]     Test net output #0: loss = 0.219859 (* 1 = 0.219859 loss)
I1204 04:12:14.832576 1969066752 solver.cpp:236] Iteration 7, loss = 0.228822
I1204 04:12:14.832626 1969066752 solver.cpp:252]     Train net output #0: loss = 0.228822 (* 1 = 0.228822 loss)
I1204 04:12:14.832635 1969066752 sgd_solver.cpp:106] Iteration 7, lr = 0.001
I1204 04:12:14.833144 1969066752 solver.cpp:340] Iteration 8, Testing net (#0)
I1204 04:12:17.612329 1969066752 solver.cpp:408]     Test net output #0: loss = 0.204868 (* 1 = 0.204868 loss)
I1204 04:12:45.917958 1969066752 solver.cpp:236] Iteration 8, loss = 0.194202
I1204 04:12:45.918015 1969066752 solver.cpp:252]     Train net output #0: loss = 0.194202 (* 1 = 0.194202 loss)
I1204 04:12:45.918023 1969066752 sgd_solver.cpp:106] Iteration 8, lr = 0.001
I1204 04:12:45.918501 1969066752 solver.cpp:340] Iteration 9, Testing net (#0)
I1204 04:12:48.794692 1969066752 solver.cpp:408]     Test net output #0: loss = 0.179595 (* 1 = 0.179595 loss)
I1204 04:13:16.892493 1969066752 solver.cpp:236] Iteration 9, loss = 0.194823
I1204 04:13:16.892540 1969066752 solver.cpp:252]     Train net output #0: loss = 0.194823 (* 1 = 0.194823 loss)
I1204 04:13:16.892549 1969066752 sgd_solver.cpp:106] Iteration 9, lr = 0.001
I1204 04:13:16.893018 1969066752 solver.cpp:461] Snapshotting to binary proto file weights_iter_10.caffemodel
I1204 04:13:16.904700 1969066752 sgd_solver.cpp:269] Snapshotting solver state to binary proto file weights_iter_10.solverstate
I1204 04:13:16.909929 1969066752 solver.cpp:340] Iteration 10, Testing net (#0)
I1204 04:13:19.706737 1969066752 solver.cpp:408]     Test net output #0: loss = 0.173399 (* 1 = 0.173399 loss)
I1204 04:13:47.368291 1969066752 solver.cpp:236] Iteration 10, loss = 0.160752
I1204 04:13:47.368379 1969066752 solver.cpp:252]     Train net output #0: loss = 0.160752 (* 1 = 0.160752 loss)
I1204 04:13:47.368391 1969066752 sgd_solver.cpp:106] Iteration 10, lr = 1e-08
I1204 04:13:47.369029 1969066752 solver.cpp:340] Iteration 11, Testing net (#0)
I1204 04:13:50.019875 1969066752 solver.cpp:408]     Test net output #0: loss = 0.179389 (* 1 = 0.179389 loss)
I1204 04:14:17.161880 1969066752 solver.cpp:236] Iteration 11, loss = 0.196867
I1204 04:14:17.161967 1969066752 solver.cpp:252]     Train net output #0: loss = 0.196867 (* 1 = 0.196867 loss)
I1204 04:14:17.161998 1969066752 sgd_solver.cpp:106] Iteration 11, lr = 1e-08
I1204 04:14:17.162698 1969066752 solver.cpp:340] Iteration 12, Testing net (#0)
I1204 04:14:19.944049 1969066752 solver.cpp:408]     Test net output #0: loss = 0.179101 (* 1 = 0.179101 loss)
I1204 04:14:45.351519 1969066752 solver.cpp:236] Iteration 12, loss = 0.178527
I1204 04:14:45.351553 1969066752 solver.cpp:252]     Train net output #0: loss = 0.178527 (* 1 = 0.178527 loss)
I1204 04:14:45.351560 1969066752 sgd_solver.cpp:106] Iteration 12, lr = 1e-08
I1204 04:14:45.351987 1969066752 solver.cpp:340] Iteration 13, Testing net (#0)
I1204 04:14:47.662407 1969066752 solver.cpp:408]     Test net output #0: loss = 0.207768 (* 1 = 0.207768 loss)
I1204 04:15:10.706508 1969066752 solver.cpp:236] Iteration 13, loss = 0.22337
I1204 04:15:10.706549 1969066752 solver.cpp:252]     Train net output #0: loss = 0.22337 (* 1 = 0.22337 loss)
I1204 04:15:10.706557 1969066752 sgd_solver.cpp:106] Iteration 13, lr = 1e-08
I1204 04:15:10.706987 1969066752 solver.cpp:340] Iteration 14, Testing net (#0)
I1204 04:15:13.042253 1969066752 solver.cpp:408]     Test net output #0: loss = 0.21929 (* 1 = 0.21929 loss)
I1204 04:15:36.080478 1969066752 solver.cpp:236] Iteration 14, loss = 0.218442
I1204 04:15:36.080512 1969066752 solver.cpp:252]     Train net output #0: loss = 0.218442 (* 1 = 0.218442 loss)
I1204 04:15:36.080518 1969066752 sgd_solver.cpp:106] Iteration 14, lr = 1e-08
I1204 04:15:36.080927 1969066752 solver.cpp:461] Snapshotting to binary proto file weights_iter_15.caffemodel
I1204 04:15:36.085599 1969066752 sgd_solver.cpp:269] Snapshotting solver state to binary proto file weights_iter_15.solverstate
I1204 04:15:36.089680 1969066752 solver.cpp:340] Iteration 15, Testing net (#0)
I1204 04:15:38.430809 1969066752 solver.cpp:408]     Test net output #0: loss = 0.21366 (* 1 = 0.21366 loss)
I1204 04:16:01.574169 1969066752 solver.cpp:236] Iteration 15, loss = 0.257811
I1204 04:16:01.574216 1969066752 solver.cpp:252]     Train net output #0: loss = 0.257811 (* 1 = 0.257811 loss)
I1204 04:16:01.574223 1969066752 sgd_solver.cpp:106] Iteration 15, lr = 1e-08
I1204 04:16:01.574676 1969066752 solver.cpp:340] Iteration 16, Testing net (#0)
I1204 04:16:03.876044 1969066752 solver.cpp:408]     Test net output #0: loss = 0.266564 (* 1 = 0.266564 loss)
I1204 04:16:27.283838 1969066752 solver.cpp:236] Iteration 16, loss = 0.249258
I1204 04:16:27.283874 1969066752 solver.cpp:252]     Train net output #0: loss = 0.249258 (* 1 = 0.249258 loss)
I1204 04:16:27.283880 1969066752 sgd_solver.cpp:106] Iteration 16, lr = 1e-08
I1204 04:16:27.284481 1969066752 solver.cpp:340] Iteration 17, Testing net (#0)
I1204 04:16:29.595140 1969066752 solver.cpp:408]     Test net output #0: loss = 0.24295 (* 1 = 0.24295 loss)
I1204 04:16:52.278635 1969066752 solver.cpp:236] Iteration 17, loss = 0.288577
I1204 04:16:52.278678 1969066752 solver.cpp:252]     Train net output #0: loss = 0.288577 (* 1 = 0.288577 loss)
I1204 04:16:52.278687 1969066752 sgd_solver.cpp:106] Iteration 17, lr = 1e-08
I1204 04:16:52.279189 1969066752 solver.cpp:340] Iteration 18, Testing net (#0)
I1204 04:16:54.573565 1969066752 solver.cpp:408]     Test net output #0: loss = 0.297733 (* 1 = 0.297733 loss)
I1204 04:17:17.499306 1969066752 solver.cpp:236] Iteration 18, loss = 0.294542
I1204 04:17:17.499335 1969066752 solver.cpp:252]     Train net output #0: loss = 0.294542 (* 1 = 0.294542 loss)
I1204 04:17:17.499341 1969066752 sgd_solver.cpp:106] Iteration 18, lr = 1e-08
I1204 04:17:17.499897 1969066752 solver.cpp:340] Iteration 19, Testing net (#0)
I1204 04:17:20.089918 1969066752 solver.cpp:408]     Test net output #0: loss = 0.279557 (* 1 = 0.279557 loss)
I1204 04:17:47.390599 1969066752 solver.cpp:236] Iteration 19, loss = 0.301864
I1204 04:17:47.390662 1969066752 solver.cpp:252]     Train net output #0: loss = 0.301864 (* 1 = 0.301864 loss)
I1204 04:17:47.390671 1969066752 sgd_solver.cpp:106] Iteration 19, lr = 1e-08
I1204 04:17:47.391127 1969066752 solver.cpp:461] Snapshotting to binary proto file weights_iter_20.caffemodel
I1204 04:17:47.396893 1969066752 sgd_solver.cpp:269] Snapshotting solver state to binary proto file weights_iter_20.solverstate
I1204 04:17:47.400879 1969066752 solver.cpp:340] Iteration 20, Testing net (#0)
I1204 04:17:50.129462 1969066752 solver.cpp:408]     Test net output #0: loss = 0.3108 (* 1 = 0.3108 loss)
I1204 04:18:16.656383 1969066752 solver.cpp:236] Iteration 20, loss = 0.340894
I1204 04:18:16.656414 1969066752 solver.cpp:252]     Train net output #0: loss = 0.340894 (* 1 = 0.340894 loss)
I1204 04:18:16.656420 1969066752 sgd_solver.cpp:106] Iteration 20, lr = 1e-13
I1204 04:18:16.656924 1969066752 solver.cpp:340] Iteration 21, Testing net (#0)
I1204 04:18:18.963006 1969066752 solver.cpp:408]     Test net output #0: loss = 0.313681 (* 1 = 0.313681 loss)
I1204 04:18:41.980535 1969066752 solver.cpp:236] Iteration 21, loss = 0.313526
I1204 04:18:41.980578 1969066752 solver.cpp:252]     Train net output #0: loss = 0.313526 (* 1 = 0.313526 loss)
I1204 04:18:41.980592 1969066752 sgd_solver.cpp:106] Iteration 21, lr = 1e-13
I1204 04:18:41.981227 1969066752 solver.cpp:340] Iteration 22, Testing net (#0)
I1204 04:18:44.324679 1969066752 solver.cpp:408]     Test net output #0: loss = 0.308851 (* 1 = 0.308851 loss)
I1204 04:19:07.070641 1969066752 solver.cpp:236] Iteration 22, loss = 0.364717
I1204 04:19:07.070684 1969066752 solver.cpp:252]     Train net output #0: loss = 0.364717 (* 1 = 0.364717 loss)
I1204 04:19:07.070693 1969066752 sgd_solver.cpp:106] Iteration 22, lr = 1e-13
I1204 04:19:07.071137 1969066752 solver.cpp:340] Iteration 23, Testing net (#0)
I1204 04:19:09.327481 1969066752 solver.cpp:408]     Test net output #0: loss = 0.347209 (* 1 = 0.347209 loss)
