I1204 18:20:07.008105 1969066752 caffe.cpp:177] Use CPU.
I1204 18:20:07.496579 1969066752 solver.cpp:47] Initializing solver from parameters: 
test_iter: 1
test_interval: 1
base_lr: 0.001
display: 1
max_iter: 300
lr_policy: "step"
gamma: 1e-08
momentum: 0.9
weight_decay: 0.0005
stepsize: 20
snapshot: 20
snapshot_prefix: "weights"
solver_mode: CPU
net: "/Users/JonathanLee/Desktop/sandbox/vision/Net/nets/net11/trainer11.prototxt"
I1204 18:20:07.496883 1969066752 solver.cpp:90] Creating training net from net file: /Users/JonathanLee/Desktop/sandbox/vision/Net/nets/net11/trainer11.prototxt
I1204 18:20:07.497102 1969066752 net.cpp:322] The NetState phase (0) differed from the phase (1) specified by a rule in layer data
I1204 18:20:07.497123 1969066752 net.cpp:49] Initializing net from parameters: 
name: "net"
state {
  phase: TRAIN
}
layer {
  name: "data"
  type: "HDF5Data"
  top: "data"
  top: "labels"
  include {
    phase: TRAIN
  }
  hdf5_data_param {
    source: "/Users/JonathanLee/Desktop/sandbox/vision/Net/hdf/train_hdf.txt"
    batch_size: 20
  }
}
layer {
  name: "conv1"
  type: "Convolution"
  bottom: "data"
  top: "conv1"
  param {
    lr_mult: 1
    decay_mult: 1
  }
  param {
    lr_mult: 2
    decay_mult: 0
  }
  convolution_param {
    num_output: 16
    kernel_size: 11
    stride: 1
    weight_filler {
      type: "xavier"
    }
    bias_filler {
      type: "constant"
      value: 0
    }
  }
}
layer {
  name: "conv2"
  type: "Convolution"
  bottom: "conv1"
  top: "conv2"
  param {
    lr_mult: 1
    decay_mult: 1
  }
  param {
    lr_mult: 2
    decay_mult: 0
  }
  convolution_param {
    num_output: 16
    kernel_size: 11
    stride: 2
    weight_filler {
      type: "xavier"
    }
    bias_filler {
      type: "constant"
      value: 0
    }
  }
}
layer {
  name: "fc1"
  type: "InnerProduct"
  bottom: "conv2"
  top: "fc1"
  param {
    lr_mult: 1
    decay_mult: 1
  }
  param {
    lr_mult: 2
    decay_mult: 0
  }
  inner_product_param {
    num_output: 40
    weight_filler {
      type: "xavier"
    }
    bias_filler {
      type: "constant"
      value: 0
    }
  }
}
layer {
  name: "fc2"
  type: "InnerProduct"
  bottom: "fc1"
  top: "fc2"
  param {
    lr_mult: 1
    decay_mult: 1
  }
  param {
    lr_mult: 2
    decay_mult: 0
  }
  inner_product_param {
    num_output: 4
    weight_filler {
      type: "xavier"
    }
    bias_filler {
      type: "constant"
      value: 0
    }
  }
}
layer {
  name: "out"
  type: "TanH"
  bottom: "fc2"
  top: "out"
}
layer {
  name: "loss"
  type: "EuclideanLoss"
  bottom: "out"
  bottom: "labels"
  top: "loss"
}
I1204 18:20:07.497246 1969066752 layer_factory.hpp:76] Creating layer data
I1204 18:20:07.497262 1969066752 net.cpp:106] Creating Layer data
I1204 18:20:07.497267 1969066752 net.cpp:411] data -> data
I1204 18:20:07.497287 1969066752 net.cpp:411] data -> labels
I1204 18:20:07.497301 1969066752 hdf5_data_layer.cpp:79] Loading list of HDF5 filenames from: /Users/JonathanLee/Desktop/sandbox/vision/Net/hdf/train_hdf.txt
I1204 18:20:07.497335 1969066752 hdf5_data_layer.cpp:93] Number of HDF5 files: 1
I1204 18:20:07.498388 1969066752 hdf5.cpp:32] Datatype class: H5T_FLOAT
I1204 18:20:07.503020 1969066752 net.cpp:150] Setting up data
I1204 18:20:07.503052 1969066752 net.cpp:157] Top shape: 20 3 125 125 (937500)
I1204 18:20:07.503062 1969066752 net.cpp:157] Top shape: 20 4 (80)
I1204 18:20:07.503065 1969066752 net.cpp:165] Memory required for data: 3750320
I1204 18:20:07.503072 1969066752 layer_factory.hpp:76] Creating layer conv1
I1204 18:20:07.503082 1969066752 net.cpp:106] Creating Layer conv1
I1204 18:20:07.503099 1969066752 net.cpp:454] conv1 <- data
I1204 18:20:07.503106 1969066752 net.cpp:411] conv1 -> conv1
I1204 18:20:07.507256 1969066752 net.cpp:150] Setting up conv1
I1204 18:20:07.507262 1969066752 net.cpp:157] Top shape: 20 16 115 115 (4232000)
I1204 18:20:07.507278 1969066752 net.cpp:165] Memory required for data: 20678320
I1204 18:20:07.507287 1969066752 layer_factory.hpp:76] Creating layer conv2
I1204 18:20:07.507293 1969066752 net.cpp:106] Creating Layer conv2
I1204 18:20:07.507308 1969066752 net.cpp:454] conv2 <- conv1
I1204 18:20:07.507339 1969066752 net.cpp:411] conv2 -> conv2
I1204 18:20:07.507724 1969066752 net.cpp:150] Setting up conv2
I1204 18:20:07.507735 1969066752 net.cpp:157] Top shape: 20 16 53 53 (898880)
I1204 18:20:07.507750 1969066752 net.cpp:165] Memory required for data: 24273840
I1204 18:20:07.507757 1969066752 layer_factory.hpp:76] Creating layer fc1
I1204 18:20:07.507766 1969066752 net.cpp:106] Creating Layer fc1
I1204 18:20:07.507781 1969066752 net.cpp:454] fc1 <- conv2
I1204 18:20:07.507792 1969066752 net.cpp:411] fc1 -> fc1
I1204 18:20:07.521821 1969066752 net.cpp:150] Setting up fc1
I1204 18:20:07.521839 1969066752 net.cpp:157] Top shape: 20 40 (800)
I1204 18:20:07.521855 1969066752 net.cpp:165] Memory required for data: 24277040
I1204 18:20:07.521874 1969066752 layer_factory.hpp:76] Creating layer fc2
I1204 18:20:07.521885 1969066752 net.cpp:106] Creating Layer fc2
I1204 18:20:07.521889 1969066752 net.cpp:454] fc2 <- fc1
I1204 18:20:07.521905 1969066752 net.cpp:411] fc2 -> fc2
I1204 18:20:07.521931 1969066752 net.cpp:150] Setting up fc2
I1204 18:20:07.521935 1969066752 net.cpp:157] Top shape: 20 4 (80)
I1204 18:20:07.521939 1969066752 net.cpp:165] Memory required for data: 24277360
I1204 18:20:07.521944 1969066752 layer_factory.hpp:76] Creating layer out
I1204 18:20:07.521950 1969066752 net.cpp:106] Creating Layer out
I1204 18:20:07.521955 1969066752 net.cpp:454] out <- fc2
I1204 18:20:07.521965 1969066752 net.cpp:411] out -> out
I1204 18:20:07.521972 1969066752 net.cpp:150] Setting up out
I1204 18:20:07.521976 1969066752 net.cpp:157] Top shape: 20 4 (80)
I1204 18:20:07.521981 1969066752 net.cpp:165] Memory required for data: 24277680
I1204 18:20:07.521984 1969066752 layer_factory.hpp:76] Creating layer loss
I1204 18:20:07.521989 1969066752 net.cpp:106] Creating Layer loss
I1204 18:20:07.521993 1969066752 net.cpp:454] loss <- out
I1204 18:20:07.521997 1969066752 net.cpp:454] loss <- labels
I1204 18:20:07.522001 1969066752 net.cpp:411] loss -> loss
I1204 18:20:07.522012 1969066752 net.cpp:150] Setting up loss
I1204 18:20:07.522017 1969066752 net.cpp:157] Top shape: (1)
I1204 18:20:07.522020 1969066752 net.cpp:160]     with loss weight 1
I1204 18:20:07.522033 1969066752 net.cpp:165] Memory required for data: 24277684
I1204 18:20:07.522037 1969066752 net.cpp:226] loss needs backward computation.
I1204 18:20:07.522042 1969066752 net.cpp:226] out needs backward computation.
I1204 18:20:07.522045 1969066752 net.cpp:226] fc2 needs backward computation.
I1204 18:20:07.522049 1969066752 net.cpp:226] fc1 needs backward computation.
I1204 18:20:07.522053 1969066752 net.cpp:226] conv2 needs backward computation.
I1204 18:20:07.522056 1969066752 net.cpp:226] conv1 needs backward computation.
I1204 18:20:07.522060 1969066752 net.cpp:228] data does not need backward computation.
I1204 18:20:07.522064 1969066752 net.cpp:270] This network produces output loss
I1204 18:20:07.522069 1969066752 net.cpp:283] Network initialization done.
I1204 18:20:07.522326 1969066752 solver.cpp:180] Creating test net (#0) specified by net file: /Users/JonathanLee/Desktop/sandbox/vision/Net/nets/net11/trainer11.prototxt
I1204 18:20:07.522367 1969066752 net.cpp:322] The NetState phase (1) differed from the phase (0) specified by a rule in layer data
I1204 18:20:07.522378 1969066752 net.cpp:49] Initializing net from parameters: 
name: "net"
state {
  phase: TEST
}
layer {
  name: "data"
  type: "HDF5Data"
  top: "data"
  top: "labels"
  include {
    phase: TEST
  }
  hdf5_data_param {
    source: "/Users/JonathanLee/Desktop/sandbox/vision/Net/hdf/test_hdf.txt"
    batch_size: 10
  }
}
layer {
  name: "conv1"
  type: "Convolution"
  bottom: "data"
  top: "conv1"
  param {
    lr_mult: 1
    decay_mult: 1
  }
  param {
    lr_mult: 2
    decay_mult: 0
  }
  convolution_param {
    num_output: 16
    kernel_size: 11
    stride: 1
    weight_filler {
      type: "xavier"
    }
    bias_filler {
      type: "constant"
      value: 0
    }
  }
}
layer {
  name: "conv2"
  type: "Convolution"
  bottom: "conv1"
  top: "conv2"
  param {
    lr_mult: 1
    decay_mult: 1
  }
  param {
    lr_mult: 2
    decay_mult: 0
  }
  convolution_param {
    num_output: 16
    kernel_size: 11
    stride: 2
    weight_filler {
      type: "xavier"
    }
    bias_filler {
      type: "constant"
      value: 0
    }
  }
}
layer {
  name: "fc1"
  type: "InnerProduct"
  bottom: "conv2"
  top: "fc1"
  param {
    lr_mult: 1
    decay_mult: 1
  }
  param {
    lr_mult: 2
    decay_mult: 0
  }
  inner_product_param {
    num_output: 40
    weight_filler {
      type: "xavier"
    }
    bias_filler {
      type: "constant"
      value: 0
    }
  }
}
layer {
  name: "fc2"
  type: "InnerProduct"
  bottom: "fc1"
  top: "fc2"
  param {
    lr_mult: 1
    decay_mult: 1
  }
  param {
    lr_mult: 2
    decay_mult: 0
  }
  inner_product_param {
    num_output: 4
    weight_filler {
      type: "xavier"
    }
    bias_filler {
      type: "constant"
      value: 0
    }
  }
}
layer {
  name: "out"
  type: "TanH"
  bottom: "fc2"
  top: "out"
}
layer {
  name: "loss"
  type: "EuclideanLoss"
  bottom: "out"
  bottom: "labels"
  top: "loss"
}
I1204 18:20:07.522516 1969066752 layer_factory.hpp:76] Creating layer data
I1204 18:20:07.522524 1969066752 net.cpp:106] Creating Layer data
I1204 18:20:07.522529 1969066752 net.cpp:411] data -> data
I1204 18:20:07.522536 1969066752 net.cpp:411] data -> labels
I1204 18:20:07.522543 1969066752 hdf5_data_layer.cpp:79] Loading list of HDF5 filenames from: /Users/JonathanLee/Desktop/sandbox/vision/Net/hdf/test_hdf.txt
I1204 18:20:07.522591 1969066752 hdf5_data_layer.cpp:93] Number of HDF5 files: 1
I1204 18:20:07.525208 1969066752 net.cpp:150] Setting up data
I1204 18:20:07.525231 1969066752 net.cpp:157] Top shape: 10 3 125 125 (468750)
I1204 18:20:07.525249 1969066752 net.cpp:157] Top shape: 10 4 (40)
I1204 18:20:07.525252 1969066752 net.cpp:165] Memory required for data: 1875160
I1204 18:20:07.525259 1969066752 layer_factory.hpp:76] Creating layer conv1
I1204 18:20:07.525269 1969066752 net.cpp:106] Creating Layer conv1
I1204 18:20:07.525272 1969066752 net.cpp:454] conv1 <- data
I1204 18:20:07.525296 1969066752 net.cpp:411] conv1 -> conv1
I1204 18:20:07.525419 1969066752 net.cpp:150] Setting up conv1
I1204 18:20:07.525424 1969066752 net.cpp:157] Top shape: 10 16 115 115 (2116000)
I1204 18:20:07.525440 1969066752 net.cpp:165] Memory required for data: 10339160
I1204 18:20:07.525449 1969066752 layer_factory.hpp:76] Creating layer conv2
I1204 18:20:07.525454 1969066752 net.cpp:106] Creating Layer conv2
I1204 18:20:07.525460 1969066752 net.cpp:454] conv2 <- conv1
I1204 18:20:07.525466 1969066752 net.cpp:411] conv2 -> conv2
I1204 18:20:07.525745 1969066752 net.cpp:150] Setting up conv2
I1204 18:20:07.525749 1969066752 net.cpp:157] Top shape: 10 16 53 53 (449440)
I1204 18:20:07.525764 1969066752 net.cpp:165] Memory required for data: 12136920
I1204 18:20:07.525770 1969066752 layer_factory.hpp:76] Creating layer fc1
I1204 18:20:07.525776 1969066752 net.cpp:106] Creating Layer fc1
I1204 18:20:07.525780 1969066752 net.cpp:454] fc1 <- conv2
I1204 18:20:07.525799 1969066752 net.cpp:411] fc1 -> fc1
I1204 18:20:07.540228 1969066752 net.cpp:150] Setting up fc1
I1204 18:20:07.540246 1969066752 net.cpp:157] Top shape: 10 40 (400)
I1204 18:20:07.540261 1969066752 net.cpp:165] Memory required for data: 12138520
I1204 18:20:07.540331 1969066752 layer_factory.hpp:76] Creating layer fc2
I1204 18:20:07.540346 1969066752 net.cpp:106] Creating Layer fc2
I1204 18:20:07.540351 1969066752 net.cpp:454] fc2 <- fc1
I1204 18:20:07.540357 1969066752 net.cpp:411] fc2 -> fc2
I1204 18:20:07.540377 1969066752 net.cpp:150] Setting up fc2
I1204 18:20:07.540391 1969066752 net.cpp:157] Top shape: 10 4 (40)
I1204 18:20:07.540395 1969066752 net.cpp:165] Memory required for data: 12138680
I1204 18:20:07.540411 1969066752 layer_factory.hpp:76] Creating layer out
I1204 18:20:07.540417 1969066752 net.cpp:106] Creating Layer out
I1204 18:20:07.540421 1969066752 net.cpp:454] out <- fc2
I1204 18:20:07.540424 1969066752 net.cpp:411] out -> out
I1204 18:20:07.540431 1969066752 net.cpp:150] Setting up out
I1204 18:20:07.540436 1969066752 net.cpp:157] Top shape: 10 4 (40)
I1204 18:20:07.540465 1969066752 net.cpp:165] Memory required for data: 12138840
I1204 18:20:07.540479 1969066752 layer_factory.hpp:76] Creating layer loss
I1204 18:20:07.540485 1969066752 net.cpp:106] Creating Layer loss
I1204 18:20:07.540499 1969066752 net.cpp:454] loss <- out
I1204 18:20:07.540509 1969066752 net.cpp:454] loss <- labels
I1204 18:20:07.540518 1969066752 net.cpp:411] loss -> loss
I1204 18:20:07.540525 1969066752 net.cpp:150] Setting up loss
I1204 18:20:07.540529 1969066752 net.cpp:157] Top shape: (1)
I1204 18:20:07.540534 1969066752 net.cpp:160]     with loss weight 1
I1204 18:20:07.540540 1969066752 net.cpp:165] Memory required for data: 12138844
I1204 18:20:07.540544 1969066752 net.cpp:226] loss needs backward computation.
I1204 18:20:07.540547 1969066752 net.cpp:226] out needs backward computation.
I1204 18:20:07.540551 1969066752 net.cpp:226] fc2 needs backward computation.
I1204 18:20:07.540555 1969066752 net.cpp:226] fc1 needs backward computation.
I1204 18:20:07.540559 1969066752 net.cpp:226] conv2 needs backward computation.
I1204 18:20:07.540562 1969066752 net.cpp:226] conv1 needs backward computation.
I1204 18:20:07.540566 1969066752 net.cpp:228] data does not need backward computation.
I1204 18:20:07.540570 1969066752 net.cpp:270] This network produces output loss
I1204 18:20:07.540575 1969066752 net.cpp:283] Network initialization done.
I1204 18:20:07.540623 1969066752 solver.cpp:59] Solver scaffolding done.
I1204 18:20:07.540664 1969066752 caffe.cpp:212] Starting Optimization
I1204 18:20:07.540679 1969066752 solver.cpp:287] Solving net
I1204 18:20:07.540683 1969066752 solver.cpp:288] Learning Rate Policy: step
I1204 18:20:07.543766 1969066752 solver.cpp:340] Iteration 0, Testing net (#0)
I1204 18:20:07.723309 1969066752 solver.cpp:408]     Test net output #0: loss = 0.656429 (* 1 = 0.656429 loss)
I1204 18:20:08.613631 1969066752 solver.cpp:236] Iteration 0, loss = 0.662647
I1204 18:20:08.613658 1969066752 solver.cpp:252]     Train net output #0: loss = 0.662647 (* 1 = 0.662647 loss)
I1204 18:20:08.613682 1969066752 sgd_solver.cpp:106] Iteration 0, lr = 0.001
I1204 18:20:08.620232 1969066752 solver.cpp:340] Iteration 1, Testing net (#0)
I1204 18:20:08.777817 1969066752 solver.cpp:408]     Test net output #0: loss = 0.75982 (* 1 = 0.75982 loss)
I1204 18:20:09.635222 1969066752 solver.cpp:236] Iteration 1, loss = 0.943469
I1204 18:20:09.635251 1969066752 solver.cpp:252]     Train net output #0: loss = 0.943469 (* 1 = 0.943469 loss)
I1204 18:20:09.635257 1969066752 sgd_solver.cpp:106] Iteration 1, lr = 0.001
I1204 18:20:09.639523 1969066752 solver.cpp:340] Iteration 2, Testing net (#0)
I1204 18:20:09.795771 1969066752 solver.cpp:408]     Test net output #0: loss = 0.731838 (* 1 = 0.731838 loss)
I1204 18:20:10.639271 1969066752 solver.cpp:236] Iteration 2, loss = 0.499453
I1204 18:20:10.639297 1969066752 solver.cpp:252]     Train net output #0: loss = 0.499453 (* 1 = 0.499453 loss)
I1204 18:20:10.639304 1969066752 sgd_solver.cpp:106] Iteration 2, lr = 0.001
I1204 18:20:10.643291 1969066752 solver.cpp:340] Iteration 3, Testing net (#0)
I1204 18:20:10.796269 1969066752 solver.cpp:408]     Test net output #0: loss = 0.618075 (* 1 = 0.618075 loss)
I1204 18:20:11.630800 1969066752 solver.cpp:236] Iteration 3, loss = 0.426319
I1204 18:20:11.630825 1969066752 solver.cpp:252]     Train net output #0: loss = 0.426319 (* 1 = 0.426319 loss)
I1204 18:20:11.630831 1969066752 sgd_solver.cpp:106] Iteration 3, lr = 0.001
I1204 18:20:11.634879 1969066752 solver.cpp:340] Iteration 4, Testing net (#0)
I1204 18:20:11.787346 1969066752 solver.cpp:408]     Test net output #0: loss = 0.513394 (* 1 = 0.513394 loss)
I1204 18:20:12.621392 1969066752 solver.cpp:236] Iteration 4, loss = 0.215953
I1204 18:20:12.621417 1969066752 solver.cpp:252]     Train net output #0: loss = 0.215953 (* 1 = 0.215953 loss)
I1204 18:20:12.621423 1969066752 sgd_solver.cpp:106] Iteration 4, lr = 0.001
I1204 18:20:12.625512 1969066752 solver.cpp:340] Iteration 5, Testing net (#0)
I1204 18:20:12.778542 1969066752 solver.cpp:408]     Test net output #0: loss = 0.443675 (* 1 = 0.443675 loss)
I1204 18:20:13.650025 1969066752 solver.cpp:236] Iteration 5, loss = 0.174085
I1204 18:20:13.650053 1969066752 solver.cpp:252]     Train net output #0: loss = 0.174085 (* 1 = 0.174085 loss)
I1204 18:20:13.650060 1969066752 sgd_solver.cpp:106] Iteration 5, lr = 0.001
I1204 18:20:13.654150 1969066752 solver.cpp:340] Iteration 6, Testing net (#0)
I1204 18:20:13.810431 1969066752 solver.cpp:408]     Test net output #0: loss = 0.256931 (* 1 = 0.256931 loss)
I1204 18:20:14.685386 1969066752 solver.cpp:236] Iteration 6, loss = 0.147091
I1204 18:20:14.685412 1969066752 solver.cpp:252]     Train net output #0: loss = 0.147091 (* 1 = 0.147091 loss)
I1204 18:20:14.685420 1969066752 sgd_solver.cpp:106] Iteration 6, lr = 0.001
I1204 18:20:14.690502 1969066752 solver.cpp:340] Iteration 7, Testing net (#0)
I1204 18:20:14.867188 1969066752 solver.cpp:408]     Test net output #0: loss = 0.37179 (* 1 = 0.37179 loss)
I1204 18:20:15.741109 1969066752 solver.cpp:236] Iteration 7, loss = 0.110833
I1204 18:20:15.741138 1969066752 solver.cpp:252]     Train net output #0: loss = 0.110833 (* 1 = 0.110833 loss)
I1204 18:20:15.741145 1969066752 sgd_solver.cpp:106] Iteration 7, lr = 0.001
I1204 18:20:15.745683 1969066752 solver.cpp:340] Iteration 8, Testing net (#0)
I1204 18:20:15.899022 1969066752 solver.cpp:408]     Test net output #0: loss = 0.441534 (* 1 = 0.441534 loss)
I1204 18:20:16.758064 1969066752 solver.cpp:236] Iteration 8, loss = 0.123937
I1204 18:20:16.758090 1969066752 solver.cpp:252]     Train net output #0: loss = 0.123937 (* 1 = 0.123937 loss)
I1204 18:20:16.758096 1969066752 sgd_solver.cpp:106] Iteration 8, lr = 0.001
I1204 18:20:16.762135 1969066752 solver.cpp:340] Iteration 9, Testing net (#0)
I1204 18:20:16.914762 1969066752 solver.cpp:408]     Test net output #0: loss = 0.381438 (* 1 = 0.381438 loss)
I1204 18:20:17.782099 1969066752 solver.cpp:236] Iteration 9, loss = 0.140352
I1204 18:20:17.782127 1969066752 solver.cpp:252]     Train net output #0: loss = 0.140352 (* 1 = 0.140352 loss)
I1204 18:20:17.782133 1969066752 sgd_solver.cpp:106] Iteration 9, lr = 0.001
I1204 18:20:17.786342 1969066752 solver.cpp:340] Iteration 10, Testing net (#0)
I1204 18:20:17.940825 1969066752 solver.cpp:408]     Test net output #0: loss = 0.404368 (* 1 = 0.404368 loss)
I1204 18:20:18.787168 1969066752 solver.cpp:236] Iteration 10, loss = 0.106982
I1204 18:20:18.787194 1969066752 solver.cpp:252]     Train net output #0: loss = 0.106982 (* 1 = 0.106982 loss)
I1204 18:20:18.787200 1969066752 sgd_solver.cpp:106] Iteration 10, lr = 0.001
I1204 18:20:18.791404 1969066752 solver.cpp:340] Iteration 11, Testing net (#0)
I1204 18:20:18.944844 1969066752 solver.cpp:408]     Test net output #0: loss = 0.369436 (* 1 = 0.369436 loss)
I1204 18:20:19.785246 1969066752 solver.cpp:236] Iteration 11, loss = 0.0647141
I1204 18:20:19.785274 1969066752 solver.cpp:252]     Train net output #0: loss = 0.0647141 (* 1 = 0.0647141 loss)
I1204 18:20:19.785280 1969066752 sgd_solver.cpp:106] Iteration 11, lr = 0.001
I1204 18:20:19.789348 1969066752 solver.cpp:340] Iteration 12, Testing net (#0)
I1204 18:20:19.942370 1969066752 solver.cpp:408]     Test net output #0: loss = 0.216911 (* 1 = 0.216911 loss)
I1204 18:20:20.777048 1969066752 solver.cpp:236] Iteration 12, loss = 0.0395247
I1204 18:20:20.777076 1969066752 solver.cpp:252]     Train net output #0: loss = 0.0395247 (* 1 = 0.0395247 loss)
I1204 18:20:20.777082 1969066752 sgd_solver.cpp:106] Iteration 12, lr = 0.001
I1204 18:20:20.781429 1969066752 solver.cpp:340] Iteration 13, Testing net (#0)
I1204 18:20:20.934149 1969066752 solver.cpp:408]     Test net output #0: loss = 0.352044 (* 1 = 0.352044 loss)
I1204 18:20:21.771311 1969066752 solver.cpp:236] Iteration 13, loss = 0.02713
I1204 18:20:21.771337 1969066752 solver.cpp:252]     Train net output #0: loss = 0.02713 (* 1 = 0.02713 loss)
I1204 18:20:21.771343 1969066752 sgd_solver.cpp:106] Iteration 13, lr = 0.001
I1204 18:20:21.775423 1969066752 solver.cpp:340] Iteration 14, Testing net (#0)
I1204 18:20:21.929077 1969066752 solver.cpp:408]     Test net output #0: loss = 0.339571 (* 1 = 0.339571 loss)
I1204 18:20:22.774899 1969066752 solver.cpp:236] Iteration 14, loss = 0.0304933
I1204 18:20:22.774926 1969066752 solver.cpp:252]     Train net output #0: loss = 0.0304933 (* 1 = 0.0304933 loss)
I1204 18:20:22.774934 1969066752 sgd_solver.cpp:106] Iteration 14, lr = 0.001
I1204 18:20:22.779067 1969066752 solver.cpp:340] Iteration 15, Testing net (#0)
I1204 18:20:22.932391 1969066752 solver.cpp:408]     Test net output #0: loss = 0.357859 (* 1 = 0.357859 loss)
I1204 18:20:23.776298 1969066752 solver.cpp:236] Iteration 15, loss = 0.0336267
I1204 18:20:23.776340 1969066752 solver.cpp:252]     Train net output #0: loss = 0.0336267 (* 1 = 0.0336267 loss)
I1204 18:20:23.776353 1969066752 sgd_solver.cpp:106] Iteration 15, lr = 0.001
I1204 18:20:23.781978 1969066752 solver.cpp:340] Iteration 16, Testing net (#0)
I1204 18:20:23.939272 1969066752 solver.cpp:408]     Test net output #0: loss = 0.391992 (* 1 = 0.391992 loss)
I1204 18:20:24.800840 1969066752 solver.cpp:236] Iteration 16, loss = 0.0253568
I1204 18:20:24.800868 1969066752 solver.cpp:252]     Train net output #0: loss = 0.0253568 (* 1 = 0.0253568 loss)
I1204 18:20:24.800876 1969066752 sgd_solver.cpp:106] Iteration 16, lr = 0.001
I1204 18:20:24.805099 1969066752 solver.cpp:340] Iteration 17, Testing net (#0)
I1204 18:20:24.961577 1969066752 solver.cpp:408]     Test net output #0: loss = 0.425832 (* 1 = 0.425832 loss)
I1204 18:20:25.801501 1969066752 solver.cpp:236] Iteration 17, loss = 0.0276953
I1204 18:20:25.801527 1969066752 solver.cpp:252]     Train net output #0: loss = 0.0276953 (* 1 = 0.0276953 loss)
I1204 18:20:25.801534 1969066752 sgd_solver.cpp:106] Iteration 17, lr = 0.001
I1204 18:20:25.805593 1969066752 solver.cpp:340] Iteration 18, Testing net (#0)
I1204 18:20:25.958279 1969066752 solver.cpp:408]     Test net output #0: loss = 0.243857 (* 1 = 0.243857 loss)
I1204 18:20:26.800876 1969066752 solver.cpp:236] Iteration 18, loss = 0.0207415
I1204 18:20:26.800904 1969066752 solver.cpp:252]     Train net output #0: loss = 0.0207415 (* 1 = 0.0207415 loss)
I1204 18:20:26.800911 1969066752 sgd_solver.cpp:106] Iteration 18, lr = 0.001
I1204 18:20:26.805044 1969066752 solver.cpp:340] Iteration 19, Testing net (#0)
I1204 18:20:26.957100 1969066752 solver.cpp:408]     Test net output #0: loss = 0.422389 (* 1 = 0.422389 loss)
I1204 18:20:27.796691 1969066752 solver.cpp:236] Iteration 19, loss = 0.0172453
I1204 18:20:27.796720 1969066752 solver.cpp:252]     Train net output #0: loss = 0.0172453 (* 1 = 0.0172453 loss)
I1204 18:20:27.796726 1969066752 sgd_solver.cpp:106] Iteration 19, lr = 0.001
I1204 18:20:27.800456 1969066752 solver.cpp:461] Snapshotting to binary proto file weights_iter_20.caffemodel
I1204 18:20:27.853062 1969066752 sgd_solver.cpp:269] Snapshotting solver state to binary proto file weights_iter_20.solverstate
I1204 18:20:27.892518 1969066752 solver.cpp:340] Iteration 20, Testing net (#0)
I1204 18:20:28.047665 1969066752 solver.cpp:408]     Test net output #0: loss = 0.41736 (* 1 = 0.41736 loss)
I1204 18:20:28.956202 1969066752 solver.cpp:236] Iteration 20, loss = 0.0148329
I1204 18:20:28.956230 1969066752 solver.cpp:252]     Train net output #0: loss = 0.0148329 (* 1 = 0.0148329 loss)
I1204 18:20:28.956238 1969066752 sgd_solver.cpp:106] Iteration 20, lr = 1e-11
I1204 18:20:28.960830 1969066752 solver.cpp:340] Iteration 21, Testing net (#0)
I1204 18:20:29.131367 1969066752 solver.cpp:408]     Test net output #0: loss = 0.377459 (* 1 = 0.377459 loss)
I1204 18:20:29.979929 1969066752 solver.cpp:236] Iteration 21, loss = 0.0172861
I1204 18:20:29.979957 1969066752 solver.cpp:252]     Train net output #0: loss = 0.0172861 (* 1 = 0.0172861 loss)
I1204 18:20:29.979964 1969066752 sgd_solver.cpp:106] Iteration 21, lr = 1e-11
I1204 18:20:29.984237 1969066752 solver.cpp:340] Iteration 22, Testing net (#0)
I1204 18:20:30.137145 1969066752 solver.cpp:408]     Test net output #0: loss = 0.41994 (* 1 = 0.41994 loss)
I1204 18:20:30.982318 1969066752 solver.cpp:236] Iteration 22, loss = 0.0252163
I1204 18:20:30.982375 1969066752 solver.cpp:252]     Train net output #0: loss = 0.0252163 (* 1 = 0.0252163 loss)
I1204 18:20:30.982383 1969066752 sgd_solver.cpp:106] Iteration 22, lr = 1e-11
I1204 18:20:30.986587 1969066752 solver.cpp:340] Iteration 23, Testing net (#0)
I1204 18:20:31.141610 1969066752 solver.cpp:408]     Test net output #0: loss = 0.449192 (* 1 = 0.449192 loss)
I1204 18:20:31.977118 1969066752 solver.cpp:236] Iteration 23, loss = 0.0354333
I1204 18:20:31.977145 1969066752 solver.cpp:252]     Train net output #0: loss = 0.0354333 (* 1 = 0.0354333 loss)
I1204 18:20:31.977152 1969066752 sgd_solver.cpp:106] Iteration 23, lr = 1e-11
I1204 18:20:31.981892 1969066752 solver.cpp:340] Iteration 24, Testing net (#0)
I1204 18:20:32.137867 1969066752 solver.cpp:408]     Test net output #0: loss = 0.297776 (* 1 = 0.297776 loss)
I1204 18:20:32.975447 1969066752 solver.cpp:236] Iteration 24, loss = 0.0429225
I1204 18:20:32.975473 1969066752 solver.cpp:252]     Train net output #0: loss = 0.0429225 (* 1 = 0.0429225 loss)
I1204 18:20:32.975481 1969066752 sgd_solver.cpp:106] Iteration 24, lr = 1e-11
I1204 18:20:32.979562 1969066752 solver.cpp:340] Iteration 25, Testing net (#0)
I1204 18:20:33.132038 1969066752 solver.cpp:408]     Test net output #0: loss = 0.443952 (* 1 = 0.443952 loss)
I1204 18:20:33.972236 1969066752 solver.cpp:236] Iteration 25, loss = 0.0542439
I1204 18:20:33.972264 1969066752 solver.cpp:252]     Train net output #0: loss = 0.0542439 (* 1 = 0.0542439 loss)
I1204 18:20:33.972270 1969066752 sgd_solver.cpp:106] Iteration 25, lr = 1e-11
I1204 18:20:33.976333 1969066752 solver.cpp:340] Iteration 26, Testing net (#0)
I1204 18:20:34.132401 1969066752 solver.cpp:408]     Test net output #0: loss = 0.476931 (* 1 = 0.476931 loss)
I1204 18:20:34.980686 1969066752 solver.cpp:236] Iteration 26, loss = 0.0670347
I1204 18:20:34.980713 1969066752 solver.cpp:252]     Train net output #0: loss = 0.0670347 (* 1 = 0.0670347 loss)
I1204 18:20:34.980720 1969066752 sgd_solver.cpp:106] Iteration 26, lr = 1e-11
I1204 18:20:34.984772 1969066752 solver.cpp:340] Iteration 27, Testing net (#0)
I1204 18:20:35.140770 1969066752 solver.cpp:408]     Test net output #0: loss = 0.419733 (* 1 = 0.419733 loss)
I1204 18:20:36.018908 1969066752 solver.cpp:236] Iteration 27, loss = 0.0669461
I1204 18:20:36.018934 1969066752 solver.cpp:252]     Train net output #0: loss = 0.0669461 (* 1 = 0.0669461 loss)
I1204 18:20:36.018942 1969066752 sgd_solver.cpp:106] Iteration 27, lr = 1e-11
I1204 18:20:36.023107 1969066752 solver.cpp:340] Iteration 28, Testing net (#0)
I1204 18:20:36.176888 1969066752 solver.cpp:408]     Test net output #0: loss = 0.473634 (* 1 = 0.473634 loss)
I1204 18:20:37.072494 1969066752 solver.cpp:236] Iteration 28, loss = 0.0856168
I1204 18:20:37.072535 1969066752 solver.cpp:252]     Train net output #0: loss = 0.0856168 (* 1 = 0.0856168 loss)
I1204 18:20:37.072542 1969066752 sgd_solver.cpp:106] Iteration 28, lr = 1e-11
I1204 18:20:37.077039 1969066752 solver.cpp:340] Iteration 29, Testing net (#0)
I1204 18:20:37.236507 1969066752 solver.cpp:408]     Test net output #0: loss = 0.503016 (* 1 = 0.503016 loss)
I1204 18:20:38.103286 1969066752 solver.cpp:236] Iteration 29, loss = 0.0954028
I1204 18:20:38.103313 1969066752 solver.cpp:252]     Train net output #0: loss = 0.0954028 (* 1 = 0.0954028 loss)
I1204 18:20:38.103322 1969066752 sgd_solver.cpp:106] Iteration 29, lr = 1e-11
I1204 18:20:38.107807 1969066752 solver.cpp:340] Iteration 30, Testing net (#0)
I1204 18:20:38.279392 1969066752 solver.cpp:408]     Test net output #0: loss = 0.369777 (* 1 = 0.369777 loss)
I1204 18:20:39.140748 1969066752 solver.cpp:236] Iteration 30, loss = 0.104581
I1204 18:20:39.140775 1969066752 solver.cpp:252]     Train net output #0: loss = 0.104581 (* 1 = 0.104581 loss)
I1204 18:20:39.140782 1969066752 sgd_solver.cpp:106] Iteration 30, lr = 1e-11
I1204 18:20:39.144867 1969066752 solver.cpp:340] Iteration 31, Testing net (#0)
I1204 18:20:39.303948 1969066752 solver.cpp:408]     Test net output #0: loss = 0.475311 (* 1 = 0.475311 loss)
I1204 18:20:40.163190 1969066752 solver.cpp:236] Iteration 31, loss = 0.0924069
I1204 18:20:40.163218 1969066752 solver.cpp:252]     Train net output #0: loss = 0.0924069 (* 1 = 0.0924069 loss)
I1204 18:20:40.163224 1969066752 sgd_solver.cpp:106] Iteration 31, lr = 1e-11
I1204 18:20:40.167517 1969066752 solver.cpp:340] Iteration 32, Testing net (#0)
I1204 18:20:40.332799 1969066752 solver.cpp:408]     Test net output #0: loss = 0.525893 (* 1 = 0.525893 loss)
I1204 18:20:41.203178 1969066752 solver.cpp:236] Iteration 32, loss = 0.115191
I1204 18:20:41.203204 1969066752 solver.cpp:252]     Train net output #0: loss = 0.115191 (* 1 = 0.115191 loss)
I1204 18:20:41.203212 1969066752 sgd_solver.cpp:106] Iteration 32, lr = 1e-11
I1204 18:20:41.207386 1969066752 solver.cpp:340] Iteration 33, Testing net (#0)
I1204 18:20:41.370314 1969066752 solver.cpp:408]     Test net output #0: loss = 0.464013 (* 1 = 0.464013 loss)
I1204 18:20:42.250650 1969066752 solver.cpp:236] Iteration 33, loss = 0.120189
I1204 18:20:42.250679 1969066752 solver.cpp:252]     Train net output #0: loss = 0.120189 (* 1 = 0.120189 loss)
I1204 18:20:42.250684 1969066752 sgd_solver.cpp:106] Iteration 33, lr = 1e-11
I1204 18:20:42.254840 1969066752 solver.cpp:340] Iteration 34, Testing net (#0)
I1204 18:20:42.407958 1969066752 solver.cpp:408]     Test net output #0: loss = 0.517195 (* 1 = 0.517195 loss)
I1204 18:20:43.255359 1969066752 solver.cpp:236] Iteration 34, loss = 0.122789
I1204 18:20:43.255386 1969066752 solver.cpp:252]     Train net output #0: loss = 0.122789 (* 1 = 0.122789 loss)
I1204 18:20:43.255393 1969066752 sgd_solver.cpp:106] Iteration 34, lr = 1e-11
I1204 18:20:43.259704 1969066752 solver.cpp:340] Iteration 35, Testing net (#0)
I1204 18:20:43.412675 1969066752 solver.cpp:408]     Test net output #0: loss = 0.542853 (* 1 = 0.542853 loss)
I1204 18:20:44.255844 1969066752 solver.cpp:236] Iteration 35, loss = 0.13073
I1204 18:20:44.255869 1969066752 solver.cpp:252]     Train net output #0: loss = 0.13073 (* 1 = 0.13073 loss)
I1204 18:20:44.255877 1969066752 sgd_solver.cpp:106] Iteration 35, lr = 1e-11
I1204 18:20:44.259899 1969066752 solver.cpp:340] Iteration 36, Testing net (#0)
I1204 18:20:44.413326 1969066752 solver.cpp:408]     Test net output #0: loss = 0.416468 (* 1 = 0.416468 loss)
I1204 18:20:45.258550 1969066752 solver.cpp:236] Iteration 36, loss = 0.140427
I1204 18:20:45.258576 1969066752 solver.cpp:252]     Train net output #0: loss = 0.140427 (* 1 = 0.140427 loss)
I1204 18:20:45.258584 1969066752 sgd_solver.cpp:106] Iteration 36, lr = 1e-11
I1204 18:20:45.263119 1969066752 solver.cpp:340] Iteration 37, Testing net (#0)
I1204 18:20:45.424165 1969066752 solver.cpp:408]     Test net output #0: loss = 0.495358 (* 1 = 0.495358 loss)
I1204 18:20:46.272673 1969066752 solver.cpp:236] Iteration 37, loss = 0.15031
I1204 18:20:46.273340 1969066752 solver.cpp:252]     Train net output #0: loss = 0.15031 (* 1 = 0.15031 loss)
I1204 18:20:46.273349 1969066752 sgd_solver.cpp:106] Iteration 37, lr = 1e-11
I1204 18:20:46.277484 1969066752 solver.cpp:340] Iteration 38, Testing net (#0)
I1204 18:20:46.432976 1969066752 solver.cpp:408]     Test net output #0: loss = 0.554846 (* 1 = 0.554846 loss)
I1204 18:20:47.274071 1969066752 solver.cpp:236] Iteration 38, loss = 0.12794
I1204 18:20:47.274097 1969066752 solver.cpp:252]     Train net output #0: loss = 0.12794 (* 1 = 0.12794 loss)
I1204 18:20:47.274104 1969066752 sgd_solver.cpp:106] Iteration 38, lr = 1e-11
I1204 18:20:47.278308 1969066752 solver.cpp:340] Iteration 39, Testing net (#0)
I1204 18:20:47.432401 1969066752 solver.cpp:408]     Test net output #0: loss = 0.49116 (* 1 = 0.49116 loss)
I1204 18:20:48.275832 1969066752 solver.cpp:236] Iteration 39, loss = 0.153531
I1204 18:20:48.275858 1969066752 solver.cpp:252]     Train net output #0: loss = 0.153531 (* 1 = 0.153531 loss)
I1204 18:20:48.275866 1969066752 sgd_solver.cpp:106] Iteration 39, lr = 1e-11
I1204 18:20:48.279902 1969066752 solver.cpp:461] Snapshotting to binary proto file weights_iter_40.caffemodel
I1204 18:20:48.339617 1969066752 sgd_solver.cpp:269] Snapshotting solver state to binary proto file weights_iter_40.solverstate
I1204 18:20:48.378135 1969066752 solver.cpp:340] Iteration 40, Testing net (#0)
I1204 18:20:48.536516 1969066752 solver.cpp:408]     Test net output #0: loss = 0.542637 (* 1 = 0.542637 loss)
I1204 18:20:49.376986 1969066752 solver.cpp:236] Iteration 40, loss = 0.156614
I1204 18:20:49.377013 1969066752 solver.cpp:252]     Train net output #0: loss = 0.156614 (* 1 = 0.156614 loss)
I1204 18:20:49.377020 1969066752 sgd_solver.cpp:106] Iteration 40, lr = 1e-19
I1204 18:20:49.381088 1969066752 solver.cpp:340] Iteration 41, Testing net (#0)
I1204 18:20:49.536010 1969066752 solver.cpp:408]     Test net output #0: loss = 0.565664 (* 1 = 0.565664 loss)
I1204 18:20:50.374452 1969066752 solver.cpp:236] Iteration 41, loss = 0.160962
I1204 18:20:50.374480 1969066752 solver.cpp:252]     Train net output #0: loss = 0.160962 (* 1 = 0.160962 loss)
I1204 18:20:50.374485 1969066752 sgd_solver.cpp:106] Iteration 41, lr = 1e-19
I1204 18:20:50.378855 1969066752 solver.cpp:340] Iteration 42, Testing net (#0)
I1204 18:20:50.536792 1969066752 solver.cpp:408]     Test net output #0: loss = 0.44248 (* 1 = 0.44248 loss)
I1204 18:20:51.431002 1969066752 solver.cpp:236] Iteration 42, loss = 0.136515
I1204 18:20:51.431030 1969066752 solver.cpp:252]     Train net output #0: loss = 0.136515 (* 1 = 0.136515 loss)
I1204 18:20:51.431037 1969066752 sgd_solver.cpp:106] Iteration 42, lr = 1e-19
I1204 18:20:51.435607 1969066752 solver.cpp:340] Iteration 43, Testing net (#0)
I1204 18:20:51.601897 1969066752 solver.cpp:408]     Test net output #0: loss = 0.506562 (* 1 = 0.506562 loss)
I1204 18:20:52.450675 1969066752 solver.cpp:236] Iteration 43, loss = 0.16148
I1204 18:20:52.450702 1969066752 solver.cpp:252]     Train net output #0: loss = 0.16148 (* 1 = 0.16148 loss)
I1204 18:20:52.450709 1969066752 sgd_solver.cpp:106] Iteration 43, lr = 1e-19
I1204 18:20:52.454892 1969066752 solver.cpp:340] Iteration 44, Testing net (#0)
I1204 18:20:52.608213 1969066752 solver.cpp:408]     Test net output #0: loss = 0.570655 (* 1 = 0.570655 loss)
I1204 18:20:53.485954 1969066752 solver.cpp:236] Iteration 44, loss = 0.160781
I1204 18:20:53.485983 1969066752 solver.cpp:252]     Train net output #0: loss = 0.160781 (* 1 = 0.160781 loss)
I1204 18:20:53.485991 1969066752 sgd_solver.cpp:106] Iteration 44, lr = 1e-19
I1204 18:20:53.490515 1969066752 solver.cpp:340] Iteration 45, Testing net (#0)
I1204 18:20:53.658246 1969066752 solver.cpp:408]     Test net output #0: loss = 0.506158 (* 1 = 0.506158 loss)
I1204 18:20:54.518173 1969066752 solver.cpp:236] Iteration 45, loss = 0.15685
I1204 18:20:54.518200 1969066752 solver.cpp:252]     Train net output #0: loss = 0.15685 (* 1 = 0.15685 loss)
I1204 18:20:54.518208 1969066752 sgd_solver.cpp:106] Iteration 45, lr = 1e-19
I1204 18:20:54.522653 1969066752 solver.cpp:340] Iteration 46, Testing net (#0)
I1204 18:20:54.678544 1969066752 solver.cpp:408]     Test net output #0: loss = 0.556489 (* 1 = 0.556489 loss)
I1204 18:20:55.533283 1969066752 solver.cpp:236] Iteration 46, loss = 0.163446
I1204 18:20:55.533309 1969066752 solver.cpp:252]     Train net output #0: loss = 0.163446 (* 1 = 0.163446 loss)
I1204 18:20:55.533316 1969066752 sgd_solver.cpp:106] Iteration 46, lr = 1e-19
I1204 18:20:55.537477 1969066752 solver.cpp:340] Iteration 47, Testing net (#0)
I1204 18:20:55.692797 1969066752 solver.cpp:408]     Test net output #0: loss = 0.578013 (* 1 = 0.578013 loss)
I1204 18:20:56.530689 1969066752 solver.cpp:236] Iteration 47, loss = 0.171772
I1204 18:20:56.530714 1969066752 solver.cpp:252]     Train net output #0: loss = 0.171772 (* 1 = 0.171772 loss)
I1204 18:20:56.530720 1969066752 sgd_solver.cpp:106] Iteration 47, lr = 1e-19
I1204 18:20:56.534703 1969066752 solver.cpp:340] Iteration 48, Testing net (#0)
I1204 18:20:56.689273 1969066752 solver.cpp:408]     Test net output #0: loss = 0.456469 (* 1 = 0.456469 loss)
I1204 18:20:57.528053 1969066752 solver.cpp:236] Iteration 48, loss = 0.179568
I1204 18:20:57.528077 1969066752 solver.cpp:252]     Train net output #0: loss = 0.179568 (* 1 = 0.179568 loss)
I1204 18:20:57.528090 1969066752 sgd_solver.cpp:106] Iteration 48, lr = 1e-19
I1204 18:20:57.532109 1969066752 solver.cpp:340] Iteration 49, Testing net (#0)
I1204 18:20:57.684933 1969066752 solver.cpp:408]     Test net output #0: loss = 0.512616 (* 1 = 0.512616 loss)
I1204 18:20:58.522694 1969066752 solver.cpp:236] Iteration 49, loss = 0.148727
I1204 18:20:58.522719 1969066752 solver.cpp:252]     Train net output #0: loss = 0.148727 (* 1 = 0.148727 loss)
I1204 18:20:58.522725 1969066752 sgd_solver.cpp:106] Iteration 49, lr = 1e-19
I1204 18:20:58.526733 1969066752 solver.cpp:340] Iteration 50, Testing net (#0)
I1204 18:20:58.685012 1969066752 solver.cpp:408]     Test net output #0: loss = 0.579115 (* 1 = 0.579115 loss)
I1204 18:20:59.532886 1969066752 solver.cpp:236] Iteration 50, loss = 0.176419
I1204 18:20:59.532912 1969066752 solver.cpp:252]     Train net output #0: loss = 0.176419 (* 1 = 0.176419 loss)
I1204 18:20:59.532918 1969066752 sgd_solver.cpp:106] Iteration 50, lr = 1e-19
I1204 18:20:59.537000 1969066752 solver.cpp:340] Iteration 51, Testing net (#0)
I1204 18:20:59.695538 1969066752 solver.cpp:408]     Test net output #0: loss = 0.514228 (* 1 = 0.514228 loss)
I1204 18:21:00.549415 1969066752 solver.cpp:236] Iteration 51, loss = 0.176871
I1204 18:21:00.549440 1969066752 solver.cpp:252]     Train net output #0: loss = 0.176871 (* 1 = 0.176871 loss)
I1204 18:21:00.549448 1969066752 sgd_solver.cpp:106] Iteration 51, lr = 1e-19
I1204 18:21:00.553719 1969066752 solver.cpp:340] Iteration 52, Testing net (#0)
I1204 18:21:00.707119 1969066752 solver.cpp:408]     Test net output #0: loss = 0.563899 (* 1 = 0.563899 loss)
I1204 18:21:01.546717 1969066752 solver.cpp:236] Iteration 52, loss = 0.179473
I1204 18:21:01.546744 1969066752 solver.cpp:252]     Train net output #0: loss = 0.179473 (* 1 = 0.179473 loss)
I1204 18:21:01.546751 1969066752 sgd_solver.cpp:106] Iteration 52, lr = 1e-19
I1204 18:21:01.550843 1969066752 solver.cpp:340] Iteration 53, Testing net (#0)
I1204 18:21:01.703404 1969066752 solver.cpp:408]     Test net output #0: loss = 0.584607 (* 1 = 0.584607 loss)
I1204 18:21:02.545688 1969066752 solver.cpp:236] Iteration 53, loss = 0.151146
I1204 18:21:02.545714 1969066752 solver.cpp:252]     Train net output #0: loss = 0.151146 (* 1 = 0.151146 loss)
I1204 18:21:02.545722 1969066752 sgd_solver.cpp:106] Iteration 53, lr = 1e-19
I1204 18:21:02.549852 1969066752 solver.cpp:340] Iteration 54, Testing net (#0)
I1204 18:21:02.707478 1969066752 solver.cpp:408]     Test net output #0: loss = 0.463925 (* 1 = 0.463925 loss)
I1204 18:21:03.551298 1969066752 solver.cpp:236] Iteration 54, loss = 0.176541
I1204 18:21:03.551324 1969066752 solver.cpp:252]     Train net output #0: loss = 0.176541 (* 1 = 0.176541 loss)
I1204 18:21:03.551403 1969066752 sgd_solver.cpp:106] Iteration 54, lr = 1e-19
I1204 18:21:03.555918 1969066752 solver.cpp:340] Iteration 55, Testing net (#0)
I1204 18:21:03.722569 1969066752 solver.cpp:408]     Test net output #0: loss = 0.515854 (* 1 = 0.515854 loss)
I1204 18:21:04.608248 1969066752 solver.cpp:236] Iteration 55, loss = 0.173912
I1204 18:21:04.608275 1969066752 solver.cpp:252]     Train net output #0: loss = 0.173912 (* 1 = 0.173912 loss)
I1204 18:21:04.608283 1969066752 sgd_solver.cpp:106] Iteration 55, lr = 1e-19
I1204 18:21:04.612552 1969066752 solver.cpp:340] Iteration 56, Testing net (#0)
I1204 18:21:04.769695 1969066752 solver.cpp:408]     Test net output #0: loss = 0.583619 (* 1 = 0.583619 loss)
I1204 18:21:05.643431 1969066752 solver.cpp:236] Iteration 56, loss = 0.167823
I1204 18:21:05.643458 1969066752 solver.cpp:252]     Train net output #0: loss = 0.167823 (* 1 = 0.167823 loss)
I1204 18:21:05.643465 1969066752 sgd_solver.cpp:106] Iteration 56, lr = 1e-19
I1204 18:21:05.647701 1969066752 solver.cpp:340] Iteration 57, Testing net (#0)
I1204 18:21:05.800492 1969066752 solver.cpp:408]     Test net output #0: loss = 0.518535 (* 1 = 0.518535 loss)
I1204 18:21:06.685959 1969066752 solver.cpp:236] Iteration 57, loss = 0.173896
I1204 18:21:06.685986 1969066752 solver.cpp:252]     Train net output #0: loss = 0.173896 (* 1 = 0.173896 loss)
I1204 18:21:06.685993 1969066752 sgd_solver.cpp:106] Iteration 57, lr = 1e-19
I1204 18:21:06.690518 1969066752 solver.cpp:340] Iteration 58, Testing net (#0)
I1204 18:21:06.844226 1969066752 solver.cpp:408]     Test net output #0: loss = 0.567844 (* 1 = 0.567844 loss)
I1204 18:21:07.715553 1969066752 solver.cpp:236] Iteration 58, loss = 0.181787
I1204 18:21:07.715608 1969066752 solver.cpp:252]     Train net output #0: loss = 0.181787 (* 1 = 0.181787 loss)
I1204 18:21:07.715616 1969066752 sgd_solver.cpp:106] Iteration 58, lr = 1e-19
I1204 18:21:07.719792 1969066752 solver.cpp:340] Iteration 59, Testing net (#0)
I1204 18:21:07.872473 1969066752 solver.cpp:408]     Test net output #0: loss = 0.588116 (* 1 = 0.588116 loss)
I1204 18:21:08.708395 1969066752 solver.cpp:236] Iteration 59, loss = 0.188881
I1204 18:21:08.708422 1969066752 solver.cpp:252]     Train net output #0: loss = 0.188881 (* 1 = 0.188881 loss)
I1204 18:21:08.708428 1969066752 sgd_solver.cpp:106] Iteration 59, lr = 1e-19
I1204 18:21:08.712268 1969066752 solver.cpp:461] Snapshotting to binary proto file weights_iter_60.caffemodel
I1204 18:21:08.764446 1969066752 sgd_solver.cpp:269] Snapshotting solver state to binary proto file weights_iter_60.solverstate
I1204 18:21:08.801766 1969066752 solver.cpp:340] Iteration 60, Testing net (#0)
I1204 18:21:08.957264 1969066752 solver.cpp:408]     Test net output #0: loss = 0.46789 (* 1 = 0.46789 loss)
I1204 18:21:09.797300 1969066752 solver.cpp:236] Iteration 60, loss = 0.155307
I1204 18:21:09.797327 1969066752 solver.cpp:252]     Train net output #0: loss = 0.155307 (* 1 = 0.155307 loss)
I1204 18:21:09.797333 1969066752 sgd_solver.cpp:106] Iteration 60, lr = 1e-27
I1204 18:21:09.801368 1969066752 solver.cpp:340] Iteration 61, Testing net (#0)
I1204 18:21:09.959012 1969066752 solver.cpp:408]     Test net output #0: loss = 0.51758 (* 1 = 0.51758 loss)
I1204 18:21:10.828745 1969066752 solver.cpp:236] Iteration 61, loss = 0.183674
I1204 18:21:10.828773 1969066752 solver.cpp:252]     Train net output #0: loss = 0.183674 (* 1 = 0.183674 loss)
I1204 18:21:10.828778 1969066752 sgd_solver.cpp:106] Iteration 61, lr = 1e-27
I1204 18:21:10.833122 1969066752 solver.cpp:340] Iteration 62, Testing net (#0)
I1204 18:21:10.987187 1969066752 solver.cpp:408]     Test net output #0: loss = 0.586014 (* 1 = 0.586014 loss)
I1204 18:21:11.834769 1969066752 solver.cpp:236] Iteration 62, loss = 0.183273
I1204 18:21:11.834794 1969066752 solver.cpp:252]     Train net output #0: loss = 0.183273 (* 1 = 0.183273 loss)
I1204 18:21:11.834801 1969066752 sgd_solver.cpp:106] Iteration 62, lr = 1e-27
I1204 18:21:11.839442 1969066752 solver.cpp:340] Iteration 63, Testing net (#0)
I1204 18:21:12.002410 1969066752 solver.cpp:408]     Test net output #0: loss = 0.520828 (* 1 = 0.520828 loss)
I1204 18:21:12.881744 1969066752 solver.cpp:236] Iteration 63, loss = 0.185319
I1204 18:21:12.881773 1969066752 solver.cpp:252]     Train net output #0: loss = 0.185319 (* 1 = 0.185319 loss)
I1204 18:21:12.881780 1969066752 sgd_solver.cpp:106] Iteration 63, lr = 1e-27
I1204 18:21:12.886517 1969066752 solver.cpp:340] Iteration 64, Testing net (#0)
I1204 18:21:13.043138 1969066752 solver.cpp:408]     Test net output #0: loss = 0.569942 (* 1 = 0.569942 loss)
I1204 18:21:13.910863 1969066752 solver.cpp:236] Iteration 64, loss = 0.155789
I1204 18:21:13.910890 1969066752 solver.cpp:252]     Train net output #0: loss = 0.155789 (* 1 = 0.155789 loss)
I1204 18:21:13.910897 1969066752 sgd_solver.cpp:106] Iteration 64, lr = 1e-27
I1204 18:21:13.915434 1969066752 solver.cpp:340] Iteration 65, Testing net (#0)
I1204 18:21:14.076127 1969066752 solver.cpp:408]     Test net output #0: loss = 0.589981 (* 1 = 0.589981 loss)
I1204 18:21:14.948160 1969066752 solver.cpp:236] Iteration 65, loss = 0.181298
I1204 18:21:14.948185 1969066752 solver.cpp:252]     Train net output #0: loss = 0.181298 (* 1 = 0.181298 loss)
I1204 18:21:14.948191 1969066752 sgd_solver.cpp:106] Iteration 65, lr = 1e-27
I1204 18:21:14.952211 1969066752 solver.cpp:340] Iteration 66, Testing net (#0)
I1204 18:21:15.105496 1969066752 solver.cpp:408]     Test net output #0: loss = 0.469998 (* 1 = 0.469998 loss)
I1204 18:21:15.948055 1969066752 solver.cpp:236] Iteration 66, loss = 0.178057
I1204 18:21:15.948082 1969066752 solver.cpp:252]     Train net output #0: loss = 0.178057 (* 1 = 0.178057 loss)
I1204 18:21:15.948089 1969066752 sgd_solver.cpp:106] Iteration 66, lr = 1e-27
I1204 18:21:15.952059 1969066752 solver.cpp:340] Iteration 67, Testing net (#0)
I1204 18:21:16.104964 1969066752 solver.cpp:408]     Test net output #0: loss = 0.518498 (* 1 = 0.518498 loss)
I1204 18:21:16.961490 1969066752 solver.cpp:236] Iteration 67, loss = 0.171286
I1204 18:21:16.961516 1969066752 solver.cpp:252]     Train net output #0: loss = 0.171286 (* 1 = 0.171286 loss)
I1204 18:21:16.961524 1969066752 sgd_solver.cpp:106] Iteration 67, lr = 1e-27
I1204 18:21:16.965736 1969066752 solver.cpp:340] Iteration 68, Testing net (#0)
I1204 18:21:17.120363 1969066752 solver.cpp:408]     Test net output #0: loss = 0.587287 (* 1 = 0.587287 loss)
I1204 18:21:18.006716 1969066752 solver.cpp:236] Iteration 68, loss = 0.177187
I1204 18:21:18.006743 1969066752 solver.cpp:252]     Train net output #0: loss = 0.177187 (* 1 = 0.177187 loss)
I1204 18:21:18.006750 1969066752 sgd_solver.cpp:106] Iteration 68, lr = 1e-27
I1204 18:21:18.010996 1969066752 solver.cpp:340] Iteration 69, Testing net (#0)
I1204 18:21:18.163573 1969066752 solver.cpp:408]     Test net output #0: loss = 0.522047 (* 1 = 0.522047 loss)
I1204 18:21:19.001333 1969066752 solver.cpp:236] Iteration 69, loss = 0.184941
I1204 18:21:19.001361 1969066752 solver.cpp:252]     Train net output #0: loss = 0.184941 (* 1 = 0.184941 loss)
I1204 18:21:19.001368 1969066752 sgd_solver.cpp:106] Iteration 69, lr = 1e-27
I1204 18:21:19.005347 1969066752 solver.cpp:340] Iteration 70, Testing net (#0)
I1204 18:21:19.161706 1969066752 solver.cpp:408]     Test net output #0: loss = 0.571058 (* 1 = 0.571058 loss)
I1204 18:21:20.005201 1969066752 solver.cpp:236] Iteration 70, loss = 0.191812
I1204 18:21:20.005228 1969066752 solver.cpp:252]     Train net output #0: loss = 0.191812 (* 1 = 0.191812 loss)
I1204 18:21:20.005235 1969066752 sgd_solver.cpp:106] Iteration 70, lr = 1e-27
I1204 18:21:20.009465 1969066752 solver.cpp:340] Iteration 71, Testing net (#0)
I1204 18:21:20.164639 1969066752 solver.cpp:408]     Test net output #0: loss = 0.590972 (* 1 = 0.590972 loss)
I1204 18:21:21.017860 1969066752 solver.cpp:236] Iteration 71, loss = 0.157374
I1204 18:21:21.017887 1969066752 solver.cpp:252]     Train net output #0: loss = 0.157374 (* 1 = 0.157374 loss)
I1204 18:21:21.017894 1969066752 sgd_solver.cpp:106] Iteration 71, lr = 1e-27
I1204 18:21:21.022167 1969066752 solver.cpp:340] Iteration 72, Testing net (#0)
I1204 18:21:21.175055 1969066752 solver.cpp:408]     Test net output #0: loss = 0.471118 (* 1 = 0.471118 loss)
I1204 18:21:22.050618 1969066752 solver.cpp:236] Iteration 72, loss = 0.185955
I1204 18:21:22.050644 1969066752 solver.cpp:252]     Train net output #0: loss = 0.185955 (* 1 = 0.185955 loss)
I1204 18:21:22.050650 1969066752 sgd_solver.cpp:106] Iteration 72, lr = 1e-27
I1204 18:21:22.055328 1969066752 solver.cpp:340] Iteration 73, Testing net (#0)
I1204 18:21:22.228843 1969066752 solver.cpp:408]     Test net output #0: loss = 0.518987 (* 1 = 0.518987 loss)
I1204 18:21:23.108224 1969066752 solver.cpp:236] Iteration 73, loss = 0.185285
I1204 18:21:23.108253 1969066752 solver.cpp:252]     Train net output #0: loss = 0.185285 (* 1 = 0.185285 loss)
I1204 18:21:23.108260 1969066752 sgd_solver.cpp:106] Iteration 73, lr = 1e-27
I1204 18:21:23.112316 1969066752 solver.cpp:340] Iteration 74, Testing net (#0)
I1204 18:21:23.269887 1969066752 solver.cpp:408]     Test net output #0: loss = 0.587963 (* 1 = 0.587963 loss)
I1204 18:21:24.138097 1969066752 solver.cpp:236] Iteration 74, loss = 0.187157
I1204 18:21:24.138123 1969066752 solver.cpp:252]     Train net output #0: loss = 0.187157 (* 1 = 0.187157 loss)
I1204 18:21:24.138129 1969066752 sgd_solver.cpp:106] Iteration 74, lr = 1e-27
I1204 18:21:24.142156 1969066752 solver.cpp:340] Iteration 75, Testing net (#0)
I1204 18:21:24.295577 1969066752 solver.cpp:408]     Test net output #0: loss = 0.522696 (* 1 = 0.522696 loss)
I1204 18:21:25.134623 1969066752 solver.cpp:236] Iteration 75, loss = 0.15725
I1204 18:21:25.134649 1969066752 solver.cpp:252]     Train net output #0: loss = 0.15725 (* 1 = 0.15725 loss)
I1204 18:21:25.134655 1969066752 sgd_solver.cpp:106] Iteration 75, lr = 1e-27
I1204 18:21:25.138748 1969066752 solver.cpp:340] Iteration 76, Testing net (#0)
I1204 18:21:25.292014 1969066752 solver.cpp:408]     Test net output #0: loss = 0.571651 (* 1 = 0.571651 loss)
I1204 18:21:26.160006 1969066752 solver.cpp:236] Iteration 76, loss = 0.182794
I1204 18:21:26.160032 1969066752 solver.cpp:252]     Train net output #0: loss = 0.182794 (* 1 = 0.182794 loss)
I1204 18:21:26.160038 1969066752 sgd_solver.cpp:106] Iteration 76, lr = 1e-27
I1204 18:21:26.164108 1969066752 solver.cpp:340] Iteration 77, Testing net (#0)
I1204 18:21:26.318253 1969066752 solver.cpp:408]     Test net output #0: loss = 0.591499 (* 1 = 0.591499 loss)
I1204 18:21:27.159719 1969066752 solver.cpp:236] Iteration 77, loss = 0.17936
I1204 18:21:27.159745 1969066752 solver.cpp:252]     Train net output #0: loss = 0.17936 (* 1 = 0.17936 loss)
I1204 18:21:27.159752 1969066752 sgd_solver.cpp:106] Iteration 77, lr = 1e-27
I1204 18:21:27.164101 1969066752 solver.cpp:340] Iteration 78, Testing net (#0)
I1204 18:21:27.319144 1969066752 solver.cpp:408]     Test net output #0: loss = 0.471713 (* 1 = 0.471713 loss)
I1204 18:21:28.158712 1969066752 solver.cpp:236] Iteration 78, loss = 0.172375
I1204 18:21:28.158757 1969066752 solver.cpp:252]     Train net output #0: loss = 0.172375 (* 1 = 0.172375 loss)
I1204 18:21:28.158769 1969066752 sgd_solver.cpp:106] Iteration 78, lr = 1e-27
I1204 18:21:28.163655 1969066752 solver.cpp:340] Iteration 79, Testing net (#0)
I1204 18:21:28.326689 1969066752 solver.cpp:408]     Test net output #0: loss = 0.519246 (* 1 = 0.519246 loss)
I1204 18:21:29.256716 1969066752 solver.cpp:236] Iteration 79, loss = 0.17822
I1204 18:21:29.256745 1969066752 solver.cpp:252]     Train net output #0: loss = 0.17822 (* 1 = 0.17822 loss)
I1204 18:21:29.256753 1969066752 sgd_solver.cpp:106] Iteration 79, lr = 1e-27
I1204 18:21:29.261260 1969066752 solver.cpp:461] Snapshotting to binary proto file weights_iter_80.caffemodel
I1204 18:21:29.311280 1969066752 sgd_solver.cpp:269] Snapshotting solver state to binary proto file weights_iter_80.solverstate
I1204 18:21:29.350891 1969066752 solver.cpp:340] Iteration 80, Testing net (#0)
I1204 18:21:29.514628 1969066752 solver.cpp:408]     Test net output #0: loss = 0.588323 (* 1 = 0.588323 loss)
I1204 18:21:30.355397 1969066752 solver.cpp:236] Iteration 80, loss = 0.185932
I1204 18:21:30.355425 1969066752 solver.cpp:252]     Train net output #0: loss = 0.185932 (* 1 = 0.185932 loss)
I1204 18:21:30.355432 1969066752 sgd_solver.cpp:106] Iteration 80, lr = 1e-35
I1204 18:21:30.372669 1969066752 solver.cpp:340] Iteration 81, Testing net (#0)
I1204 18:21:30.529815 1969066752 solver.cpp:408]     Test net output #0: loss = 0.52304 (* 1 = 0.52304 loss)
I1204 18:21:31.369664 1969066752 solver.cpp:236] Iteration 81, loss = 0.192733
I1204 18:21:31.369691 1969066752 solver.cpp:252]     Train net output #0: loss = 0.192733 (* 1 = 0.192733 loss)
I1204 18:21:31.369699 1969066752 sgd_solver.cpp:106] Iteration 81, lr = 1e-35
I1204 18:21:31.386111 1969066752 solver.cpp:340] Iteration 82, Testing net (#0)
I1204 18:21:31.539278 1969066752 solver.cpp:408]     Test net output #0: loss = 0.571966 (* 1 = 0.571966 loss)
I1204 18:21:32.378741 1969066752 solver.cpp:236] Iteration 82, loss = 0.158024
I1204 18:21:32.378767 1969066752 solver.cpp:252]     Train net output #0: loss = 0.158024 (* 1 = 0.158024 loss)
I1204 18:21:32.378774 1969066752 sgd_solver.cpp:106] Iteration 82, lr = 1e-35
I1204 18:21:32.396334 1969066752 solver.cpp:340] Iteration 83, Testing net (#0)
I1204 18:21:32.552237 1969066752 solver.cpp:408]     Test net output #0: loss = 0.591779 (* 1 = 0.591779 loss)
I1204 18:21:33.388233 1969066752 solver.cpp:236] Iteration 83, loss = 0.186671
I1204 18:21:33.388259 1969066752 solver.cpp:252]     Train net output #0: loss = 0.186671 (* 1 = 0.186671 loss)
I1204 18:21:33.388267 1969066752 sgd_solver.cpp:106] Iteration 83, lr = 1e-35
I1204 18:21:33.404539 1969066752 solver.cpp:340] Iteration 84, Testing net (#0)
I1204 18:21:33.556946 1969066752 solver.cpp:408]     Test net output #0: loss = 0.47203 (* 1 = 0.47203 loss)
I1204 18:21:34.392880 1969066752 solver.cpp:236] Iteration 84, loss = 0.185916
I1204 18:21:34.392906 1969066752 solver.cpp:252]     Train net output #0: loss = 0.185916 (* 1 = 0.185916 loss)
I1204 18:21:34.392913 1969066752 sgd_solver.cpp:106] Iteration 84, lr = 1e-35
I1204 18:21:34.409566 1969066752 solver.cpp:340] Iteration 85, Testing net (#0)
I1204 18:21:34.573202 1969066752 solver.cpp:408]     Test net output #0: loss = 0.519385 (* 1 = 0.519385 loss)
I1204 18:21:35.439975 1969066752 solver.cpp:236] Iteration 85, loss = 0.187733
I1204 18:21:35.440003 1969066752 solver.cpp:252]     Train net output #0: loss = 0.187733 (* 1 = 0.187733 loss)
I1204 18:21:35.440011 1969066752 sgd_solver.cpp:106] Iteration 85, lr = 1e-35
I1204 18:21:35.456356 1969066752 solver.cpp:340] Iteration 86, Testing net (#0)
I1204 18:21:35.612989 1969066752 solver.cpp:408]     Test net output #0: loss = 0.588514 (* 1 = 0.588514 loss)
I1204 18:21:36.452489 1969066752 solver.cpp:236] Iteration 86, loss = 0.157709
I1204 18:21:36.452515 1969066752 solver.cpp:252]     Train net output #0: loss = 0.157709 (* 1 = 0.157709 loss)
I1204 18:21:36.452522 1969066752 sgd_solver.cpp:106] Iteration 86, lr = 1e-35
I1204 18:21:36.469781 1969066752 solver.cpp:340] Iteration 87, Testing net (#0)
I1204 18:21:36.622133 1969066752 solver.cpp:408]     Test net output #0: loss = 0.523223 (* 1 = 0.523223 loss)
I1204 18:21:37.462275 1969066752 solver.cpp:236] Iteration 87, loss = 0.183264
I1204 18:21:37.462301 1969066752 solver.cpp:252]     Train net output #0: loss = 0.183264 (* 1 = 0.183264 loss)
I1204 18:21:37.462308 1969066752 sgd_solver.cpp:106] Iteration 87, lr = 1e-35
I1204 18:21:37.479020 1969066752 solver.cpp:340] Iteration 88, Testing net (#0)
I1204 18:21:37.633370 1969066752 solver.cpp:408]     Test net output #0: loss = 0.572133 (* 1 = 0.572133 loss)
I1204 18:21:38.486735 1969066752 solver.cpp:236] Iteration 88, loss = 0.179769
I1204 18:21:38.486773 1969066752 solver.cpp:252]     Train net output #0: loss = 0.179769 (* 1 = 0.179769 loss)
I1204 18:21:38.486779 1969066752 sgd_solver.cpp:106] Iteration 88, lr = 1e-35
I1204 18:21:38.503790 1969066752 solver.cpp:340] Iteration 89, Testing net (#0)
I1204 18:21:38.668642 1969066752 solver.cpp:408]     Test net output #0: loss = 0.591928 (* 1 = 0.591928 loss)
I1204 18:21:39.574340 1969066752 solver.cpp:236] Iteration 89, loss = 0.172717
I1204 18:21:39.574373 1969066752 solver.cpp:252]     Train net output #0: loss = 0.172717 (* 1 = 0.172717 loss)
I1204 18:21:39.574383 1969066752 sgd_solver.cpp:106] Iteration 89, lr = 1e-35
I1204 18:21:39.592514 1969066752 solver.cpp:340] Iteration 90, Testing net (#0)
I1204 18:21:39.747879 1969066752 solver.cpp:408]     Test net output #0: loss = 0.472198 (* 1 = 0.472198 loss)
I1204 18:21:40.603732 1969066752 solver.cpp:236] Iteration 90, loss = 0.178545
I1204 18:21:40.603760 1969066752 solver.cpp:252]     Train net output #0: loss = 0.178545 (* 1 = 0.178545 loss)
I1204 18:21:40.603766 1969066752 sgd_solver.cpp:106] Iteration 90, lr = 1e-35
I1204 18:21:40.620349 1969066752 solver.cpp:340] Iteration 91, Testing net (#0)
I1204 18:21:40.774041 1969066752 solver.cpp:408]     Test net output #0: loss = 0.519458 (* 1 = 0.519458 loss)
I1204 18:21:41.651130 1969066752 solver.cpp:236] Iteration 91, loss = 0.186244
I1204 18:21:41.651157 1969066752 solver.cpp:252]     Train net output #0: loss = 0.186244 (* 1 = 0.186244 loss)
I1204 18:21:41.651163 1969066752 sgd_solver.cpp:106] Iteration 91, lr = 1e-35
I1204 18:21:41.668737 1969066752 solver.cpp:340] Iteration 92, Testing net (#0)
I1204 18:21:41.826838 1969066752 solver.cpp:408]     Test net output #0: loss = 0.588616 (* 1 = 0.588616 loss)
