I1207 03:15:54.398545 2039878400 caffe.cpp:177] Use CPU.
I1207 03:15:54.961554 2039878400 solver.cpp:47] Initializing solver from parameters: 
test_iter: 1
test_interval: 1
base_lr: 0.001
display: 1
max_iter: 300
lr_policy: "step"
gamma: 0.001
momentum: 0.9
weight_decay: 0.0005
stepsize: 150
snapshot: 5
snapshot_prefix: "weights"
solver_mode: CPU
net: "/Users/JonathanLee/Desktop/sandbox/vision/Net/nets/net9/trainer9.prototxt"
I1207 03:15:54.961875 2039878400 solver.cpp:90] Creating training net from net file: /Users/JonathanLee/Desktop/sandbox/vision/Net/nets/net9/trainer9.prototxt
I1207 03:15:54.962085 2039878400 net.cpp:322] The NetState phase (0) differed from the phase (1) specified by a rule in layer data
I1207 03:15:54.962113 2039878400 net.cpp:49] Initializing net from parameters: 
name: "net"
state {
  phase: TRAIN
}
layer {
  name: "data"
  type: "HDF5Data"
  top: "data"
  top: "labels"
  include {
    phase: TRAIN
  }
  hdf5_data_param {
    source: "/Users/JonathanLee/Desktop/sandbox/vision/Net/hdf/train_hdf.txt"
    batch_size: 500
  }
}
layer {
  name: "conv1"
  type: "Convolution"
  bottom: "data"
  top: "conv1"
  param {
    lr_mult: 1
    decay_mult: 1
  }
  param {
    lr_mult: 2
    decay_mult: 0
  }
  convolution_param {
    num_output: 16
    kernel_size: 11
    stride: 1
    weight_filler {
      type: "xavier"
    }
    bias_filler {
      type: "constant"
      value: 0
    }
  }
}
layer {
  name: "reluConv1"
  type: "ReLU"
  bottom: "conv1"
  top: "conv1"
}
layer {
  name: "conv2"
  type: "Convolution"
  bottom: "conv1"
  top: "conv2"
  param {
    lr_mult: 1
    decay_mult: 1
  }
  param {
    lr_mult: 2
    decay_mult: 0
  }
  convolution_param {
    num_output: 16
    kernel_size: 11
    stride: 2
    weight_filler {
      type: "xavier"
    }
    bias_filler {
      type: "constant"
      value: 0
    }
  }
}
layer {
  name: "reluConv2"
  type: "ReLU"
  bottom: "conv2"
  top: "conv2"
}
layer {
  name: "fc1"
  type: "InnerProduct"
  bottom: "conv2"
  top: "fc1"
  param {
    lr_mult: 1
    decay_mult: 1
  }
  param {
    lr_mult: 2
    decay_mult: 0
  }
  inner_product_param {
    num_output: 40
    weight_filler {
      type: "xavier"
    }
    bias_filler {
      type: "constant"
      value: 0
    }
  }
}
layer {
  name: "relu1"
  type: "ReLU"
  bottom: "fc1"
  top: "fc1"
}
layer {
  name: "fc2"
  type: "InnerProduct"
  bottom: "fc1"
  top: "fc2"
  param {
    lr_mult: 1
    decay_mult: 1
  }
  param {
    lr_mult: 2
    decay_mult: 0
  }
  inner_product_param {
    num_output: 4
    weight_filler {
      type: "xavier"
    }
    bias_filler {
      type: "constant"
      value: 0
    }
  }
}
layer {
  name: "out"
  type: "ReLU"
  bottom: "fc2"
  top: "out"
}
layer {
  name: "loss"
  type: "EuclideanLoss"
  bottom: "out"
  bottom: "labels"
  top: "loss"
}
I1207 03:15:54.962230 2039878400 layer_factory.hpp:76] Creating layer data
I1207 03:15:54.962244 2039878400 net.cpp:106] Creating Layer data
I1207 03:15:54.962249 2039878400 net.cpp:411] data -> data
I1207 03:15:54.962266 2039878400 net.cpp:411] data -> labels
I1207 03:15:54.962278 2039878400 hdf5_data_layer.cpp:79] Loading list of HDF5 filenames from: /Users/JonathanLee/Desktop/sandbox/vision/Net/hdf/train_hdf.txt
I1207 03:15:54.962311 2039878400 hdf5_data_layer.cpp:93] Number of HDF5 files: 1
I1207 03:15:54.963250 2039878400 hdf5.cpp:32] Datatype class: H5T_FLOAT
I1207 03:15:55.159099 2039878400 net.cpp:150] Setting up data
I1207 03:15:55.159137 2039878400 net.cpp:157] Top shape: 500 3 125 125 (23437500)
I1207 03:15:55.159147 2039878400 net.cpp:157] Top shape: 500 4 (2000)
I1207 03:15:55.159152 2039878400 net.cpp:165] Memory required for data: 93758000
I1207 03:15:55.159159 2039878400 layer_factory.hpp:76] Creating layer conv1
I1207 03:15:55.159181 2039878400 net.cpp:106] Creating Layer conv1
I1207 03:15:55.159188 2039878400 net.cpp:454] conv1 <- data
I1207 03:15:55.159195 2039878400 net.cpp:411] conv1 -> conv1
I1207 03:15:55.163697 2039878400 net.cpp:150] Setting up conv1
I1207 03:15:55.163707 2039878400 net.cpp:157] Top shape: 500 16 115 115 (105800000)
I1207 03:15:55.163723 2039878400 net.cpp:165] Memory required for data: 516958000
I1207 03:15:55.163772 2039878400 layer_factory.hpp:76] Creating layer reluConv1
I1207 03:15:55.163781 2039878400 net.cpp:106] Creating Layer reluConv1
I1207 03:15:55.163786 2039878400 net.cpp:454] reluConv1 <- conv1
I1207 03:15:55.163791 2039878400 net.cpp:397] reluConv1 -> conv1 (in-place)
I1207 03:15:55.163797 2039878400 net.cpp:150] Setting up reluConv1
I1207 03:15:55.163801 2039878400 net.cpp:157] Top shape: 500 16 115 115 (105800000)
I1207 03:15:55.163806 2039878400 net.cpp:165] Memory required for data: 940158000
I1207 03:15:55.163810 2039878400 layer_factory.hpp:76] Creating layer conv2
I1207 03:15:55.163817 2039878400 net.cpp:106] Creating Layer conv2
I1207 03:15:55.163821 2039878400 net.cpp:454] conv2 <- conv1
I1207 03:15:55.163830 2039878400 net.cpp:411] conv2 -> conv2
I1207 03:15:55.164149 2039878400 net.cpp:150] Setting up conv2
I1207 03:15:55.164155 2039878400 net.cpp:157] Top shape: 500 16 53 53 (22472000)
I1207 03:15:55.164171 2039878400 net.cpp:165] Memory required for data: 1030046000
I1207 03:15:55.164218 2039878400 layer_factory.hpp:76] Creating layer reluConv2
I1207 03:15:55.164232 2039878400 net.cpp:106] Creating Layer reluConv2
I1207 03:15:55.164237 2039878400 net.cpp:454] reluConv2 <- conv2
I1207 03:15:55.164242 2039878400 net.cpp:397] reluConv2 -> conv2 (in-place)
I1207 03:15:55.164249 2039878400 net.cpp:150] Setting up reluConv2
I1207 03:15:55.164253 2039878400 net.cpp:157] Top shape: 500 16 53 53 (22472000)
I1207 03:15:55.164259 2039878400 net.cpp:165] Memory required for data: 1119934000
I1207 03:15:55.164263 2039878400 layer_factory.hpp:76] Creating layer fc1
I1207 03:15:55.164271 2039878400 net.cpp:106] Creating Layer fc1
I1207 03:15:55.164275 2039878400 net.cpp:454] fc1 <- conv2
I1207 03:15:55.164280 2039878400 net.cpp:411] fc1 -> fc1
I1207 03:15:55.178673 2039878400 net.cpp:150] Setting up fc1
I1207 03:15:55.178700 2039878400 net.cpp:157] Top shape: 500 40 (20000)
I1207 03:15:55.178707 2039878400 net.cpp:165] Memory required for data: 1120014000
I1207 03:15:55.178719 2039878400 layer_factory.hpp:76] Creating layer relu1
I1207 03:15:55.178756 2039878400 net.cpp:106] Creating Layer relu1
I1207 03:15:55.178766 2039878400 net.cpp:454] relu1 <- fc1
I1207 03:15:55.178781 2039878400 net.cpp:397] relu1 -> fc1 (in-place)
I1207 03:15:55.178796 2039878400 net.cpp:150] Setting up relu1
I1207 03:15:55.178802 2039878400 net.cpp:157] Top shape: 500 40 (20000)
I1207 03:15:55.178812 2039878400 net.cpp:165] Memory required for data: 1120094000
I1207 03:15:55.178819 2039878400 layer_factory.hpp:76] Creating layer fc2
I1207 03:15:55.178833 2039878400 net.cpp:106] Creating Layer fc2
I1207 03:15:55.178843 2039878400 net.cpp:454] fc2 <- fc1
I1207 03:15:55.178853 2039878400 net.cpp:411] fc2 -> fc2
I1207 03:15:55.178890 2039878400 net.cpp:150] Setting up fc2
I1207 03:15:55.178899 2039878400 net.cpp:157] Top shape: 500 4 (2000)
I1207 03:15:55.178907 2039878400 net.cpp:165] Memory required for data: 1120102000
I1207 03:15:55.178918 2039878400 layer_factory.hpp:76] Creating layer out
I1207 03:15:55.178930 2039878400 net.cpp:106] Creating Layer out
I1207 03:15:55.178938 2039878400 net.cpp:454] out <- fc2
I1207 03:15:55.178947 2039878400 net.cpp:411] out -> out
I1207 03:15:55.178961 2039878400 net.cpp:150] Setting up out
I1207 03:15:55.178969 2039878400 net.cpp:157] Top shape: 500 4 (2000)
I1207 03:15:55.178978 2039878400 net.cpp:165] Memory required for data: 1120110000
I1207 03:15:55.178985 2039878400 layer_factory.hpp:76] Creating layer loss
I1207 03:15:55.178997 2039878400 net.cpp:106] Creating Layer loss
I1207 03:15:55.179007 2039878400 net.cpp:454] loss <- out
I1207 03:15:55.179015 2039878400 net.cpp:454] loss <- labels
I1207 03:15:55.179030 2039878400 net.cpp:411] loss -> loss
I1207 03:15:55.179052 2039878400 net.cpp:150] Setting up loss
I1207 03:15:55.179060 2039878400 net.cpp:157] Top shape: (1)
I1207 03:15:55.179069 2039878400 net.cpp:160]     with loss weight 1
I1207 03:15:55.179087 2039878400 net.cpp:165] Memory required for data: 1120110004
I1207 03:15:55.179095 2039878400 net.cpp:226] loss needs backward computation.
I1207 03:15:55.179184 2039878400 net.cpp:226] out needs backward computation.
I1207 03:15:55.179196 2039878400 net.cpp:226] fc2 needs backward computation.
I1207 03:15:55.179204 2039878400 net.cpp:226] relu1 needs backward computation.
I1207 03:15:55.179214 2039878400 net.cpp:226] fc1 needs backward computation.
I1207 03:15:55.179222 2039878400 net.cpp:226] reluConv2 needs backward computation.
I1207 03:15:55.179230 2039878400 net.cpp:226] conv2 needs backward computation.
I1207 03:15:55.179239 2039878400 net.cpp:226] reluConv1 needs backward computation.
I1207 03:15:55.179247 2039878400 net.cpp:226] conv1 needs backward computation.
I1207 03:15:55.179255 2039878400 net.cpp:228] data does not need backward computation.
I1207 03:15:55.179265 2039878400 net.cpp:270] This network produces output loss
I1207 03:15:55.179286 2039878400 net.cpp:283] Network initialization done.
I1207 03:15:55.179648 2039878400 solver.cpp:180] Creating test net (#0) specified by net file: /Users/JonathanLee/Desktop/sandbox/vision/Net/nets/net9/trainer9.prototxt
I1207 03:15:55.179699 2039878400 net.cpp:322] The NetState phase (1) differed from the phase (0) specified by a rule in layer data
I1207 03:15:55.179745 2039878400 net.cpp:49] Initializing net from parameters: 
name: "net"
state {
  phase: TEST
}
layer {
  name: "data"
  type: "HDF5Data"
  top: "data"
  top: "labels"
  include {
    phase: TEST
  }
  hdf5_data_param {
    source: "/Users/JonathanLee/Desktop/sandbox/vision/Net/hdf/test_hdf.txt"
    batch_size: 120
  }
}
layer {
  name: "conv1"
  type: "Convolution"
  bottom: "data"
  top: "conv1"
  param {
    lr_mult: 1
    decay_mult: 1
  }
  param {
    lr_mult: 2
    decay_mult: 0
  }
  convolution_param {
    num_output: 16
    kernel_size: 11
    stride: 1
    weight_filler {
      type: "xavier"
    }
    bias_filler {
      type: "constant"
      value: 0
    }
  }
}
layer {
  name: "reluConv1"
  type: "ReLU"
  bottom: "conv1"
  top: "conv1"
}
layer {
  name: "conv2"
  type: "Convolution"
  bottom: "conv1"
  top: "conv2"
  param {
    lr_mult: 1
    decay_mult: 1
  }
  param {
    lr_mult: 2
    decay_mult: 0
  }
  convolution_param {
    num_output: 16
    kernel_size: 11
    stride: 2
    weight_filler {
      type: "xavier"
    }
    bias_filler {
      type: "constant"
      value: 0
    }
  }
}
layer {
  name: "reluConv2"
  type: "ReLU"
  bottom: "conv2"
  top: "conv2"
}
layer {
  name: "fc1"
  type: "InnerProduct"
  bottom: "conv2"
  top: "fc1"
  param {
    lr_mult: 1
    decay_mult: 1
  }
  param {
    lr_mult: 2
    decay_mult: 0
  }
  inner_product_param {
    num_output: 40
    weight_filler {
      type: "xavier"
    }
    bias_filler {
      type: "constant"
      value: 0
    }
  }
}
layer {
  name: "relu1"
  type: "ReLU"
  bottom: "fc1"
  top: "fc1"
}
layer {
  name: "fc2"
  type: "InnerProduct"
  bottom: "fc1"
  top: "fc2"
  param {
    lr_mult: 1
    decay_mult: 1
  }
  param {
    lr_mult: 2
    decay_mult: 0
  }
  inner_product_param {
    num_output: 4
    weight_filler {
      type: "xavier"
    }
    bias_filler {
      type: "constant"
      value: 0
    }
  }
}
layer {
  name: "out"
  type: "ReLU"
  bottom: "fc2"
  top: "out"
}
layer {
  name: "loss"
  type: "EuclideanLoss"
  bottom: "out"
  bottom: "labels"
  top: "loss"
}
I1207 03:15:55.179960 2039878400 layer_factory.hpp:76] Creating layer data
I1207 03:15:55.179970 2039878400 net.cpp:106] Creating Layer data
I1207 03:15:55.179977 2039878400 net.cpp:411] data -> data
I1207 03:15:55.179988 2039878400 net.cpp:411] data -> labels
I1207 03:15:55.179998 2039878400 hdf5_data_layer.cpp:79] Loading list of HDF5 filenames from: /Users/JonathanLee/Desktop/sandbox/vision/Net/hdf/test_hdf.txt
I1207 03:15:55.180037 2039878400 hdf5_data_layer.cpp:93] Number of HDF5 files: 1
I1207 03:15:55.238898 2039878400 net.cpp:150] Setting up data
I1207 03:15:55.238922 2039878400 net.cpp:157] Top shape: 120 3 125 125 (5625000)
I1207 03:15:55.238940 2039878400 net.cpp:157] Top shape: 120 4 (480)
I1207 03:15:55.238996 2039878400 net.cpp:165] Memory required for data: 22501920
I1207 03:15:55.239047 2039878400 layer_factory.hpp:76] Creating layer conv1
I1207 03:15:55.239063 2039878400 net.cpp:106] Creating Layer conv1
I1207 03:15:55.239070 2039878400 net.cpp:454] conv1 <- data
I1207 03:15:55.239083 2039878400 net.cpp:411] conv1 -> conv1
I1207 03:15:55.239197 2039878400 net.cpp:150] Setting up conv1
I1207 03:15:55.239203 2039878400 net.cpp:157] Top shape: 120 16 115 115 (25392000)
I1207 03:15:55.239220 2039878400 net.cpp:165] Memory required for data: 124069920
I1207 03:15:55.239228 2039878400 layer_factory.hpp:76] Creating layer reluConv1
I1207 03:15:55.239234 2039878400 net.cpp:106] Creating Layer reluConv1
I1207 03:15:55.239238 2039878400 net.cpp:454] reluConv1 <- conv1
I1207 03:15:55.239244 2039878400 net.cpp:397] reluConv1 -> conv1 (in-place)
I1207 03:15:55.239251 2039878400 net.cpp:150] Setting up reluConv1
I1207 03:15:55.239258 2039878400 net.cpp:157] Top shape: 120 16 115 115 (25392000)
I1207 03:15:55.239267 2039878400 net.cpp:165] Memory required for data: 225637920
I1207 03:15:55.239274 2039878400 layer_factory.hpp:76] Creating layer conv2
I1207 03:15:55.239280 2039878400 net.cpp:106] Creating Layer conv2
I1207 03:15:55.239284 2039878400 net.cpp:454] conv2 <- conv1
I1207 03:15:55.239289 2039878400 net.cpp:411] conv2 -> conv2
I1207 03:15:55.239619 2039878400 net.cpp:150] Setting up conv2
I1207 03:15:55.239624 2039878400 net.cpp:157] Top shape: 120 16 53 53 (5393280)
I1207 03:15:55.239639 2039878400 net.cpp:165] Memory required for data: 247211040
I1207 03:15:55.239651 2039878400 layer_factory.hpp:76] Creating layer reluConv2
I1207 03:15:55.239668 2039878400 net.cpp:106] Creating Layer reluConv2
I1207 03:15:55.239672 2039878400 net.cpp:454] reluConv2 <- conv2
I1207 03:15:55.239678 2039878400 net.cpp:397] reluConv2 -> conv2 (in-place)
I1207 03:15:55.239683 2039878400 net.cpp:150] Setting up reluConv2
I1207 03:15:55.239687 2039878400 net.cpp:157] Top shape: 120 16 53 53 (5393280)
I1207 03:15:55.239692 2039878400 net.cpp:165] Memory required for data: 268784160
I1207 03:15:55.239696 2039878400 layer_factory.hpp:76] Creating layer fc1
I1207 03:15:55.239706 2039878400 net.cpp:106] Creating Layer fc1
I1207 03:15:55.239712 2039878400 net.cpp:454] fc1 <- conv2
I1207 03:15:55.239718 2039878400 net.cpp:411] fc1 -> fc1
I1207 03:15:55.254079 2039878400 net.cpp:150] Setting up fc1
I1207 03:15:55.254101 2039878400 net.cpp:157] Top shape: 120 40 (4800)
I1207 03:15:55.254117 2039878400 net.cpp:165] Memory required for data: 268803360
I1207 03:15:55.254127 2039878400 layer_factory.hpp:76] Creating layer relu1
I1207 03:15:55.254134 2039878400 net.cpp:106] Creating Layer relu1
I1207 03:15:55.254138 2039878400 net.cpp:454] relu1 <- fc1
I1207 03:15:55.254143 2039878400 net.cpp:397] relu1 -> fc1 (in-place)
I1207 03:15:55.254161 2039878400 net.cpp:150] Setting up relu1
I1207 03:15:55.254164 2039878400 net.cpp:157] Top shape: 120 40 (4800)
I1207 03:15:55.254169 2039878400 net.cpp:165] Memory required for data: 268822560
I1207 03:15:55.254173 2039878400 layer_factory.hpp:76] Creating layer fc2
I1207 03:15:55.254180 2039878400 net.cpp:106] Creating Layer fc2
I1207 03:15:55.254184 2039878400 net.cpp:454] fc2 <- fc1
I1207 03:15:55.254190 2039878400 net.cpp:411] fc2 -> fc2
I1207 03:15:55.254205 2039878400 net.cpp:150] Setting up fc2
I1207 03:15:55.254209 2039878400 net.cpp:157] Top shape: 120 4 (480)
I1207 03:15:55.254223 2039878400 net.cpp:165] Memory required for data: 268824480
I1207 03:15:55.254228 2039878400 layer_factory.hpp:76] Creating layer out
I1207 03:15:55.254245 2039878400 net.cpp:106] Creating Layer out
I1207 03:15:55.254267 2039878400 net.cpp:454] out <- fc2
I1207 03:15:55.254284 2039878400 net.cpp:411] out -> out
I1207 03:15:55.254294 2039878400 net.cpp:150] Setting up out
I1207 03:15:55.254298 2039878400 net.cpp:157] Top shape: 120 4 (480)
I1207 03:15:55.254304 2039878400 net.cpp:165] Memory required for data: 268826400
I1207 03:15:55.254308 2039878400 layer_factory.hpp:76] Creating layer loss
I1207 03:15:55.254315 2039878400 net.cpp:106] Creating Layer loss
I1207 03:15:55.254358 2039878400 net.cpp:454] loss <- out
I1207 03:15:55.254374 2039878400 net.cpp:454] loss <- labels
I1207 03:15:55.254379 2039878400 net.cpp:411] loss -> loss
I1207 03:15:55.254389 2039878400 net.cpp:150] Setting up loss
I1207 03:15:55.254391 2039878400 net.cpp:157] Top shape: (1)
I1207 03:15:55.254396 2039878400 net.cpp:160]     with loss weight 1
I1207 03:15:55.254403 2039878400 net.cpp:165] Memory required for data: 268826404
I1207 03:15:55.254407 2039878400 net.cpp:226] loss needs backward computation.
I1207 03:15:55.254411 2039878400 net.cpp:226] out needs backward computation.
I1207 03:15:55.254415 2039878400 net.cpp:226] fc2 needs backward computation.
I1207 03:15:55.254418 2039878400 net.cpp:226] relu1 needs backward computation.
I1207 03:15:55.254422 2039878400 net.cpp:226] fc1 needs backward computation.
I1207 03:15:55.254426 2039878400 net.cpp:226] reluConv2 needs backward computation.
I1207 03:15:55.254429 2039878400 net.cpp:226] conv2 needs backward computation.
I1207 03:15:55.254433 2039878400 net.cpp:226] reluConv1 needs backward computation.
I1207 03:15:55.254437 2039878400 net.cpp:226] conv1 needs backward computation.
I1207 03:15:55.254441 2039878400 net.cpp:228] data does not need backward computation.
I1207 03:15:55.254444 2039878400 net.cpp:270] This network produces output loss
I1207 03:15:55.254458 2039878400 net.cpp:283] Network initialization done.
I1207 03:15:55.254535 2039878400 solver.cpp:59] Solver scaffolding done.
I1207 03:15:55.254576 2039878400 caffe.cpp:212] Starting Optimization
I1207 03:15:55.254581 2039878400 solver.cpp:287] Solving net
I1207 03:15:55.254595 2039878400 solver.cpp:288] Learning Rate Policy: step
I1207 03:15:55.258026 2039878400 solver.cpp:340] Iteration 0, Testing net (#0)
I1207 03:15:57.171108 2039878400 solver.cpp:408]     Test net output #0: loss = 0.475524 (* 1 = 0.475524 loss)
I1207 03:16:18.877369 2039878400 solver.cpp:236] Iteration 0, loss = 0.497926
I1207 03:16:18.877403 2039878400 solver.cpp:252]     Train net output #0: loss = 0.497926 (* 1 = 0.497926 loss)
I1207 03:16:18.877425 2039878400 sgd_solver.cpp:106] Iteration 0, lr = 0.001
I1207 03:16:18.884254 2039878400 solver.cpp:340] Iteration 1, Testing net (#0)
I1207 03:16:20.718224 2039878400 solver.cpp:408]     Test net output #0: loss = 0.447086 (* 1 = 0.447086 loss)
I1207 03:16:41.924731 2039878400 solver.cpp:236] Iteration 1, loss = 0.439463
I1207 03:16:41.924778 2039878400 solver.cpp:252]     Train net output #0: loss = 0.439463 (* 1 = 0.439463 loss)
I1207 03:16:41.924787 2039878400 sgd_solver.cpp:106] Iteration 1, lr = 0.001
I1207 03:16:41.928807 2039878400 solver.cpp:340] Iteration 2, Testing net (#0)
I1207 03:16:43.778914 2039878400 solver.cpp:408]     Test net output #0: loss = 0.353484 (* 1 = 0.353484 loss)
I1207 03:17:05.071285 2039878400 solver.cpp:236] Iteration 2, loss = 0.356115
I1207 03:17:05.071317 2039878400 solver.cpp:252]     Train net output #0: loss = 0.356115 (* 1 = 0.356115 loss)
I1207 03:17:05.071326 2039878400 sgd_solver.cpp:106] Iteration 2, lr = 0.001
I1207 03:17:05.075268 2039878400 solver.cpp:340] Iteration 3, Testing net (#0)
I1207 03:17:06.918689 2039878400 solver.cpp:408]     Test net output #0: loss = 0.212967 (* 1 = 0.212967 loss)
I1207 03:17:28.399915 2039878400 solver.cpp:236] Iteration 3, loss = 0.221504
I1207 03:17:28.399960 2039878400 solver.cpp:252]     Train net output #0: loss = 0.221504 (* 1 = 0.221504 loss)
I1207 03:17:28.399967 2039878400 sgd_solver.cpp:106] Iteration 3, lr = 0.001
I1207 03:17:28.404322 2039878400 solver.cpp:340] Iteration 4, Testing net (#0)
I1207 03:17:30.247035 2039878400 solver.cpp:408]     Test net output #0: loss = 0.159615 (* 1 = 0.159615 loss)
I1207 03:17:51.611024 2039878400 solver.cpp:236] Iteration 4, loss = 0.16111
I1207 03:17:51.611057 2039878400 solver.cpp:252]     Train net output #0: loss = 0.16111 (* 1 = 0.16111 loss)
I1207 03:17:51.611063 2039878400 sgd_solver.cpp:106] Iteration 4, lr = 0.001
I1207 03:17:51.615077 2039878400 solver.cpp:461] Snapshotting to binary proto file weights_iter_5.caffemodel
I1207 03:17:51.696250 2039878400 sgd_solver.cpp:269] Snapshotting solver state to binary proto file weights_iter_5.solverstate
I1207 03:17:51.769793 2039878400 solver.cpp:340] Iteration 5, Testing net (#0)
I1207 03:17:53.617738 2039878400 solver.cpp:408]     Test net output #0: loss = 0.183124 (* 1 = 0.183124 loss)
I1207 03:18:14.850939 2039878400 solver.cpp:236] Iteration 5, loss = 0.190617
I1207 03:18:14.851001 2039878400 solver.cpp:252]     Train net output #0: loss = 0.190617 (* 1 = 0.190617 loss)
I1207 03:18:14.851011 2039878400 sgd_solver.cpp:106] Iteration 5, lr = 0.001
I1207 03:18:14.855013 2039878400 solver.cpp:340] Iteration 6, Testing net (#0)
I1207 03:18:16.702402 2039878400 solver.cpp:408]     Test net output #0: loss = 0.148003 (* 1 = 0.148003 loss)
I1207 03:18:37.920202 2039878400 solver.cpp:236] Iteration 6, loss = 0.184269
I1207 03:18:37.920229 2039878400 solver.cpp:252]     Train net output #0: loss = 0.184269 (* 1 = 0.184269 loss)
I1207 03:18:37.920236 2039878400 sgd_solver.cpp:106] Iteration 6, lr = 0.001
I1207 03:18:37.924267 2039878400 solver.cpp:340] Iteration 7, Testing net (#0)
I1207 03:18:39.779983 2039878400 solver.cpp:408]     Test net output #0: loss = 0.0974387 (* 1 = 0.0974387 loss)
I1207 03:19:00.965698 2039878400 solver.cpp:236] Iteration 7, loss = 0.0955951
I1207 03:19:00.965744 2039878400 solver.cpp:252]     Train net output #0: loss = 0.0955951 (* 1 = 0.0955951 loss)
I1207 03:19:00.965751 2039878400 sgd_solver.cpp:106] Iteration 7, lr = 0.001
I1207 03:19:00.970263 2039878400 solver.cpp:340] Iteration 8, Testing net (#0)
I1207 03:19:02.815894 2039878400 solver.cpp:408]     Test net output #0: loss = 0.0873842 (* 1 = 0.0873842 loss)
I1207 03:19:23.972954 2039878400 solver.cpp:236] Iteration 8, loss = 0.0897052
I1207 03:19:23.972990 2039878400 solver.cpp:252]     Train net output #0: loss = 0.0897052 (* 1 = 0.0897052 loss)
I1207 03:19:23.972997 2039878400 sgd_solver.cpp:106] Iteration 8, lr = 0.001
I1207 03:19:23.976953 2039878400 solver.cpp:340] Iteration 9, Testing net (#0)
I1207 03:19:25.815353 2039878400 solver.cpp:408]     Test net output #0: loss = 0.104485 (* 1 = 0.104485 loss)
I1207 03:19:47.028846 2039878400 solver.cpp:236] Iteration 9, loss = 0.10297
I1207 03:19:47.028890 2039878400 solver.cpp:252]     Train net output #0: loss = 0.10297 (* 1 = 0.10297 loss)
I1207 03:19:47.028898 2039878400 sgd_solver.cpp:106] Iteration 9, lr = 0.001
I1207 03:19:47.032876 2039878400 solver.cpp:461] Snapshotting to binary proto file weights_iter_10.caffemodel
I1207 03:19:47.086844 2039878400 sgd_solver.cpp:269] Snapshotting solver state to binary proto file weights_iter_10.solverstate
I1207 03:19:47.122794 2039878400 solver.cpp:340] Iteration 10, Testing net (#0)
I1207 03:19:48.990721 2039878400 solver.cpp:408]     Test net output #0: loss = 0.103247 (* 1 = 0.103247 loss)
I1207 03:20:10.159885 2039878400 solver.cpp:236] Iteration 10, loss = 0.113473
I1207 03:20:10.159919 2039878400 solver.cpp:252]     Train net output #0: loss = 0.113473 (* 1 = 0.113473 loss)
I1207 03:20:10.159925 2039878400 sgd_solver.cpp:106] Iteration 10, lr = 0.001
I1207 03:20:10.164196 2039878400 solver.cpp:340] Iteration 11, Testing net (#0)
I1207 03:20:12.000696 2039878400 solver.cpp:408]     Test net output #0: loss = 0.108261 (* 1 = 0.108261 loss)
I1207 03:20:33.265259 2039878400 solver.cpp:236] Iteration 11, loss = 0.0962738
I1207 03:20:33.265305 2039878400 solver.cpp:252]     Train net output #0: loss = 0.0962738 (* 1 = 0.0962738 loss)
I1207 03:20:33.265312 2039878400 sgd_solver.cpp:106] Iteration 11, lr = 0.001
I1207 03:20:33.269325 2039878400 solver.cpp:340] Iteration 12, Testing net (#0)
I1207 03:20:35.104698 2039878400 solver.cpp:408]     Test net output #0: loss = 0.0654539 (* 1 = 0.0654539 loss)
I1207 03:20:56.322245 2039878400 solver.cpp:236] Iteration 12, loss = 0.0737343
I1207 03:20:56.322280 2039878400 solver.cpp:252]     Train net output #0: loss = 0.0737343 (* 1 = 0.0737343 loss)
I1207 03:20:56.322288 2039878400 sgd_solver.cpp:106] Iteration 12, lr = 0.001
I1207 03:20:56.326310 2039878400 solver.cpp:340] Iteration 13, Testing net (#0)
I1207 03:20:58.162036 2039878400 solver.cpp:408]     Test net output #0: loss = 0.0601407 (* 1 = 0.0601407 loss)
I1207 03:21:19.405953 2039878400 solver.cpp:236] Iteration 13, loss = 0.059891
I1207 03:21:19.406018 2039878400 solver.cpp:252]     Train net output #0: loss = 0.059891 (* 1 = 0.059891 loss)
I1207 03:21:19.406028 2039878400 sgd_solver.cpp:106] Iteration 13, lr = 0.001
I1207 03:21:19.410128 2039878400 solver.cpp:340] Iteration 14, Testing net (#0)
I1207 03:21:21.250169 2039878400 solver.cpp:408]     Test net output #0: loss = 0.0705544 (* 1 = 0.0705544 loss)
I1207 03:21:42.445735 2039878400 solver.cpp:236] Iteration 14, loss = 0.0754826
I1207 03:21:42.445765 2039878400 solver.cpp:252]     Train net output #0: loss = 0.0754826 (* 1 = 0.0754826 loss)
I1207 03:21:42.445773 2039878400 sgd_solver.cpp:106] Iteration 14, lr = 0.001
I1207 03:21:42.449515 2039878400 solver.cpp:461] Snapshotting to binary proto file weights_iter_15.caffemodel
I1207 03:21:42.506453 2039878400 sgd_solver.cpp:269] Snapshotting solver state to binary proto file weights_iter_15.solverstate
I1207 03:21:42.542752 2039878400 solver.cpp:340] Iteration 15, Testing net (#0)
I1207 03:21:44.391696 2039878400 solver.cpp:408]     Test net output #0: loss = 0.0790154 (* 1 = 0.0790154 loss)
I1207 03:22:05.694212 2039878400 solver.cpp:236] Iteration 15, loss = 0.0837145
I1207 03:22:05.694255 2039878400 solver.cpp:252]     Train net output #0: loss = 0.0837145 (* 1 = 0.0837145 loss)
I1207 03:22:05.694264 2039878400 sgd_solver.cpp:106] Iteration 15, lr = 0.001
I1207 03:22:05.698281 2039878400 solver.cpp:340] Iteration 16, Testing net (#0)
I1207 03:22:07.544548 2039878400 solver.cpp:408]     Test net output #0: loss = 0.0658284 (* 1 = 0.0658284 loss)
I1207 03:22:29.142642 2039878400 solver.cpp:236] Iteration 16, loss = 0.0675819
I1207 03:22:29.142676 2039878400 solver.cpp:252]     Train net output #0: loss = 0.0675819 (* 1 = 0.0675819 loss)
I1207 03:22:29.142684 2039878400 sgd_solver.cpp:106] Iteration 16, lr = 0.001
I1207 03:22:29.146739 2039878400 solver.cpp:340] Iteration 17, Testing net (#0)
I1207 03:22:30.987493 2039878400 solver.cpp:408]     Test net output #0: loss = 0.0583541 (* 1 = 0.0583541 loss)
I1207 03:22:52.217033 2039878400 solver.cpp:236] Iteration 17, loss = 0.0569752
I1207 03:22:52.217075 2039878400 solver.cpp:252]     Train net output #0: loss = 0.0569752 (* 1 = 0.0569752 loss)
I1207 03:22:52.217083 2039878400 sgd_solver.cpp:106] Iteration 17, lr = 0.001
I1207 03:22:52.221251 2039878400 solver.cpp:340] Iteration 18, Testing net (#0)
I1207 03:22:54.069619 2039878400 solver.cpp:408]     Test net output #0: loss = 0.0643045 (* 1 = 0.0643045 loss)
I1207 03:23:15.295666 2039878400 solver.cpp:236] Iteration 18, loss = 0.0651493
I1207 03:23:15.295701 2039878400 solver.cpp:252]     Train net output #0: loss = 0.0651493 (* 1 = 0.0651493 loss)
I1207 03:23:15.295711 2039878400 sgd_solver.cpp:106] Iteration 18, lr = 0.001
I1207 03:23:15.299829 2039878400 solver.cpp:340] Iteration 19, Testing net (#0)
I1207 03:23:17.140174 2039878400 solver.cpp:408]     Test net output #0: loss = 0.0635586 (* 1 = 0.0635586 loss)
I1207 03:23:38.286357 2039878400 solver.cpp:236] Iteration 19, loss = 0.0673797
I1207 03:23:38.286403 2039878400 solver.cpp:252]     Train net output #0: loss = 0.0673797 (* 1 = 0.0673797 loss)
I1207 03:23:38.286413 2039878400 sgd_solver.cpp:106] Iteration 19, lr = 0.001
I1207 03:23:38.290069 2039878400 solver.cpp:461] Snapshotting to binary proto file weights_iter_20.caffemodel
I1207 03:23:38.337853 2039878400 sgd_solver.cpp:269] Snapshotting solver state to binary proto file weights_iter_20.solverstate
I1207 03:23:38.373637 2039878400 solver.cpp:340] Iteration 20, Testing net (#0)
I1207 03:23:40.234930 2039878400 solver.cpp:408]     Test net output #0: loss = 0.064023 (* 1 = 0.064023 loss)
I1207 03:24:01.405830 2039878400 solver.cpp:236] Iteration 20, loss = 0.0633196
I1207 03:24:01.405864 2039878400 solver.cpp:252]     Train net output #0: loss = 0.0633196 (* 1 = 0.0633196 loss)
I1207 03:24:01.405872 2039878400 sgd_solver.cpp:106] Iteration 20, lr = 0.001
I1207 03:24:01.409868 2039878400 solver.cpp:340] Iteration 21, Testing net (#0)
I1207 03:24:03.246446 2039878400 solver.cpp:408]     Test net output #0: loss = 0.0484878 (* 1 = 0.0484878 loss)
I1207 03:24:24.475594 2039878400 solver.cpp:236] Iteration 21, loss = 0.0515264
I1207 03:24:24.475659 2039878400 solver.cpp:252]     Train net output #0: loss = 0.0515264 (* 1 = 0.0515264 loss)
I1207 03:24:24.475669 2039878400 sgd_solver.cpp:106] Iteration 21, lr = 0.001
I1207 03:24:24.479674 2039878400 solver.cpp:340] Iteration 22, Testing net (#0)
I1207 03:24:26.324889 2039878400 solver.cpp:408]     Test net output #0: loss = 0.0487308 (* 1 = 0.0487308 loss)
I1207 03:24:47.465487 2039878400 solver.cpp:236] Iteration 22, loss = 0.048892
I1207 03:24:47.465522 2039878400 solver.cpp:252]     Train net output #0: loss = 0.048892 (* 1 = 0.048892 loss)
I1207 03:24:47.465528 2039878400 sgd_solver.cpp:106] Iteration 22, lr = 0.001
I1207 03:24:47.469554 2039878400 solver.cpp:340] Iteration 23, Testing net (#0)
I1207 03:24:49.307056 2039878400 solver.cpp:408]     Test net output #0: loss = 0.056972 (* 1 = 0.056972 loss)
I1207 03:25:10.479323 2039878400 solver.cpp:236] Iteration 23, loss = 0.0569757
I1207 03:25:10.479372 2039878400 solver.cpp:252]     Train net output #0: loss = 0.0569757 (* 1 = 0.0569757 loss)
I1207 03:25:10.479379 2039878400 sgd_solver.cpp:106] Iteration 23, lr = 0.001
I1207 03:25:10.483283 2039878400 solver.cpp:340] Iteration 24, Testing net (#0)
I1207 03:25:12.330766 2039878400 solver.cpp:408]     Test net output #0: loss = 0.0586264 (* 1 = 0.0586264 loss)
I1207 03:25:33.533321 2039878400 solver.cpp:236] Iteration 24, loss = 0.0557245
I1207 03:25:33.533351 2039878400 solver.cpp:252]     Train net output #0: loss = 0.0557245 (* 1 = 0.0557245 loss)
I1207 03:25:33.533360 2039878400 sgd_solver.cpp:106] Iteration 24, lr = 0.001
I1207 03:25:33.537129 2039878400 solver.cpp:461] Snapshotting to binary proto file weights_iter_25.caffemodel
I1207 03:25:33.592108 2039878400 sgd_solver.cpp:269] Snapshotting solver state to binary proto file weights_iter_25.solverstate
I1207 03:25:33.628376 2039878400 solver.cpp:340] Iteration 25, Testing net (#0)
I1207 03:25:35.466471 2039878400 solver.cpp:408]     Test net output #0: loss = 0.0503111 (* 1 = 0.0503111 loss)
I1207 03:25:56.689646 2039878400 solver.cpp:236] Iteration 25, loss = 0.0518103
I1207 03:25:56.689692 2039878400 solver.cpp:252]     Train net output #0: loss = 0.0518103 (* 1 = 0.0518103 loss)
I1207 03:25:56.689700 2039878400 sgd_solver.cpp:106] Iteration 25, lr = 0.001
I1207 03:25:56.693830 2039878400 solver.cpp:340] Iteration 26, Testing net (#0)
I1207 03:25:58.551139 2039878400 solver.cpp:408]     Test net output #0: loss = 0.0450642 (* 1 = 0.0450642 loss)
I1207 03:26:19.746320 2039878400 solver.cpp:236] Iteration 26, loss = 0.0461925
I1207 03:26:19.746353 2039878400 solver.cpp:252]     Train net output #0: loss = 0.0461925 (* 1 = 0.0461925 loss)
I1207 03:26:19.746361 2039878400 sgd_solver.cpp:106] Iteration 26, lr = 0.001
I1207 03:26:19.750576 2039878400 solver.cpp:340] Iteration 27, Testing net (#0)
I1207 03:26:21.588567 2039878400 solver.cpp:408]     Test net output #0: loss = 0.0494551 (* 1 = 0.0494551 loss)
I1207 03:26:43.141443 2039878400 solver.cpp:236] Iteration 27, loss = 0.0491078
I1207 03:26:43.141485 2039878400 solver.cpp:252]     Train net output #0: loss = 0.0491078 (* 1 = 0.0491078 loss)
I1207 03:26:43.141494 2039878400 sgd_solver.cpp:106] Iteration 27, lr = 0.001
I1207 03:26:43.146018 2039878400 solver.cpp:340] Iteration 28, Testing net (#0)
I1207 03:26:45.071023 2039878400 solver.cpp:408]     Test net output #0: loss = 0.0494888 (* 1 = 0.0494888 loss)
I1207 03:27:07.017045 2039878400 solver.cpp:236] Iteration 28, loss = 0.051169
I1207 03:27:07.017072 2039878400 solver.cpp:252]     Train net output #0: loss = 0.051169 (* 1 = 0.051169 loss)
I1207 03:27:07.017081 2039878400 sgd_solver.cpp:106] Iteration 28, lr = 0.001
I1207 03:27:07.021193 2039878400 solver.cpp:340] Iteration 29, Testing net (#0)
I1207 03:27:08.867182 2039878400 solver.cpp:408]     Test net output #0: loss = 0.0501375 (* 1 = 0.0501375 loss)
I1207 03:27:30.518319 2039878400 solver.cpp:236] Iteration 29, loss = 0.0500344
I1207 03:27:30.518384 2039878400 solver.cpp:252]     Train net output #0: loss = 0.0500344 (* 1 = 0.0500344 loss)
I1207 03:27:30.518393 2039878400 sgd_solver.cpp:106] Iteration 29, lr = 0.001
I1207 03:27:30.522146 2039878400 solver.cpp:461] Snapshotting to binary proto file weights_iter_30.caffemodel
I1207 03:27:30.566596 2039878400 sgd_solver.cpp:269] Snapshotting solver state to binary proto file weights_iter_30.solverstate
I1207 03:27:30.602092 2039878400 solver.cpp:340] Iteration 30, Testing net (#0)
I1207 03:27:32.477720 2039878400 solver.cpp:408]     Test net output #0: loss = 0.0444085 (* 1 = 0.0444085 loss)
I1207 03:27:54.053186 2039878400 solver.cpp:236] Iteration 30, loss = 0.0450337
I1207 03:27:54.053220 2039878400 solver.cpp:252]     Train net output #0: loss = 0.0450337 (* 1 = 0.0450337 loss)
I1207 03:27:54.053228 2039878400 sgd_solver.cpp:106] Iteration 30, lr = 0.001
I1207 03:27:54.057293 2039878400 solver.cpp:340] Iteration 31, Testing net (#0)
I1207 03:27:55.896641 2039878400 solver.cpp:408]     Test net output #0: loss = 0.0446169 (* 1 = 0.0446169 loss)
I1207 03:28:17.791074 2039878400 solver.cpp:236] Iteration 31, loss = 0.0449872
I1207 03:28:17.791117 2039878400 solver.cpp:252]     Train net output #0: loss = 0.0449872 (* 1 = 0.0449872 loss)
I1207 03:28:17.791126 2039878400 sgd_solver.cpp:106] Iteration 31, lr = 0.001
I1207 03:28:17.795361 2039878400 solver.cpp:340] Iteration 32, Testing net (#0)
I1207 03:28:19.638252 2039878400 solver.cpp:408]     Test net output #0: loss = 0.0461741 (* 1 = 0.0461741 loss)
I1207 03:28:41.459838 2039878400 solver.cpp:236] Iteration 32, loss = 0.0452619
I1207 03:28:41.459872 2039878400 solver.cpp:252]     Train net output #0: loss = 0.0452619 (* 1 = 0.0452619 loss)
I1207 03:28:41.459880 2039878400 sgd_solver.cpp:106] Iteration 32, lr = 0.001
I1207 03:28:41.463960 2039878400 solver.cpp:340] Iteration 33, Testing net (#0)
I1207 03:28:43.391191 2039878400 solver.cpp:408]     Test net output #0: loss = 0.0518232 (* 1 = 0.0518232 loss)
I1207 03:29:06.952059 2039878400 solver.cpp:236] Iteration 33, loss = 0.0480533
I1207 03:29:06.952102 2039878400 solver.cpp:252]     Train net output #0: loss = 0.0480533 (* 1 = 0.0480533 loss)
I1207 03:29:06.952111 2039878400 sgd_solver.cpp:106] Iteration 33, lr = 0.001
I1207 03:29:06.956522 2039878400 solver.cpp:340] Iteration 34, Testing net (#0)
I1207 03:29:08.942972 2039878400 solver.cpp:408]     Test net output #0: loss = 0.0418287 (* 1 = 0.0418287 loss)
I1207 03:29:30.663334 2039878400 solver.cpp:236] Iteration 34, loss = 0.0452719
I1207 03:29:30.663367 2039878400 solver.cpp:252]     Train net output #0: loss = 0.0452719 (* 1 = 0.0452719 loss)
I1207 03:29:30.663375 2039878400 sgd_solver.cpp:106] Iteration 34, lr = 0.001
I1207 03:29:30.667263 2039878400 solver.cpp:461] Snapshotting to binary proto file weights_iter_35.caffemodel
I1207 03:29:30.712607 2039878400 sgd_solver.cpp:269] Snapshotting solver state to binary proto file weights_iter_35.solverstate
I1207 03:29:30.753252 2039878400 solver.cpp:340] Iteration 35, Testing net (#0)
I1207 03:29:32.662595 2039878400 solver.cpp:408]     Test net output #0: loss = 0.0443856 (* 1 = 0.0443856 loss)
I1207 03:29:54.525720 2039878400 solver.cpp:236] Iteration 35, loss = 0.043558
I1207 03:29:54.525794 2039878400 solver.cpp:252]     Train net output #0: loss = 0.043558 (* 1 = 0.043558 loss)
I1207 03:29:54.525810 2039878400 sgd_solver.cpp:106] Iteration 35, lr = 0.001
I1207 03:29:54.530725 2039878400 solver.cpp:340] Iteration 36, Testing net (#0)
I1207 03:29:56.410853 2039878400 solver.cpp:408]     Test net output #0: loss = 0.0430287 (* 1 = 0.0430287 loss)
I1207 03:30:17.968828 2039878400 solver.cpp:236] Iteration 36, loss = 0.042747
I1207 03:30:17.968861 2039878400 solver.cpp:252]     Train net output #0: loss = 0.042747 (* 1 = 0.042747 loss)
I1207 03:30:17.968868 2039878400 sgd_solver.cpp:106] Iteration 36, lr = 0.001
I1207 03:30:17.973122 2039878400 solver.cpp:340] Iteration 37, Testing net (#0)
I1207 03:30:19.888197 2039878400 solver.cpp:408]     Test net output #0: loss = 0.0410382 (* 1 = 0.0410382 loss)
I1207 03:30:41.695318 2039878400 solver.cpp:236] Iteration 37, loss = 0.0443116
I1207 03:30:41.695381 2039878400 solver.cpp:252]     Train net output #0: loss = 0.0443116 (* 1 = 0.0443116 loss)
I1207 03:30:41.695390 2039878400 sgd_solver.cpp:106] Iteration 37, lr = 0.001
I1207 03:30:41.699607 2039878400 solver.cpp:340] Iteration 38, Testing net (#0)
I1207 03:30:43.572947 2039878400 solver.cpp:408]     Test net output #0: loss = 0.0451163 (* 1 = 0.0451163 loss)
I1207 03:31:05.340834 2039878400 solver.cpp:236] Iteration 38, loss = 0.043815
I1207 03:31:05.340867 2039878400 solver.cpp:252]     Train net output #0: loss = 0.043815 (* 1 = 0.043815 loss)
I1207 03:31:05.340874 2039878400 sgd_solver.cpp:106] Iteration 38, lr = 0.001
I1207 03:31:05.344985 2039878400 solver.cpp:340] Iteration 39, Testing net (#0)
I1207 03:31:07.258574 2039878400 solver.cpp:408]     Test net output #0: loss = 0.0410159 (* 1 = 0.0410159 loss)
I1207 03:31:28.943238 2039878400 solver.cpp:236] Iteration 39, loss = 0.0428961
I1207 03:31:28.943284 2039878400 solver.cpp:252]     Train net output #0: loss = 0.0428961 (* 1 = 0.0428961 loss)
I1207 03:31:28.943291 2039878400 sgd_solver.cpp:106] Iteration 39, lr = 0.001
I1207 03:31:28.947449 2039878400 solver.cpp:461] Snapshotting to binary proto file weights_iter_40.caffemodel
I1207 03:31:28.995682 2039878400 sgd_solver.cpp:269] Snapshotting solver state to binary proto file weights_iter_40.solverstate
I1207 03:31:29.031672 2039878400 solver.cpp:340] Iteration 40, Testing net (#0)
I1207 03:31:30.936485 2039878400 solver.cpp:408]     Test net output #0: loss = 0.0438795 (* 1 = 0.0438795 loss)
I1207 03:31:52.630028 2039878400 solver.cpp:236] Iteration 40, loss = 0.0413214
I1207 03:31:52.630061 2039878400 solver.cpp:252]     Train net output #0: loss = 0.0413214 (* 1 = 0.0413214 loss)
I1207 03:31:52.630069 2039878400 sgd_solver.cpp:106] Iteration 40, lr = 0.001
I1207 03:31:52.634106 2039878400 solver.cpp:340] Iteration 41, Testing net (#0)
I1207 03:31:54.504959 2039878400 solver.cpp:408]     Test net output #0: loss = 0.0391122 (* 1 = 0.0391122 loss)
I1207 03:32:16.200480 2039878400 solver.cpp:236] Iteration 41, loss = 0.0411193
I1207 03:32:16.200525 2039878400 solver.cpp:252]     Train net output #0: loss = 0.0411193 (* 1 = 0.0411193 loss)
I1207 03:32:16.200533 2039878400 sgd_solver.cpp:106] Iteration 41, lr = 0.001
I1207 03:32:16.204587 2039878400 solver.cpp:340] Iteration 42, Testing net (#0)
I1207 03:32:18.095542 2039878400 solver.cpp:408]     Test net output #0: loss = 0.0438165 (* 1 = 0.0438165 loss)
I1207 03:32:40.106750 2039878400 solver.cpp:236] Iteration 42, loss = 0.0418967
I1207 03:32:40.106781 2039878400 solver.cpp:252]     Train net output #0: loss = 0.0418967 (* 1 = 0.0418967 loss)
I1207 03:32:40.106789 2039878400 sgd_solver.cpp:106] Iteration 42, lr = 0.001
I1207 03:32:40.111240 2039878400 solver.cpp:340] Iteration 43, Testing net (#0)
I1207 03:32:42.051054 2039878400 solver.cpp:408]     Test net output #0: loss = 0.0405535 (* 1 = 0.0405535 loss)
I1207 03:33:03.799597 2039878400 solver.cpp:236] Iteration 43, loss = 0.0415741
I1207 03:33:03.799641 2039878400 solver.cpp:252]     Train net output #0: loss = 0.0415741 (* 1 = 0.0415741 loss)
I1207 03:33:03.799650 2039878400 sgd_solver.cpp:106] Iteration 43, lr = 0.001
I1207 03:33:03.803787 2039878400 solver.cpp:340] Iteration 44, Testing net (#0)
I1207 03:33:05.695818 2039878400 solver.cpp:408]     Test net output #0: loss = 0.0407268 (* 1 = 0.0407268 loss)
I1207 03:33:27.412839 2039878400 solver.cpp:236] Iteration 44, loss = 0.0407549
I1207 03:33:27.412869 2039878400 solver.cpp:252]     Train net output #0: loss = 0.0407549 (* 1 = 0.0407549 loss)
I1207 03:33:27.412878 2039878400 sgd_solver.cpp:106] Iteration 44, lr = 0.001
I1207 03:33:27.416734 2039878400 solver.cpp:461] Snapshotting to binary proto file weights_iter_45.caffemodel
I1207 03:33:27.464105 2039878400 sgd_solver.cpp:269] Snapshotting solver state to binary proto file weights_iter_45.solverstate
I1207 03:33:27.502252 2039878400 solver.cpp:340] Iteration 45, Testing net (#0)
I1207 03:33:29.387164 2039878400 solver.cpp:408]     Test net output #0: loss = 0.0402403 (* 1 = 0.0402403 loss)
I1207 03:33:51.014400 2039878400 solver.cpp:236] Iteration 45, loss = 0.0400208
I1207 03:33:51.014464 2039878400 solver.cpp:252]     Train net output #0: loss = 0.0400208 (* 1 = 0.0400208 loss)
I1207 03:33:51.014473 2039878400 sgd_solver.cpp:106] Iteration 45, lr = 0.001
I1207 03:33:51.018421 2039878400 solver.cpp:340] Iteration 46, Testing net (#0)
I1207 03:33:52.918298 2039878400 solver.cpp:408]     Test net output #0: loss = 0.0400443 (* 1 = 0.0400443 loss)
I1207 03:34:14.627506 2039878400 solver.cpp:236] Iteration 46, loss = 0.0399408
I1207 03:34:14.627538 2039878400 solver.cpp:252]     Train net output #0: loss = 0.0399408 (* 1 = 0.0399408 loss)
I1207 03:34:14.627547 2039878400 sgd_solver.cpp:106] Iteration 46, lr = 0.001
I1207 03:34:14.631635 2039878400 solver.cpp:340] Iteration 47, Testing net (#0)
I1207 03:34:16.546438 2039878400 solver.cpp:408]     Test net output #0: loss = 0.0420096 (* 1 = 0.0420096 loss)
I1207 03:34:38.310045 2039878400 solver.cpp:236] Iteration 47, loss = 0.0402953
I1207 03:34:38.310089 2039878400 solver.cpp:252]     Train net output #0: loss = 0.0402953 (* 1 = 0.0402953 loss)
I1207 03:34:38.310097 2039878400 sgd_solver.cpp:106] Iteration 47, lr = 0.001
I1207 03:34:38.314218 2039878400 solver.cpp:340] Iteration 48, Testing net (#0)
I1207 03:34:40.181710 2039878400 solver.cpp:408]     Test net output #0: loss = 0.0382376 (* 1 = 0.0382376 loss)
I1207 03:35:01.718418 2039878400 solver.cpp:236] Iteration 48, loss = 0.0397944
I1207 03:35:01.718448 2039878400 solver.cpp:252]     Train net output #0: loss = 0.0397944 (* 1 = 0.0397944 loss)
I1207 03:35:01.718456 2039878400 sgd_solver.cpp:106] Iteration 48, lr = 0.001
I1207 03:35:01.722571 2039878400 solver.cpp:340] Iteration 49, Testing net (#0)
I1207 03:35:03.605984 2039878400 solver.cpp:408]     Test net output #0: loss = 0.0396042 (* 1 = 0.0396042 loss)
I1207 03:35:25.260169 2039878400 solver.cpp:236] Iteration 49, loss = 0.0394716
I1207 03:35:25.260215 2039878400 solver.cpp:252]     Train net output #0: loss = 0.0394716 (* 1 = 0.0394716 loss)
I1207 03:35:25.260223 2039878400 sgd_solver.cpp:106] Iteration 49, lr = 0.001
I1207 03:35:25.263978 2039878400 solver.cpp:461] Snapshotting to binary proto file weights_iter_50.caffemodel
I1207 03:35:25.316151 2039878400 sgd_solver.cpp:269] Snapshotting solver state to binary proto file weights_iter_50.solverstate
I1207 03:35:25.356097 2039878400 solver.cpp:340] Iteration 50, Testing net (#0)
I1207 03:35:27.274770 2039878400 solver.cpp:408]     Test net output #0: loss = 0.0376094 (* 1 = 0.0376094 loss)
I1207 03:35:48.965473 2039878400 solver.cpp:236] Iteration 50, loss = 0.038645
I1207 03:35:48.965507 2039878400 solver.cpp:252]     Train net output #0: loss = 0.038645 (* 1 = 0.038645 loss)
I1207 03:35:48.965514 2039878400 sgd_solver.cpp:106] Iteration 50, lr = 0.001
I1207 03:35:48.969640 2039878400 solver.cpp:340] Iteration 51, Testing net (#0)
I1207 03:35:50.855844 2039878400 solver.cpp:408]     Test net output #0: loss = 0.039891 (* 1 = 0.039891 loss)
I1207 03:36:12.345862 2039878400 solver.cpp:236] Iteration 51, loss = 0.0387601
I1207 03:36:12.345904 2039878400 solver.cpp:252]     Train net output #0: loss = 0.0387601 (* 1 = 0.0387601 loss)
I1207 03:36:12.345913 2039878400 sgd_solver.cpp:106] Iteration 51, lr = 0.001
I1207 03:36:12.349979 2039878400 solver.cpp:340] Iteration 52, Testing net (#0)
I1207 03:36:14.234669 2039878400 solver.cpp:408]     Test net output #0: loss = 0.0381101 (* 1 = 0.0381101 loss)
I1207 03:36:35.919513 2039878400 solver.cpp:236] Iteration 52, loss = 0.0387388
I1207 03:36:35.919548 2039878400 solver.cpp:252]     Train net output #0: loss = 0.0387388 (* 1 = 0.0387388 loss)
I1207 03:36:35.919560 2039878400 sgd_solver.cpp:106] Iteration 52, lr = 0.001
I1207 03:36:35.924041 2039878400 solver.cpp:340] Iteration 53, Testing net (#0)
I1207 03:36:37.789768 2039878400 solver.cpp:408]     Test net output #0: loss = 0.039879 (* 1 = 0.039879 loss)
I1207 03:36:59.456825 2039878400 solver.cpp:236] Iteration 53, loss = 0.0385907
I1207 03:36:59.456887 2039878400 solver.cpp:252]     Train net output #0: loss = 0.0385907 (* 1 = 0.0385907 loss)
I1207 03:36:59.456897 2039878400 sgd_solver.cpp:106] Iteration 53, lr = 0.001
I1207 03:36:59.461287 2039878400 solver.cpp:340] Iteration 54, Testing net (#0)
I1207 03:37:01.335263 2039878400 solver.cpp:408]     Test net output #0: loss = 0.0393685 (* 1 = 0.0393685 loss)
I1207 03:37:23.349999 2039878400 solver.cpp:236] Iteration 54, loss = 0.038234
I1207 03:37:23.350033 2039878400 solver.cpp:252]     Train net output #0: loss = 0.038234 (* 1 = 0.038234 loss)
I1207 03:37:23.350040 2039878400 sgd_solver.cpp:106] Iteration 54, lr = 0.001
I1207 03:37:23.354393 2039878400 solver.cpp:461] Snapshotting to binary proto file weights_iter_55.caffemodel
I1207 03:37:23.408411 2039878400 sgd_solver.cpp:269] Snapshotting solver state to binary proto file weights_iter_55.solverstate
I1207 03:37:23.444229 2039878400 solver.cpp:340] Iteration 55, Testing net (#0)
I1207 03:37:25.315618 2039878400 solver.cpp:408]     Test net output #0: loss = 0.0371066 (* 1 = 0.0371066 loss)
I1207 03:37:46.970324 2039878400 solver.cpp:236] Iteration 55, loss = 0.0377307
I1207 03:37:46.970369 2039878400 solver.cpp:252]     Train net output #0: loss = 0.0377307 (* 1 = 0.0377307 loss)
I1207 03:37:46.970378 2039878400 sgd_solver.cpp:106] Iteration 55, lr = 0.001
I1207 03:37:46.974403 2039878400 solver.cpp:340] Iteration 56, Testing net (#0)
I1207 03:37:48.838687 2039878400 solver.cpp:408]     Test net output #0: loss = 0.0391338 (* 1 = 0.0391338 loss)
I1207 03:38:10.476116 2039878400 solver.cpp:236] Iteration 56, loss = 0.0375391
I1207 03:38:10.476150 2039878400 solver.cpp:252]     Train net output #0: loss = 0.0375391 (* 1 = 0.0375391 loss)
I1207 03:38:10.476158 2039878400 sgd_solver.cpp:106] Iteration 56, lr = 0.001
I1207 03:38:10.480060 2039878400 solver.cpp:340] Iteration 57, Testing net (#0)
I1207 03:38:12.439427 2039878400 solver.cpp:408]     Test net output #0: loss = 0.0366189 (* 1 = 0.0366189 loss)
I1207 03:38:34.585165 2039878400 solver.cpp:236] Iteration 57, loss = 0.0375368
I1207 03:38:34.585216 2039878400 solver.cpp:252]     Train net output #0: loss = 0.0375368 (* 1 = 0.0375368 loss)
I1207 03:38:34.585223 2039878400 sgd_solver.cpp:106] Iteration 57, lr = 0.001
I1207 03:38:34.589484 2039878400 solver.cpp:340] Iteration 58, Testing net (#0)
I1207 03:38:36.450855 2039878400 solver.cpp:408]     Test net output #0: loss = 0.0377728 (* 1 = 0.0377728 loss)
I1207 03:38:58.549821 2039878400 solver.cpp:236] Iteration 58, loss = 0.0371408
I1207 03:38:58.549855 2039878400 solver.cpp:252]     Train net output #0: loss = 0.0371408 (* 1 = 0.0371408 loss)
I1207 03:38:58.549865 2039878400 sgd_solver.cpp:106] Iteration 58, lr = 0.001
I1207 03:38:58.553766 2039878400 solver.cpp:340] Iteration 59, Testing net (#0)
I1207 03:39:00.460289 2039878400 solver.cpp:408]     Test net output #0: loss = 0.0375332 (* 1 = 0.0375332 loss)
I1207 03:39:22.071925 2039878400 solver.cpp:236] Iteration 59, loss = 0.0369475
I1207 03:39:22.071974 2039878400 solver.cpp:252]     Train net output #0: loss = 0.0369475 (* 1 = 0.0369475 loss)
I1207 03:39:22.071982 2039878400 sgd_solver.cpp:106] Iteration 59, lr = 0.001
I1207 03:39:22.075598 2039878400 solver.cpp:461] Snapshotting to binary proto file weights_iter_60.caffemodel
I1207 03:39:22.122611 2039878400 sgd_solver.cpp:269] Snapshotting solver state to binary proto file weights_iter_60.solverstate
I1207 03:39:22.160967 2039878400 solver.cpp:340] Iteration 60, Testing net (#0)
I1207 03:39:24.032093 2039878400 solver.cpp:408]     Test net output #0: loss = 0.0354464 (* 1 = 0.0354464 loss)
I1207 03:39:45.830139 2039878400 solver.cpp:236] Iteration 60, loss = 0.0367454
I1207 03:39:45.830168 2039878400 solver.cpp:252]     Train net output #0: loss = 0.0367454 (* 1 = 0.0367454 loss)
I1207 03:39:45.830176 2039878400 sgd_solver.cpp:106] Iteration 60, lr = 0.001
I1207 03:39:45.834444 2039878400 solver.cpp:340] Iteration 61, Testing net (#0)
I1207 03:39:47.709137 2039878400 solver.cpp:408]     Test net output #0: loss = 0.0373691 (* 1 = 0.0373691 loss)
I1207 03:40:09.556928 2039878400 solver.cpp:236] Iteration 61, loss = 0.0364342
I1207 03:40:09.556988 2039878400 solver.cpp:252]     Train net output #0: loss = 0.0364342 (* 1 = 0.0364342 loss)
I1207 03:40:09.556998 2039878400 sgd_solver.cpp:106] Iteration 61, lr = 0.001
I1207 03:40:09.561591 2039878400 solver.cpp:340] Iteration 62, Testing net (#0)
I1207 03:40:11.451426 2039878400 solver.cpp:408]     Test net output #0: loss = 0.0359912 (* 1 = 0.0359912 loss)
I1207 03:40:33.184238 2039878400 solver.cpp:236] Iteration 62, loss = 0.0365765
I1207 03:40:33.184273 2039878400 solver.cpp:252]     Train net output #0: loss = 0.0365765 (* 1 = 0.0365765 loss)
I1207 03:40:33.184280 2039878400 sgd_solver.cpp:106] Iteration 62, lr = 0.001
I1207 03:40:33.188364 2039878400 solver.cpp:340] Iteration 63, Testing net (#0)
I1207 03:40:35.063139 2039878400 solver.cpp:408]     Test net output #0: loss = 0.0394661 (* 1 = 0.0394661 loss)
I1207 03:40:56.726011 2039878400 solver.cpp:236] Iteration 63, loss = 0.0359794
I1207 03:40:56.726054 2039878400 solver.cpp:252]     Train net output #0: loss = 0.0359794 (* 1 = 0.0359794 loss)
I1207 03:40:56.726063 2039878400 sgd_solver.cpp:106] Iteration 63, lr = 0.001
I1207 03:40:56.730223 2039878400 solver.cpp:340] Iteration 64, Testing net (#0)
I1207 03:40:58.634845 2039878400 solver.cpp:408]     Test net output #0: loss = 0.0341783 (* 1 = 0.0341783 loss)
I1207 03:41:20.465286 2039878400 solver.cpp:236] Iteration 64, loss = 0.0361437
I1207 03:41:20.465315 2039878400 solver.cpp:252]     Train net output #0: loss = 0.0361437 (* 1 = 0.0361437 loss)
I1207 03:41:20.465323 2039878400 sgd_solver.cpp:106] Iteration 64, lr = 0.001
I1207 03:41:20.469205 2039878400 solver.cpp:461] Snapshotting to binary proto file weights_iter_65.caffemodel
I1207 03:41:20.521891 2039878400 sgd_solver.cpp:269] Snapshotting solver state to binary proto file weights_iter_65.solverstate
I1207 03:41:20.558259 2039878400 solver.cpp:340] Iteration 65, Testing net (#0)
I1207 03:41:22.438755 2039878400 solver.cpp:408]     Test net output #0: loss = 0.0373015 (* 1 = 0.0373015 loss)
I1207 03:41:44.564673 2039878400 solver.cpp:236] Iteration 65, loss = 0.0354739
I1207 03:41:44.564719 2039878400 solver.cpp:252]     Train net output #0: loss = 0.0354739 (* 1 = 0.0354739 loss)
I1207 03:41:44.564728 2039878400 sgd_solver.cpp:106] Iteration 65, lr = 0.001
I1207 03:41:44.568789 2039878400 solver.cpp:340] Iteration 66, Testing net (#0)
I1207 03:41:46.437353 2039878400 solver.cpp:408]     Test net output #0: loss = 0.0345092 (* 1 = 0.0345092 loss)
I1207 03:42:07.931902 2039878400 solver.cpp:236] Iteration 66, loss = 0.0357044
I1207 03:42:07.931936 2039878400 solver.cpp:252]     Train net output #0: loss = 0.0357044 (* 1 = 0.0357044 loss)
I1207 03:42:07.931943 2039878400 sgd_solver.cpp:106] Iteration 66, lr = 0.001
I1207 03:42:07.936290 2039878400 solver.cpp:340] Iteration 67, Testing net (#0)
I1207 03:42:09.843257 2039878400 solver.cpp:408]     Test net output #0: loss = 0.0349477 (* 1 = 0.0349477 loss)
I1207 03:42:31.714403 2039878400 solver.cpp:236] Iteration 67, loss = 0.0350845
I1207 03:42:31.714447 2039878400 solver.cpp:252]     Train net output #0: loss = 0.0350845 (* 1 = 0.0350845 loss)
I1207 03:42:31.714454 2039878400 sgd_solver.cpp:106] Iteration 67, lr = 0.001
I1207 03:42:31.718498 2039878400 solver.cpp:340] Iteration 68, Testing net (#0)
I1207 03:42:33.639883 2039878400 solver.cpp:408]     Test net output #0: loss = 0.0356121 (* 1 = 0.0356121 loss)
I1207 03:42:55.775841 2039878400 solver.cpp:236] Iteration 68, loss = 0.0356717
I1207 03:42:55.775876 2039878400 solver.cpp:252]     Train net output #0: loss = 0.0356717 (* 1 = 0.0356717 loss)
I1207 03:42:55.775883 2039878400 sgd_solver.cpp:106] Iteration 68, lr = 0.001
I1207 03:42:55.779897 2039878400 solver.cpp:340] Iteration 69, Testing net (#0)
I1207 03:42:57.711467 2039878400 solver.cpp:408]     Test net output #0: loss = 0.0355328 (* 1 = 0.0355328 loss)
I1207 03:43:19.692740 2039878400 solver.cpp:236] Iteration 69, loss = 0.0347583
I1207 03:43:19.692805 2039878400 solver.cpp:252]     Train net output #0: loss = 0.0347583 (* 1 = 0.0347583 loss)
I1207 03:43:19.692813 2039878400 sgd_solver.cpp:106] Iteration 69, lr = 0.001
I1207 03:43:19.696725 2039878400 solver.cpp:461] Snapshotting to binary proto file weights_iter_70.caffemodel
I1207 03:43:19.748477 2039878400 sgd_solver.cpp:269] Snapshotting solver state to binary proto file weights_iter_70.solverstate
I1207 03:43:19.785274 2039878400 solver.cpp:340] Iteration 70, Testing net (#0)
I1207 03:43:21.697990 2039878400 solver.cpp:408]     Test net output #0: loss = 0.0371453 (* 1 = 0.0371453 loss)
I1207 03:43:43.386497 2039878400 solver.cpp:236] Iteration 70, loss = 0.03506
I1207 03:43:43.386530 2039878400 solver.cpp:252]     Train net output #0: loss = 0.03506 (* 1 = 0.03506 loss)
I1207 03:43:43.386538 2039878400 sgd_solver.cpp:106] Iteration 70, lr = 0.001
I1207 03:43:43.390691 2039878400 solver.cpp:340] Iteration 71, Testing net (#0)
I1207 03:43:45.255930 2039878400 solver.cpp:408]     Test net output #0: loss = 0.0330638 (* 1 = 0.0330638 loss)
I1207 03:44:07.108757 2039878400 solver.cpp:236] Iteration 71, loss = 0.0343804
I1207 03:44:07.108800 2039878400 solver.cpp:252]     Train net output #0: loss = 0.0343804 (* 1 = 0.0343804 loss)
I1207 03:44:07.108808 2039878400 sgd_solver.cpp:106] Iteration 71, lr = 0.001
I1207 03:44:07.112942 2039878400 solver.cpp:340] Iteration 72, Testing net (#0)
I1207 03:44:08.961033 2039878400 solver.cpp:408]     Test net output #0: loss = 0.0364996 (* 1 = 0.0364996 loss)
I1207 03:44:30.545846 2039878400 solver.cpp:236] Iteration 72, loss = 0.0348181
I1207 03:44:30.545907 2039878400 solver.cpp:252]     Train net output #0: loss = 0.0348181 (* 1 = 0.0348181 loss)
I1207 03:44:30.545920 2039878400 sgd_solver.cpp:106] Iteration 72, lr = 0.001
I1207 03:44:30.550125 2039878400 solver.cpp:340] Iteration 73, Testing net (#0)
I1207 03:44:32.483886 2039878400 solver.cpp:408]     Test net output #0: loss = 0.0325119 (* 1 = 0.0325119 loss)
I1207 03:44:54.332650 2039878400 solver.cpp:236] Iteration 73, loss = 0.0341405
I1207 03:44:54.332696 2039878400 solver.cpp:252]     Train net output #0: loss = 0.0341405 (* 1 = 0.0341405 loss)
I1207 03:44:54.332705 2039878400 sgd_solver.cpp:106] Iteration 73, lr = 0.001
I1207 03:44:54.336904 2039878400 solver.cpp:340] Iteration 74, Testing net (#0)
I1207 03:44:56.233157 2039878400 solver.cpp:408]     Test net output #0: loss = 0.0354242 (* 1 = 0.0354242 loss)
I1207 03:45:17.913101 2039878400 solver.cpp:236] Iteration 74, loss = 0.0343194
I1207 03:45:17.913135 2039878400 solver.cpp:252]     Train net output #0: loss = 0.0343194 (* 1 = 0.0343194 loss)
I1207 03:45:17.913144 2039878400 sgd_solver.cpp:106] Iteration 74, lr = 0.001
I1207 03:45:17.917337 2039878400 solver.cpp:461] Snapshotting to binary proto file weights_iter_75.caffemodel
I1207 03:45:17.972014 2039878400 sgd_solver.cpp:269] Snapshotting solver state to binary proto file weights_iter_75.solverstate
I1207 03:45:18.008258 2039878400 solver.cpp:340] Iteration 75, Testing net (#0)
I1207 03:45:19.921286 2039878400 solver.cpp:408]     Test net output #0: loss = 0.0336217 (* 1 = 0.0336217 loss)
I1207 03:45:41.483381 2039878400 solver.cpp:236] Iteration 75, loss = 0.033799
I1207 03:45:41.483428 2039878400 solver.cpp:252]     Train net output #0: loss = 0.033799 (* 1 = 0.033799 loss)
I1207 03:45:41.483435 2039878400 sgd_solver.cpp:106] Iteration 75, lr = 0.001
I1207 03:45:41.487488 2039878400 solver.cpp:340] Iteration 76, Testing net (#0)
I1207 03:45:43.394845 2039878400 solver.cpp:408]     Test net output #0: loss = 0.0348176 (* 1 = 0.0348176 loss)
I1207 03:46:04.988978 2039878400 solver.cpp:236] Iteration 76, loss = 0.0341763
I1207 03:46:04.989011 2039878400 solver.cpp:252]     Train net output #0: loss = 0.0341763 (* 1 = 0.0341763 loss)
I1207 03:46:04.989018 2039878400 sgd_solver.cpp:106] Iteration 76, lr = 0.001
I1207 03:46:04.993260 2039878400 solver.cpp:340] Iteration 77, Testing net (#0)
I1207 03:46:06.869838 2039878400 solver.cpp:408]     Test net output #0: loss = 0.0349761 (* 1 = 0.0349761 loss)
I1207 03:46:28.380615 2039878400 solver.cpp:236] Iteration 77, loss = 0.0334313
I1207 03:46:28.380676 2039878400 solver.cpp:252]     Train net output #0: loss = 0.0334313 (* 1 = 0.0334313 loss)
I1207 03:46:28.380686 2039878400 sgd_solver.cpp:106] Iteration 77, lr = 0.001
I1207 03:46:28.384882 2039878400 solver.cpp:340] Iteration 78, Testing net (#0)
I1207 03:46:30.226708 2039878400 solver.cpp:408]     Test net output #0: loss = 0.0327519 (* 1 = 0.0327519 loss)
I1207 03:46:52.062217 2039878400 solver.cpp:236] Iteration 78, loss = 0.0340574
I1207 03:46:52.062252 2039878400 solver.cpp:252]     Train net output #0: loss = 0.0340574 (* 1 = 0.0340574 loss)
I1207 03:46:52.062258 2039878400 sgd_solver.cpp:106] Iteration 78, lr = 0.001
I1207 03:46:52.066771 2039878400 solver.cpp:340] Iteration 79, Testing net (#0)
I1207 03:46:53.962246 2039878400 solver.cpp:408]     Test net output #0: loss = 0.0356985 (* 1 = 0.0356985 loss)
I1207 03:47:15.702086 2039878400 solver.cpp:236] Iteration 79, loss = 0.0328037
I1207 03:47:15.702132 2039878400 solver.cpp:252]     Train net output #0: loss = 0.0328037 (* 1 = 0.0328037 loss)
I1207 03:47:15.702141 2039878400 sgd_solver.cpp:106] Iteration 79, lr = 0.001
I1207 03:47:15.705798 2039878400 solver.cpp:461] Snapshotting to binary proto file weights_iter_80.caffemodel
I1207 03:47:15.751950 2039878400 sgd_solver.cpp:269] Snapshotting solver state to binary proto file weights_iter_80.solverstate
I1207 03:47:15.789064 2039878400 solver.cpp:340] Iteration 80, Testing net (#0)
I1207 03:47:17.686128 2039878400 solver.cpp:408]     Test net output #0: loss = 0.0315868 (* 1 = 0.0315868 loss)
I1207 03:47:39.464380 2039878400 solver.cpp:236] Iteration 80, loss = 0.0338691
I1207 03:47:39.464413 2039878400 solver.cpp:252]     Train net output #0: loss = 0.0338691 (* 1 = 0.0338691 loss)
I1207 03:47:39.464422 2039878400 sgd_solver.cpp:106] Iteration 80, lr = 0.001
I1207 03:47:39.468418 2039878400 solver.cpp:340] Iteration 81, Testing net (#0)
I1207 03:47:41.352140 2039878400 solver.cpp:408]     Test net output #0: loss = 0.0347907 (* 1 = 0.0347907 loss)
I1207 03:48:03.193037 2039878400 solver.cpp:236] Iteration 81, loss = 0.0326853
I1207 03:48:03.193084 2039878400 solver.cpp:252]     Train net output #0: loss = 0.0326853 (* 1 = 0.0326853 loss)
I1207 03:48:03.193092 2039878400 sgd_solver.cpp:106] Iteration 81, lr = 0.001
I1207 03:48:03.197129 2039878400 solver.cpp:340] Iteration 82, Testing net (#0)
I1207 03:48:05.055073 2039878400 solver.cpp:408]     Test net output #0: loss = 0.0329907 (* 1 = 0.0329907 loss)
I1207 03:48:27.618938 2039878400 solver.cpp:236] Iteration 82, loss = 0.0334972
I1207 03:48:27.618968 2039878400 solver.cpp:252]     Train net output #0: loss = 0.0334972 (* 1 = 0.0334972 loss)
I1207 03:48:27.618976 2039878400 sgd_solver.cpp:106] Iteration 82, lr = 0.001
I1207 03:48:27.622943 2039878400 solver.cpp:340] Iteration 83, Testing net (#0)
I1207 03:48:29.540611 2039878400 solver.cpp:408]     Test net output #0: loss = 0.0325657 (* 1 = 0.0325657 loss)
I1207 03:48:51.176870 2039878400 solver.cpp:236] Iteration 83, loss = 0.0322376
I1207 03:48:51.176918 2039878400 solver.cpp:252]     Train net output #0: loss = 0.0322376 (* 1 = 0.0322376 loss)
I1207 03:48:51.176926 2039878400 sgd_solver.cpp:106] Iteration 83, lr = 0.001
I1207 03:48:51.181042 2039878400 solver.cpp:340] Iteration 84, Testing net (#0)
I1207 03:48:53.041209 2039878400 solver.cpp:408]     Test net output #0: loss = 0.0331854 (* 1 = 0.0331854 loss)
I1207 03:49:14.716861 2039878400 solver.cpp:236] Iteration 84, loss = 0.0333074
I1207 03:49:14.716897 2039878400 solver.cpp:252]     Train net output #0: loss = 0.0333074 (* 1 = 0.0333074 loss)
I1207 03:49:14.716904 2039878400 sgd_solver.cpp:106] Iteration 84, lr = 0.001
I1207 03:49:14.720739 2039878400 solver.cpp:461] Snapshotting to binary proto file weights_iter_85.caffemodel
I1207 03:49:14.768672 2039878400 sgd_solver.cpp:269] Snapshotting solver state to binary proto file weights_iter_85.solverstate
I1207 03:49:14.803786 2039878400 solver.cpp:340] Iteration 85, Testing net (#0)
I1207 03:49:16.698179 2039878400 solver.cpp:408]     Test net output #0: loss = 0.0323673 (* 1 = 0.0323673 loss)
I1207 03:49:38.536736 2039878400 solver.cpp:236] Iteration 85, loss = 0.0317563
I1207 03:49:38.536803 2039878400 solver.cpp:252]     Train net output #0: loss = 0.0317563 (* 1 = 0.0317563 loss)
I1207 03:49:38.536810 2039878400 sgd_solver.cpp:106] Iteration 85, lr = 0.001
I1207 03:49:38.540956 2039878400 solver.cpp:340] Iteration 86, Testing net (#0)
I1207 03:49:40.466534 2039878400 solver.cpp:408]     Test net output #0: loss = 0.0352668 (* 1 = 0.0352668 loss)
I1207 03:50:02.255280 2039878400 solver.cpp:236] Iteration 86, loss = 0.0333247
I1207 03:50:02.255308 2039878400 solver.cpp:252]     Train net output #0: loss = 0.0333247 (* 1 = 0.0333247 loss)
I1207 03:50:02.255316 2039878400 sgd_solver.cpp:106] Iteration 86, lr = 0.001
I1207 03:50:02.259435 2039878400 solver.cpp:340] Iteration 87, Testing net (#0)
I1207 03:50:04.152916 2039878400 solver.cpp:408]     Test net output #0: loss = 0.030782 (* 1 = 0.030782 loss)
I1207 03:50:25.844051 2039878400 solver.cpp:236] Iteration 87, loss = 0.0313849
I1207 03:50:25.844128 2039878400 solver.cpp:252]     Train net output #0: loss = 0.0313849 (* 1 = 0.0313849 loss)
I1207 03:50:25.844140 2039878400 sgd_solver.cpp:106] Iteration 87, lr = 0.001
I1207 03:50:25.848469 2039878400 solver.cpp:340] Iteration 88, Testing net (#0)
I1207 03:50:27.759363 2039878400 solver.cpp:408]     Test net output #0: loss = 0.0339468 (* 1 = 0.0339468 loss)
I1207 03:50:49.977020 2039878400 solver.cpp:236] Iteration 88, loss = 0.0331666
I1207 03:50:49.977051 2039878400 solver.cpp:252]     Train net output #0: loss = 0.0331666 (* 1 = 0.0331666 loss)
I1207 03:50:49.977057 2039878400 sgd_solver.cpp:106] Iteration 88, lr = 0.001
I1207 03:50:49.981544 2039878400 solver.cpp:340] Iteration 89, Testing net (#0)
I1207 03:50:51.967555 2039878400 solver.cpp:408]     Test net output #0: loss = 0.0308459 (* 1 = 0.0308459 loss)
I1207 03:51:13.842397 2039878400 solver.cpp:236] Iteration 89, loss = 0.0308396
I1207 03:51:13.842444 2039878400 solver.cpp:252]     Train net output #0: loss = 0.0308396 (* 1 = 0.0308396 loss)
I1207 03:51:13.842453 2039878400 sgd_solver.cpp:106] Iteration 89, lr = 0.001
I1207 03:51:13.846725 2039878400 solver.cpp:461] Snapshotting to binary proto file weights_iter_90.caffemodel
I1207 03:51:13.899610 2039878400 sgd_solver.cpp:269] Snapshotting solver state to binary proto file weights_iter_90.solverstate
I1207 03:51:13.937158 2039878400 solver.cpp:340] Iteration 90, Testing net (#0)
I1207 03:51:15.830299 2039878400 solver.cpp:408]     Test net output #0: loss = 0.0321162 (* 1 = 0.0321162 loss)
