I1204 04:06:40.668130 1969066752 caffe.cpp:177] Use CPU.
I1204 04:06:40.959177 1969066752 solver.cpp:47] Initializing solver from parameters: 
test_iter: 1
test_interval: 1
base_lr: 0.001
display: 1
max_iter: 300
lr_policy: "step"
gamma: 1e-05
momentum: 0.9
weight_decay: 0.0005
stepsize: 10
snapshot: 5
snapshot_prefix: "weights"
solver_mode: CPU
net: "/Users/JonathanLee/Desktop/sandbox/vision/Net/nets/net7/trainer7.prototxt"
I1204 04:06:40.959466 1969066752 solver.cpp:90] Creating training net from net file: /Users/JonathanLee/Desktop/sandbox/vision/Net/nets/net7/trainer7.prototxt
I1204 04:06:40.959738 1969066752 net.cpp:322] The NetState phase (0) differed from the phase (1) specified by a rule in layer data
I1204 04:06:40.959764 1969066752 net.cpp:49] Initializing net from parameters: 
name: "net"
state {
  phase: TRAIN
}
layer {
  name: "data"
  type: "HDF5Data"
  top: "data"
  top: "labels"
  include {
    phase: TRAIN
  }
  hdf5_data_param {
    source: "/Users/JonathanLee/Desktop/sandbox/vision/Net/hdf/train_hdf.txt"
    batch_size: 450
  }
}
layer {
  name: "conv1"
  type: "Convolution"
  bottom: "data"
  top: "conv1"
  param {
    lr_mult: 1
    decay_mult: 1
  }
  param {
    lr_mult: 2
    decay_mult: 0
  }
  convolution_param {
    num_output: 16
    kernel_size: 11
    stride: 1
    weight_filler {
      type: "xavier"
    }
    bias_filler {
      type: "constant"
      value: 0
    }
  }
}
layer {
  name: "reluConv1"
  type: "ReLU"
  bottom: "conv1"
  top: "conv1"
}
layer {
  name: "conv2"
  type: "Convolution"
  bottom: "conv1"
  top: "conv2"
  param {
    lr_mult: 1
    decay_mult: 1
  }
  param {
    lr_mult: 2
    decay_mult: 0
  }
  convolution_param {
    num_output: 16
    kernel_size: 11
    stride: 2
    weight_filler {
      type: "xavier"
    }
    bias_filler {
      type: "constant"
      value: 0
    }
  }
}
layer {
  name: "reluConv2"
  type: "ReLU"
  bottom: "conv2"
  top: "conv2"
}
layer {
  name: "fc1"
  type: "InnerProduct"
  bottom: "conv2"
  top: "fc1"
  param {
    lr_mult: 1
    decay_mult: 1
  }
  param {
    lr_mult: 2
    decay_mult: 0
  }
  inner_product_param {
    num_output: 4
    weight_filler {
      type: "xavier"
    }
    bias_filler {
      type: "constant"
      value: 0
    }
  }
}
layer {
  name: "out"
  type: "TanH"
  bottom: "fc1"
  top: "out"
}
layer {
  name: "loss"
  type: "EuclideanLoss"
  bottom: "out"
  bottom: "labels"
  top: "loss"
}
I1204 04:06:40.959939 1969066752 layer_factory.hpp:76] Creating layer data
I1204 04:06:40.959988 1969066752 net.cpp:106] Creating Layer data
I1204 04:06:40.959998 1969066752 net.cpp:411] data -> data
I1204 04:06:40.960023 1969066752 net.cpp:411] data -> labels
I1204 04:06:40.960062 1969066752 hdf5_data_layer.cpp:79] Loading list of HDF5 filenames from: /Users/JonathanLee/Desktop/sandbox/vision/Net/hdf/train_hdf.txt
I1204 04:06:40.960110 1969066752 hdf5_data_layer.cpp:93] Number of HDF5 files: 1
I1204 04:06:40.962541 1969066752 hdf5.cpp:32] Datatype class: H5T_FLOAT
I1204 04:06:41.236757 1969066752 net.cpp:150] Setting up data
I1204 04:06:41.236783 1969066752 net.cpp:157] Top shape: 450 3 125 125 (21093750)
I1204 04:06:41.236791 1969066752 net.cpp:157] Top shape: 450 4 (1800)
I1204 04:06:41.236837 1969066752 net.cpp:165] Memory required for data: 84382200
I1204 04:06:41.236857 1969066752 layer_factory.hpp:76] Creating layer conv1
I1204 04:06:41.236876 1969066752 net.cpp:106] Creating Layer conv1
I1204 04:06:41.236887 1969066752 net.cpp:454] conv1 <- data
I1204 04:06:41.236899 1969066752 net.cpp:411] conv1 -> conv1
I1204 04:06:41.244932 1969066752 net.cpp:150] Setting up conv1
I1204 04:06:41.244958 1969066752 net.cpp:157] Top shape: 450 16 115 115 (95220000)
I1204 04:06:41.244971 1969066752 net.cpp:165] Memory required for data: 465262200
I1204 04:06:41.245005 1969066752 layer_factory.hpp:76] Creating layer reluConv1
I1204 04:06:41.245035 1969066752 net.cpp:106] Creating Layer reluConv1
I1204 04:06:41.245045 1969066752 net.cpp:454] reluConv1 <- conv1
I1204 04:06:41.245095 1969066752 net.cpp:397] reluConv1 -> conv1 (in-place)
I1204 04:06:41.245115 1969066752 net.cpp:150] Setting up reluConv1
I1204 04:06:41.245175 1969066752 net.cpp:157] Top shape: 450 16 115 115 (95220000)
I1204 04:06:41.245194 1969066752 net.cpp:165] Memory required for data: 846142200
I1204 04:06:41.245205 1969066752 layer_factory.hpp:76] Creating layer conv2
I1204 04:06:41.245215 1969066752 net.cpp:106] Creating Layer conv2
I1204 04:06:41.245220 1969066752 net.cpp:454] conv2 <- conv1
I1204 04:06:41.245237 1969066752 net.cpp:411] conv2 -> conv2
I1204 04:06:41.245641 1969066752 net.cpp:150] Setting up conv2
I1204 04:06:41.245654 1969066752 net.cpp:157] Top shape: 450 16 53 53 (20224800)
I1204 04:06:41.245666 1969066752 net.cpp:165] Memory required for data: 927041400
I1204 04:06:41.245694 1969066752 layer_factory.hpp:76] Creating layer reluConv2
I1204 04:06:41.245721 1969066752 net.cpp:106] Creating Layer reluConv2
I1204 04:06:41.245733 1969066752 net.cpp:454] reluConv2 <- conv2
I1204 04:06:41.245743 1969066752 net.cpp:397] reluConv2 -> conv2 (in-place)
I1204 04:06:41.245754 1969066752 net.cpp:150] Setting up reluConv2
I1204 04:06:41.245760 1969066752 net.cpp:157] Top shape: 450 16 53 53 (20224800)
I1204 04:06:41.245769 1969066752 net.cpp:165] Memory required for data: 1007940600
I1204 04:06:41.245776 1969066752 layer_factory.hpp:76] Creating layer fc1
I1204 04:06:41.245792 1969066752 net.cpp:106] Creating Layer fc1
I1204 04:06:41.245810 1969066752 net.cpp:454] fc1 <- conv2
I1204 04:06:41.245822 1969066752 net.cpp:411] fc1 -> fc1
I1204 04:06:41.247162 1969066752 net.cpp:150] Setting up fc1
I1204 04:06:41.247177 1969066752 net.cpp:157] Top shape: 450 4 (1800)
I1204 04:06:41.247182 1969066752 net.cpp:165] Memory required for data: 1007947800
I1204 04:06:41.247191 1969066752 layer_factory.hpp:76] Creating layer out
I1204 04:06:41.247198 1969066752 net.cpp:106] Creating Layer out
I1204 04:06:41.247202 1969066752 net.cpp:454] out <- fc1
I1204 04:06:41.247238 1969066752 net.cpp:411] out -> out
I1204 04:06:41.247256 1969066752 net.cpp:150] Setting up out
I1204 04:06:41.247284 1969066752 net.cpp:157] Top shape: 450 4 (1800)
I1204 04:06:41.247292 1969066752 net.cpp:165] Memory required for data: 1007955000
I1204 04:06:41.247298 1969066752 layer_factory.hpp:76] Creating layer loss
I1204 04:06:41.247308 1969066752 net.cpp:106] Creating Layer loss
I1204 04:06:41.247314 1969066752 net.cpp:454] loss <- out
I1204 04:06:41.247319 1969066752 net.cpp:454] loss <- labels
I1204 04:06:41.247350 1969066752 net.cpp:411] loss -> loss
I1204 04:06:41.247372 1969066752 net.cpp:150] Setting up loss
I1204 04:06:41.247377 1969066752 net.cpp:157] Top shape: (1)
I1204 04:06:41.247382 1969066752 net.cpp:160]     with loss weight 1
I1204 04:06:41.247405 1969066752 net.cpp:165] Memory required for data: 1007955004
I1204 04:06:41.247431 1969066752 net.cpp:226] loss needs backward computation.
I1204 04:06:41.247450 1969066752 net.cpp:226] out needs backward computation.
I1204 04:06:41.247457 1969066752 net.cpp:226] fc1 needs backward computation.
I1204 04:06:41.247486 1969066752 net.cpp:226] reluConv2 needs backward computation.
I1204 04:06:41.247509 1969066752 net.cpp:226] conv2 needs backward computation.
I1204 04:06:41.247530 1969066752 net.cpp:226] reluConv1 needs backward computation.
I1204 04:06:41.247539 1969066752 net.cpp:226] conv1 needs backward computation.
I1204 04:06:41.247545 1969066752 net.cpp:228] data does not need backward computation.
I1204 04:06:41.247557 1969066752 net.cpp:270] This network produces output loss
I1204 04:06:41.247570 1969066752 net.cpp:283] Network initialization done.
I1204 04:06:41.247789 1969066752 solver.cpp:180] Creating test net (#0) specified by net file: /Users/JonathanLee/Desktop/sandbox/vision/Net/nets/net7/trainer7.prototxt
I1204 04:06:41.247815 1969066752 net.cpp:322] The NetState phase (1) differed from the phase (0) specified by a rule in layer data
I1204 04:06:41.247838 1969066752 net.cpp:49] Initializing net from parameters: 
name: "net"
state {
  phase: TEST
}
layer {
  name: "data"
  type: "HDF5Data"
  top: "data"
  top: "labels"
  include {
    phase: TEST
  }
  hdf5_data_param {
    source: "/Users/JonathanLee/Desktop/sandbox/vision/Net/hdf/test_hdf.txt"
    batch_size: 120
  }
}
layer {
  name: "conv1"
  type: "Convolution"
  bottom: "data"
  top: "conv1"
  param {
    lr_mult: 1
    decay_mult: 1
  }
  param {
    lr_mult: 2
    decay_mult: 0
  }
  convolution_param {
    num_output: 16
    kernel_size: 11
    stride: 1
    weight_filler {
      type: "xavier"
    }
    bias_filler {
      type: "constant"
      value: 0
    }
  }
}
layer {
  name: "reluConv1"
  type: "ReLU"
  bottom: "conv1"
  top: "conv1"
}
layer {
  name: "conv2"
  type: "Convolution"
  bottom: "conv1"
  top: "conv2"
  param {
    lr_mult: 1
    decay_mult: 1
  }
  param {
    lr_mult: 2
    decay_mult: 0
  }
  convolution_param {
    num_output: 16
    kernel_size: 11
    stride: 2
    weight_filler {
      type: "xavier"
    }
    bias_filler {
      type: "constant"
      value: 0
    }
  }
}
layer {
  name: "reluConv2"
  type: "ReLU"
  bottom: "conv2"
  top: "conv2"
}
layer {
  name: "fc1"
  type: "InnerProduct"
  bottom: "conv2"
  top: "fc1"
  param {
    lr_mult: 1
    decay_mult: 1
  }
  param {
    lr_mult: 2
    decay_mult: 0
  }
  inner_product_param {
    num_output: 4
    weight_filler {
      type: "xavier"
    }
    bias_filler {
      type: "constant"
      value: 0
    }
  }
}
layer {
  name: "out"
  type: "TanH"
  bottom: "fc1"
  top: "out"
}
layer {
  name: "loss"
  type: "EuclideanLoss"
  bottom: "out"
  bottom: "labels"
  top: "loss"
}
I1204 04:06:41.248066 1969066752 layer_factory.hpp:76] Creating layer data
I1204 04:06:41.248101 1969066752 net.cpp:106] Creating Layer data
I1204 04:06:41.248109 1969066752 net.cpp:411] data -> data
I1204 04:06:41.248122 1969066752 net.cpp:411] data -> labels
I1204 04:06:41.248144 1969066752 hdf5_data_layer.cpp:79] Loading list of HDF5 filenames from: /Users/JonathanLee/Desktop/sandbox/vision/Net/hdf/test_hdf.txt
I1204 04:06:41.248194 1969066752 hdf5_data_layer.cpp:93] Number of HDF5 files: 1
I1204 04:06:41.324692 1969066752 net.cpp:150] Setting up data
I1204 04:06:41.324715 1969066752 net.cpp:157] Top shape: 120 3 125 125 (5625000)
I1204 04:06:41.324726 1969066752 net.cpp:157] Top shape: 120 4 (480)
I1204 04:06:41.324733 1969066752 net.cpp:165] Memory required for data: 22501920
I1204 04:06:41.324741 1969066752 layer_factory.hpp:76] Creating layer conv1
I1204 04:06:41.324776 1969066752 net.cpp:106] Creating Layer conv1
I1204 04:06:41.324792 1969066752 net.cpp:454] conv1 <- data
I1204 04:06:41.324815 1969066752 net.cpp:411] conv1 -> conv1
I1204 04:06:41.324918 1969066752 net.cpp:150] Setting up conv1
I1204 04:06:41.324939 1969066752 net.cpp:157] Top shape: 120 16 115 115 (25392000)
I1204 04:06:41.324945 1969066752 net.cpp:165] Memory required for data: 124069920
I1204 04:06:41.324954 1969066752 layer_factory.hpp:76] Creating layer reluConv1
I1204 04:06:41.324960 1969066752 net.cpp:106] Creating Layer reluConv1
I1204 04:06:41.324964 1969066752 net.cpp:454] reluConv1 <- conv1
I1204 04:06:41.324971 1969066752 net.cpp:397] reluConv1 -> conv1 (in-place)
I1204 04:06:41.324982 1969066752 net.cpp:150] Setting up reluConv1
I1204 04:06:41.325001 1969066752 net.cpp:157] Top shape: 120 16 115 115 (25392000)
I1204 04:06:41.325044 1969066752 net.cpp:165] Memory required for data: 225637920
I1204 04:06:41.325057 1969066752 layer_factory.hpp:76] Creating layer conv2
I1204 04:06:41.325069 1969066752 net.cpp:106] Creating Layer conv2
I1204 04:06:41.325078 1969066752 net.cpp:454] conv2 <- conv1
I1204 04:06:41.325084 1969066752 net.cpp:411] conv2 -> conv2
I1204 04:06:41.325410 1969066752 net.cpp:150] Setting up conv2
I1204 04:06:41.325417 1969066752 net.cpp:157] Top shape: 120 16 53 53 (5393280)
I1204 04:06:41.325423 1969066752 net.cpp:165] Memory required for data: 247211040
I1204 04:06:41.325430 1969066752 layer_factory.hpp:76] Creating layer reluConv2
I1204 04:06:41.325436 1969066752 net.cpp:106] Creating Layer reluConv2
I1204 04:06:41.325440 1969066752 net.cpp:454] reluConv2 <- conv2
I1204 04:06:41.325495 1969066752 net.cpp:397] reluConv2 -> conv2 (in-place)
I1204 04:06:41.325536 1969066752 net.cpp:150] Setting up reluConv2
I1204 04:06:41.325554 1969066752 net.cpp:157] Top shape: 120 16 53 53 (5393280)
I1204 04:06:41.325606 1969066752 net.cpp:165] Memory required for data: 268784160
I1204 04:06:41.325618 1969066752 layer_factory.hpp:76] Creating layer fc1
I1204 04:06:41.325630 1969066752 net.cpp:106] Creating Layer fc1
I1204 04:06:41.325646 1969066752 net.cpp:454] fc1 <- conv2
I1204 04:06:41.325673 1969066752 net.cpp:411] fc1 -> fc1
I1204 04:06:41.327231 1969066752 net.cpp:150] Setting up fc1
I1204 04:06:41.327246 1969066752 net.cpp:157] Top shape: 120 4 (480)
I1204 04:06:41.327251 1969066752 net.cpp:165] Memory required for data: 268786080
I1204 04:06:41.327265 1969066752 layer_factory.hpp:76] Creating layer out
I1204 04:06:41.327271 1969066752 net.cpp:106] Creating Layer out
I1204 04:06:41.327275 1969066752 net.cpp:454] out <- fc1
I1204 04:06:41.327280 1969066752 net.cpp:411] out -> out
I1204 04:06:41.327308 1969066752 net.cpp:150] Setting up out
I1204 04:06:41.327314 1969066752 net.cpp:157] Top shape: 120 4 (480)
I1204 04:06:41.327321 1969066752 net.cpp:165] Memory required for data: 268788000
I1204 04:06:41.327327 1969066752 layer_factory.hpp:76] Creating layer loss
I1204 04:06:41.327345 1969066752 net.cpp:106] Creating Layer loss
I1204 04:06:41.327355 1969066752 net.cpp:454] loss <- out
I1204 04:06:41.327363 1969066752 net.cpp:454] loss <- labels
I1204 04:06:41.327386 1969066752 net.cpp:411] loss -> loss
I1204 04:06:41.327410 1969066752 net.cpp:150] Setting up loss
I1204 04:06:41.327428 1969066752 net.cpp:157] Top shape: (1)
I1204 04:06:41.327451 1969066752 net.cpp:160]     with loss weight 1
I1204 04:06:41.327472 1969066752 net.cpp:165] Memory required for data: 268788004
I1204 04:06:41.327487 1969066752 net.cpp:226] loss needs backward computation.
I1204 04:06:41.327494 1969066752 net.cpp:226] out needs backward computation.
I1204 04:06:41.327512 1969066752 net.cpp:226] fc1 needs backward computation.
I1204 04:06:41.327536 1969066752 net.cpp:226] reluConv2 needs backward computation.
I1204 04:06:41.327561 1969066752 net.cpp:226] conv2 needs backward computation.
I1204 04:06:41.327567 1969066752 net.cpp:226] reluConv1 needs backward computation.
I1204 04:06:41.327574 1969066752 net.cpp:226] conv1 needs backward computation.
I1204 04:06:41.327581 1969066752 net.cpp:228] data does not need backward computation.
I1204 04:06:41.327587 1969066752 net.cpp:270] This network produces output loss
I1204 04:06:41.327596 1969066752 net.cpp:283] Network initialization done.
I1204 04:06:41.327659 1969066752 solver.cpp:59] Solver scaffolding done.
I1204 04:06:41.327715 1969066752 caffe.cpp:212] Starting Optimization
I1204 04:06:41.327723 1969066752 solver.cpp:287] Solving net
I1204 04:06:41.327728 1969066752 solver.cpp:288] Learning Rate Policy: step
I1204 04:06:41.329630 1969066752 solver.cpp:340] Iteration 0, Testing net (#0)
I1204 04:06:43.935789 1969066752 solver.cpp:408]     Test net output #0: loss = 0.31968 (* 1 = 0.31968 loss)
I1204 04:07:11.770944 1969066752 solver.cpp:236] Iteration 0, loss = 0.319886
I1204 04:07:11.770994 1969066752 solver.cpp:252]     Train net output #0: loss = 0.319886 (* 1 = 0.319886 loss)
I1204 04:07:11.771018 1969066752 sgd_solver.cpp:106] Iteration 0, lr = 0.001
I1204 04:07:11.771641 1969066752 solver.cpp:340] Iteration 1, Testing net (#0)
I1204 04:07:14.313798 1969066752 solver.cpp:408]     Test net output #0: loss = 0.244827 (* 1 = 0.244827 loss)
I1204 04:07:39.690922 1969066752 solver.cpp:236] Iteration 1, loss = 0.253962
I1204 04:07:39.690954 1969066752 solver.cpp:252]     Train net output #0: loss = 0.253962 (* 1 = 0.253962 loss)
I1204 04:07:39.690961 1969066752 sgd_solver.cpp:106] Iteration 1, lr = 0.001
I1204 04:07:39.691393 1969066752 solver.cpp:340] Iteration 2, Testing net (#0)
I1204 04:07:41.789239 1969066752 solver.cpp:408]     Test net output #0: loss = 0.227646 (* 1 = 0.227646 loss)
I1204 04:08:04.086066 1969066752 solver.cpp:236] Iteration 2, loss = 0.246243
I1204 04:08:04.086098 1969066752 solver.cpp:252]     Train net output #0: loss = 0.246243 (* 1 = 0.246243 loss)
I1204 04:08:04.086105 1969066752 sgd_solver.cpp:106] Iteration 2, lr = 0.001
I1204 04:08:04.086563 1969066752 solver.cpp:340] Iteration 3, Testing net (#0)
I1204 04:08:06.181762 1969066752 solver.cpp:408]     Test net output #0: loss = 0.239976 (* 1 = 0.239976 loss)
I1204 04:08:31.298430 1969066752 solver.cpp:236] Iteration 3, loss = 0.238256
I1204 04:08:31.298478 1969066752 solver.cpp:252]     Train net output #0: loss = 0.238256 (* 1 = 0.238256 loss)
I1204 04:08:31.298485 1969066752 sgd_solver.cpp:106] Iteration 3, lr = 0.001
I1204 04:08:31.298959 1969066752 solver.cpp:340] Iteration 4, Testing net (#0)
I1204 04:08:33.769325 1969066752 solver.cpp:408]     Test net output #0: loss = 0.224252 (* 1 = 0.224252 loss)
I1204 04:09:00.247429 1969066752 solver.cpp:236] Iteration 4, loss = 0.260323
I1204 04:09:00.247464 1969066752 solver.cpp:252]     Train net output #0: loss = 0.260323 (* 1 = 0.260323 loss)
I1204 04:09:00.247472 1969066752 sgd_solver.cpp:106] Iteration 4, lr = 0.001
I1204 04:09:00.247916 1969066752 solver.cpp:461] Snapshotting to binary proto file weights_iter_5.caffemodel
I1204 04:09:00.260092 1969066752 sgd_solver.cpp:269] Snapshotting solver state to binary proto file weights_iter_5.solverstate
I1204 04:09:00.266139 1969066752 solver.cpp:340] Iteration 5, Testing net (#0)
I1204 04:09:02.893916 1969066752 solver.cpp:408]     Test net output #0: loss = 0.213674 (* 1 = 0.213674 loss)
I1204 04:09:29.697548 1969066752 solver.cpp:236] Iteration 5, loss = 0.222834
I1204 04:09:29.697582 1969066752 solver.cpp:252]     Train net output #0: loss = 0.222834 (* 1 = 0.222834 loss)
I1204 04:09:29.697589 1969066752 sgd_solver.cpp:106] Iteration 5, lr = 0.001
I1204 04:09:29.698083 1969066752 solver.cpp:340] Iteration 6, Testing net (#0)
I1204 04:09:32.193789 1969066752 solver.cpp:408]     Test net output #0: loss = 0.202233 (* 1 = 0.202233 loss)
I1204 04:09:56.276188 1969066752 solver.cpp:236] Iteration 6, loss = 0.211063
I1204 04:09:56.276232 1969066752 solver.cpp:252]     Train net output #0: loss = 0.211063 (* 1 = 0.211063 loss)
I1204 04:09:56.276238 1969066752 sgd_solver.cpp:106] Iteration 6, lr = 0.001
I1204 04:09:56.276679 1969066752 solver.cpp:340] Iteration 7, Testing net (#0)
I1204 04:09:58.406569 1969066752 solver.cpp:408]     Test net output #0: loss = 0.192296 (* 1 = 0.192296 loss)
I1204 04:10:23.843072 1969066752 solver.cpp:236] Iteration 7, loss = 0.205616
I1204 04:10:23.843108 1969066752 solver.cpp:252]     Train net output #0: loss = 0.205616 (* 1 = 0.205616 loss)
I1204 04:10:23.843116 1969066752 sgd_solver.cpp:106] Iteration 7, lr = 0.001
I1204 04:10:23.843760 1969066752 solver.cpp:340] Iteration 8, Testing net (#0)
I1204 04:10:26.346520 1969066752 solver.cpp:408]     Test net output #0: loss = 0.196733 (* 1 = 0.196733 loss)
I1204 04:10:52.903048 1969066752 solver.cpp:236] Iteration 8, loss = 0.203637
I1204 04:10:52.903082 1969066752 solver.cpp:252]     Train net output #0: loss = 0.203637 (* 1 = 0.203637 loss)
I1204 04:10:52.903090 1969066752 sgd_solver.cpp:106] Iteration 8, lr = 0.001
I1204 04:10:52.903589 1969066752 solver.cpp:340] Iteration 9, Testing net (#0)
I1204 04:10:55.422061 1969066752 solver.cpp:408]     Test net output #0: loss = 0.2021 (* 1 = 0.2021 loss)
I1204 04:11:23.106448 1969066752 solver.cpp:236] Iteration 9, loss = 0.21682
I1204 04:11:23.106492 1969066752 solver.cpp:252]     Train net output #0: loss = 0.21682 (* 1 = 0.21682 loss)
I1204 04:11:23.106504 1969066752 sgd_solver.cpp:106] Iteration 9, lr = 0.001
I1204 04:11:23.107086 1969066752 solver.cpp:461] Snapshotting to binary proto file weights_iter_10.caffemodel
I1204 04:11:23.122282 1969066752 sgd_solver.cpp:269] Snapshotting solver state to binary proto file weights_iter_10.solverstate
I1204 04:11:23.147264 1969066752 solver.cpp:340] Iteration 10, Testing net (#0)
I1204 04:11:25.843207 1969066752 solver.cpp:408]     Test net output #0: loss = 0.201472 (* 1 = 0.201472 loss)
I1204 04:11:54.983750 1969066752 solver.cpp:236] Iteration 10, loss = 0.197498
I1204 04:11:54.983816 1969066752 solver.cpp:252]     Train net output #0: loss = 0.197498 (* 1 = 0.197498 loss)
I1204 04:11:54.983825 1969066752 sgd_solver.cpp:106] Iteration 10, lr = 1e-08
I1204 04:11:54.984408 1969066752 solver.cpp:340] Iteration 11, Testing net (#0)
I1204 04:11:57.498071 1969066752 solver.cpp:408]     Test net output #0: loss = 0.204091 (* 1 = 0.204091 loss)
I1204 04:12:24.522399 1969066752 solver.cpp:236] Iteration 11, loss = 0.215322
I1204 04:12:24.522433 1969066752 solver.cpp:252]     Train net output #0: loss = 0.215322 (* 1 = 0.215322 loss)
I1204 04:12:24.522441 1969066752 sgd_solver.cpp:106] Iteration 11, lr = 1e-08
I1204 04:12:24.522910 1969066752 solver.cpp:340] Iteration 12, Testing net (#0)
I1204 04:12:27.090431 1969066752 solver.cpp:408]     Test net output #0: loss = 0.19048 (* 1 = 0.19048 loss)
I1204 04:12:54.239975 1969066752 solver.cpp:236] Iteration 12, loss = 0.192679
I1204 04:12:54.240010 1969066752 solver.cpp:252]     Train net output #0: loss = 0.192679 (* 1 = 0.192679 loss)
I1204 04:12:54.240018 1969066752 sgd_solver.cpp:106] Iteration 12, lr = 1e-08
I1204 04:12:54.240505 1969066752 solver.cpp:340] Iteration 13, Testing net (#0)
I1204 04:12:56.853904 1969066752 solver.cpp:408]     Test net output #0: loss = 0.203659 (* 1 = 0.203659 loss)
I1204 04:13:24.090180 1969066752 solver.cpp:236] Iteration 13, loss = 0.210142
I1204 04:13:24.090226 1969066752 solver.cpp:252]     Train net output #0: loss = 0.210142 (* 1 = 0.210142 loss)
I1204 04:13:24.090234 1969066752 sgd_solver.cpp:106] Iteration 13, lr = 1e-08
I1204 04:13:24.090823 1969066752 solver.cpp:340] Iteration 14, Testing net (#0)
I1204 04:13:26.565294 1969066752 solver.cpp:408]     Test net output #0: loss = 0.199409 (* 1 = 0.199409 loss)
I1204 04:13:53.127045 1969066752 solver.cpp:236] Iteration 14, loss = 0.195889
I1204 04:13:53.127079 1969066752 solver.cpp:252]     Train net output #0: loss = 0.195889 (* 1 = 0.195889 loss)
I1204 04:13:53.127086 1969066752 sgd_solver.cpp:106] Iteration 14, lr = 1e-08
I1204 04:13:53.128520 1969066752 solver.cpp:461] Snapshotting to binary proto file weights_iter_15.caffemodel
I1204 04:13:53.141652 1969066752 sgd_solver.cpp:269] Snapshotting solver state to binary proto file weights_iter_15.solverstate
I1204 04:13:53.146203 1969066752 solver.cpp:340] Iteration 15, Testing net (#0)
I1204 04:13:55.551897 1969066752 solver.cpp:408]     Test net output #0: loss = 0.183462 (* 1 = 0.183462 loss)
I1204 04:14:22.301509 1969066752 solver.cpp:236] Iteration 15, loss = 0.20508
I1204 04:14:22.301548 1969066752 solver.cpp:252]     Train net output #0: loss = 0.20508 (* 1 = 0.20508 loss)
I1204 04:14:22.301558 1969066752 sgd_solver.cpp:106] Iteration 15, lr = 1e-08
I1204 04:14:22.302109 1969066752 solver.cpp:340] Iteration 16, Testing net (#0)
I1204 04:14:24.887532 1969066752 solver.cpp:408]     Test net output #0: loss = 0.19866 (* 1 = 0.19866 loss)
I1204 04:14:48.611901 1969066752 solver.cpp:236] Iteration 16, loss = 0.202282
I1204 04:14:48.611946 1969066752 solver.cpp:252]     Train net output #0: loss = 0.202282 (* 1 = 0.202282 loss)
I1204 04:14:48.611953 1969066752 sgd_solver.cpp:106] Iteration 16, lr = 1e-08
I1204 04:14:48.612468 1969066752 solver.cpp:340] Iteration 17, Testing net (#0)
I1204 04:14:50.854161 1969066752 solver.cpp:408]     Test net output #0: loss = 0.198406 (* 1 = 0.198406 loss)
I1204 04:15:13.077141 1969066752 solver.cpp:236] Iteration 17, loss = 0.199221
I1204 04:15:13.077191 1969066752 solver.cpp:252]     Train net output #0: loss = 0.199221 (* 1 = 0.199221 loss)
I1204 04:15:13.077201 1969066752 sgd_solver.cpp:106] Iteration 17, lr = 1e-08
I1204 04:15:13.077874 1969066752 solver.cpp:340] Iteration 18, Testing net (#0)
I1204 04:15:15.288369 1969066752 solver.cpp:408]     Test net output #0: loss = 0.207122 (* 1 = 0.207122 loss)
I1204 04:15:37.587707 1969066752 solver.cpp:236] Iteration 18, loss = 0.21011
I1204 04:15:37.587746 1969066752 solver.cpp:252]     Train net output #0: loss = 0.21011 (* 1 = 0.21011 loss)
I1204 04:15:37.587754 1969066752 sgd_solver.cpp:106] Iteration 18, lr = 1e-08
I1204 04:15:37.588192 1969066752 solver.cpp:340] Iteration 19, Testing net (#0)
I1204 04:15:39.719502 1969066752 solver.cpp:408]     Test net output #0: loss = 0.193217 (* 1 = 0.193217 loss)
I1204 04:16:02.228243 1969066752 solver.cpp:236] Iteration 19, loss = 0.192523
I1204 04:16:02.228276 1969066752 solver.cpp:252]     Train net output #0: loss = 0.192523 (* 1 = 0.192523 loss)
I1204 04:16:02.228282 1969066752 sgd_solver.cpp:106] Iteration 19, lr = 1e-08
I1204 04:16:02.228703 1969066752 solver.cpp:461] Snapshotting to binary proto file weights_iter_20.caffemodel
I1204 04:16:02.238243 1969066752 sgd_solver.cpp:269] Snapshotting solver state to binary proto file weights_iter_20.solverstate
I1204 04:16:02.242255 1969066752 solver.cpp:340] Iteration 20, Testing net (#0)
I1204 04:16:04.360626 1969066752 solver.cpp:408]     Test net output #0: loss = 0.202931 (* 1 = 0.202931 loss)
I1204 04:16:26.901360 1969066752 solver.cpp:236] Iteration 20, loss = 0.211035
I1204 04:16:26.901422 1969066752 solver.cpp:252]     Train net output #0: loss = 0.211035 (* 1 = 0.211035 loss)
I1204 04:16:26.901430 1969066752 sgd_solver.cpp:106] Iteration 20, lr = 1e-13
I1204 04:16:26.901880 1969066752 solver.cpp:340] Iteration 21, Testing net (#0)
I1204 04:16:29.062243 1969066752 solver.cpp:408]     Test net output #0: loss = 0.195611 (* 1 = 0.195611 loss)
I1204 04:16:51.127135 1969066752 solver.cpp:236] Iteration 21, loss = 0.19553
I1204 04:16:51.127167 1969066752 solver.cpp:252]     Train net output #0: loss = 0.19553 (* 1 = 0.19553 loss)
I1204 04:16:51.127174 1969066752 sgd_solver.cpp:106] Iteration 21, lr = 1e-13
I1204 04:16:51.127645 1969066752 solver.cpp:340] Iteration 22, Testing net (#0)
I1204 04:16:53.255246 1969066752 solver.cpp:408]     Test net output #0: loss = 0.190146 (* 1 = 0.190146 loss)
I1204 04:17:15.510987 1969066752 solver.cpp:236] Iteration 22, loss = 0.208458
I1204 04:17:15.511045 1969066752 solver.cpp:252]     Train net output #0: loss = 0.208458 (* 1 = 0.208458 loss)
I1204 04:17:15.511056 1969066752 sgd_solver.cpp:106] Iteration 22, lr = 1e-13
I1204 04:17:15.511611 1969066752 solver.cpp:340] Iteration 23, Testing net (#0)
I1204 04:17:17.650990 1969066752 solver.cpp:408]     Test net output #0: loss = 0.203593 (* 1 = 0.203593 loss)
I1204 04:17:43.931826 1969066752 solver.cpp:236] Iteration 23, loss = 0.192602
I1204 04:17:43.931860 1969066752 solver.cpp:252]     Train net output #0: loss = 0.192602 (* 1 = 0.192602 loss)
I1204 04:17:43.931867 1969066752 sgd_solver.cpp:106] Iteration 23, lr = 1e-13
I1204 04:17:43.932329 1969066752 solver.cpp:340] Iteration 24, Testing net (#0)
I1204 04:17:46.494336 1969066752 solver.cpp:408]     Test net output #0: loss = 0.19052 (* 1 = 0.19052 loss)
